[2025-08-04 09:40:53.591] [INFO ] [restartedMain] com.project.TeamProjectApplication Starting TeamProjectApplication using Java 17.0.14 with PID 13392 (C:\Users\JA306\git\TeamProject_main\Project\backend\target\classes started by JA306 in C:\Users\JA306\git\TeamProject_main\Project\backend)
[2025-08-04 09:40:53.598] [INFO ] [restartedMain] com.project.TeamProjectApplication No active profile set, falling back to 1 default profile: "default"
[2025-08-04 09:40:53.656] [INFO ] [restartedMain] org.springframework.boot.devtools.env.DevToolsPropertyDefaultsPostProcessor Devtools property defaults active! Set 'spring.devtools.add-properties' to 'false' to disable
[2025-08-04 09:40:53.656] [INFO ] [restartedMain] org.springframework.boot.devtools.env.DevToolsPropertyDefaultsPostProcessor For additional web related logging consider setting the 'logging.level.web' property to 'DEBUG'
[2025-08-04 09:40:54.989] [INFO ] [restartedMain] org.springframework.data.repository.config.RepositoryConfigurationDelegate Bootstrapping Spring Data JPA repositories in DEFAULT mode.
[2025-08-04 09:40:55.120] [INFO ] [restartedMain] org.springframework.data.repository.config.RepositoryConfigurationDelegate Finished Spring Data repository scanning in 119 ms. Found 5 JPA repository interfaces.
[2025-08-04 09:40:55.449] [INFO ] [restartedMain] com.ulisesbocchio.jasyptspringboot.configuration.EnableEncryptablePropertiesBeanFactoryPostProcessor Post-processing PropertySource instances
[2025-08-04 09:40:55.449] [INFO ] [restartedMain] com.ulisesbocchio.jasyptspringboot.EncryptablePropertySourceConverter Skipping PropertySource configurationProperties [class org.springframework.boot.context.properties.source.ConfigurationPropertySourcesPropertySource
[2025-08-04 09:40:55.451] [INFO ] [restartedMain] com.ulisesbocchio.jasyptspringboot.EncryptablePropertySourceConverter Skipping PropertySource servletConfigInitParams [class org.springframework.core.env.PropertySource$StubPropertySource
[2025-08-04 09:40:55.451] [INFO ] [restartedMain] com.ulisesbocchio.jasyptspringboot.EncryptablePropertySourceConverter Skipping PropertySource servletContextInitParams [class org.springframework.core.env.PropertySource$StubPropertySource
[2025-08-04 09:40:55.452] [INFO ] [restartedMain] com.ulisesbocchio.jasyptspringboot.EncryptablePropertySourceConverter Converting PropertySource systemProperties [org.springframework.core.env.PropertiesPropertySource] to EncryptableMapPropertySourceWrapper
[2025-08-04 09:40:55.452] [INFO ] [restartedMain] com.ulisesbocchio.jasyptspringboot.EncryptablePropertySourceConverter Converting PropertySource systemEnvironment [org.springframework.boot.env.SystemEnvironmentPropertySourceEnvironmentPostProcessor$OriginAwareSystemEnvironmentPropertySource] to EncryptableSystemEnvironmentPropertySourceWrapper
[2025-08-04 09:40:55.452] [INFO ] [restartedMain] com.ulisesbocchio.jasyptspringboot.EncryptablePropertySourceConverter Converting PropertySource random [org.springframework.boot.env.RandomValuePropertySource] to EncryptablePropertySourceWrapper
[2025-08-04 09:40:55.452] [INFO ] [restartedMain] com.ulisesbocchio.jasyptspringboot.EncryptablePropertySourceConverter Converting PropertySource Config resource 'class path resource [application.properties]' via location 'optional:classpath:/' [org.springframework.boot.env.OriginTrackedMapPropertySource] to EncryptableMapPropertySourceWrapper
[2025-08-04 09:40:55.453] [INFO ] [restartedMain] com.ulisesbocchio.jasyptspringboot.EncryptablePropertySourceConverter Converting PropertySource devtools [org.springframework.core.env.MapPropertySource] to EncryptableMapPropertySourceWrapper
[2025-08-04 09:40:55.453] [INFO ] [restartedMain] com.ulisesbocchio.jasyptspringboot.EncryptablePropertySourceConverter Converting PropertySource applicationInfo [org.springframework.boot.ApplicationInfoPropertySource] to EncryptableMapPropertySourceWrapper
[2025-08-04 09:40:55.636] [INFO ] [restartedMain] com.ulisesbocchio.jasyptspringboot.filter.DefaultLazyPropertyFilter Property Filter custom Bean not found with name 'encryptablePropertyFilter'. Initializing Default Property Filter
[2025-08-04 09:40:55.646] [INFO ] [restartedMain] com.ulisesbocchio.jasyptspringboot.resolver.DefaultLazyPropertyResolver Property Resolver custom Bean not found with name 'encryptablePropertyResolver'. Initializing Default Property Resolver
[2025-08-04 09:40:55.649] [INFO ] [restartedMain] com.ulisesbocchio.jasyptspringboot.detector.DefaultLazyPropertyDetector Property Detector custom Bean not found with name 'encryptablePropertyDetector'. Initializing Default Property Detector
[2025-08-04 09:40:55.932] [INFO ] [restartedMain] org.springframework.boot.web.embedded.tomcat.TomcatWebServer Tomcat initialized with port 8090 (http)
[2025-08-04 09:40:55.952] [INFO ] [restartedMain] org.apache.coyote.http11.Http11NioProtocol Initializing ProtocolHandler ["http-nio-8090"]
[2025-08-04 09:40:55.954] [INFO ] [restartedMain] org.apache.catalina.core.StandardService Starting service [Tomcat]
[2025-08-04 09:40:55.955] [INFO ] [restartedMain] org.apache.catalina.core.StandardEngine Starting Servlet engine: [Apache Tomcat/10.1.42]
[2025-08-04 09:40:56.050] [INFO ] [restartedMain] org.apache.catalina.core.ContainerBase.[Tomcat].[localhost].[/] Initializing Spring embedded WebApplicationContext
[2025-08-04 09:40:56.050] [INFO ] [restartedMain] org.springframework.boot.web.servlet.context.ServletWebServerApplicationContext Root WebApplicationContext: initialization completed in 2393 ms
[2025-08-04 09:40:56.288] [INFO ] [restartedMain] org.hibernate.jpa.internal.util.LogHelper HHH000204: Processing PersistenceUnitInfo [name: default]
[2025-08-04 09:40:56.383] [INFO ] [restartedMain] org.hibernate.Version HHH000412: Hibernate ORM core version 6.6.18.Final
[2025-08-04 09:40:56.434] [INFO ] [restartedMain] org.hibernate.cache.internal.RegionFactoryInitiator HHH000026: Second-level cache disabled
[2025-08-04 09:40:56.837] [INFO ] [restartedMain] org.springframework.orm.jpa.persistenceunit.SpringPersistenceUnitInfo No LoadTimeWeaver setup: ignoring JPA class transformer
[2025-08-04 09:40:56.883] [INFO ] [restartedMain] com.zaxxer.hikari.HikariDataSource HikariPool-1 - Starting...
[2025-08-04 09:40:57.004] [INFO ] [restartedMain] com.zaxxer.hikari.pool.HikariPool HikariPool-1 - Added connection org.mariadb.jdbc.Connection@64c4f878
[2025-08-04 09:40:57.007] [INFO ] [restartedMain] com.zaxxer.hikari.HikariDataSource HikariPool-1 - Start completed.
[2025-08-04 09:40:57.042] [WARN ] [restartedMain] org.hibernate.orm.deprecation HHH90000025: MariaDBDialect does not need to be specified explicitly using 'hibernate.dialect' (remove the property setting and it will be selected by default)
[2025-08-04 09:40:57.068] [INFO ] [restartedMain] org.hibernate.orm.connections.pooling HHH10001005: Database info:
	Database JDBC URL [Connecting through datasource 'HikariDataSource (HikariPool-1)']
	Database driver: undefined/unknown
	Database version: 10.6.22
	Autocommit mode: undefined/unknown
	Isolation level: undefined/unknown
	Minimum pool size: undefined/unknown
	Maximum pool size: undefined/unknown
[2025-08-04 09:40:58.180] [INFO ] [restartedMain] org.hibernate.engine.transaction.jta.platform.internal.JtaPlatformInitiator HHH000489: No JTA platform available (set 'hibernate.transaction.jta.platform' to enable JTA platform integration)
[2025-08-04 09:40:58.263] [INFO ] [restartedMain] org.springframework.orm.jpa.LocalContainerEntityManagerFactoryBean Initialized JPA EntityManagerFactory for persistence unit 'default'
[2025-08-04 09:40:58.870] [WARN ] [restartedMain] org.springframework.boot.autoconfigure.orm.jpa.JpaBaseConfiguration$JpaWebConfiguration spring.jpa.open-in-view is enabled by default. Therefore, database queries may be performed during view rendering. Explicitly configure spring.jpa.open-in-view to disable this warning
[2025-08-04 09:40:59.227] [INFO ] [restartedMain] org.springframework.validation.beanvalidation.OptionalValidatorFactoryBean Failed to set up a Bean Validation provider: jakarta.validation.NoProviderFoundException: Unable to create a Configuration, because no Jakarta Bean Validation provider could be found. Add a provider like Hibernate Validator (RI) to your classpath.
[2025-08-04 09:40:59.288] [INFO ] [restartedMain] org.springframework.data.jpa.repository.query.QueryEnhancerFactory Hibernate is in classpath; If applicable, HQL parser will be used.
[2025-08-04 09:40:59.942] [INFO ] [restartedMain] org.springframework.boot.autoconfigure.h2.H2ConsoleAutoConfiguration H2 console available at '/h2-console'. Database available at 'jdbc:mariadb://localhost/project?user=root&password=***'
[2025-08-04 09:41:00.096] [INFO ] [restartedMain] org.springframework.boot.devtools.autoconfigure.OptionalLiveReloadServer LiveReload server is running on port 35729
[2025-08-04 09:41:00.120] [INFO ] [restartedMain] org.apache.coyote.http11.Http11NioProtocol Starting ProtocolHandler ["http-nio-8090"]
[2025-08-04 09:41:00.152] [INFO ] [restartedMain] org.springframework.boot.web.embedded.tomcat.TomcatWebServer Tomcat started on port 8090 (http) with context path '/'
[2025-08-04 09:41:00.154] [INFO ] [restartedMain] com.ulisesbocchio.jasyptspringboot.caching.RefreshScopeRefreshedEventListener Refreshing cached encryptable property sources on ServletWebServerInitializedEvent
[2025-08-04 09:41:00.154] [INFO ] [restartedMain] com.ulisesbocchio.jasyptspringboot.caching.CachingDelegateEncryptablePropertySource Property Source systemProperties refreshed
[2025-08-04 09:41:00.154] [INFO ] [restartedMain] com.ulisesbocchio.jasyptspringboot.caching.CachingDelegateEncryptablePropertySource Property Source systemEnvironment refreshed
[2025-08-04 09:41:00.154] [INFO ] [restartedMain] com.ulisesbocchio.jasyptspringboot.caching.CachingDelegateEncryptablePropertySource Property Source random refreshed
[2025-08-04 09:41:00.154] [INFO ] [restartedMain] com.ulisesbocchio.jasyptspringboot.caching.CachingDelegateEncryptablePropertySource Property Source Config resource 'class path resource [application.properties]' via location 'optional:classpath:/' refreshed
[2025-08-04 09:41:00.155] [INFO ] [restartedMain] com.ulisesbocchio.jasyptspringboot.caching.CachingDelegateEncryptablePropertySource Property Source devtools refreshed
[2025-08-04 09:41:00.155] [INFO ] [restartedMain] com.ulisesbocchio.jasyptspringboot.caching.CachingDelegateEncryptablePropertySource Property Source applicationInfo refreshed
[2025-08-04 09:41:00.155] [INFO ] [restartedMain] com.ulisesbocchio.jasyptspringboot.EncryptablePropertySourceConverter Skipping PropertySource configurationProperties [class org.springframework.boot.context.properties.source.ConfigurationPropertySourcesPropertySource
[2025-08-04 09:41:00.155] [INFO ] [restartedMain] com.ulisesbocchio.jasyptspringboot.EncryptablePropertySourceConverter Skipping PropertySource servletConfigInitParams [class org.springframework.core.env.PropertySource$StubPropertySource
[2025-08-04 09:41:00.155] [INFO ] [restartedMain] com.ulisesbocchio.jasyptspringboot.EncryptablePropertySourceConverter Converting PropertySource servletContextInitParams [org.springframework.web.context.support.ServletContextPropertySource] to EncryptableEnumerablePropertySourceWrapper
[2025-08-04 09:41:00.169] [INFO ] [restartedMain] com.project.TeamProjectApplication Started TeamProjectApplication in 7.28 seconds (process running for 8.589)
[2025-08-04 09:43:18.851] [INFO ] [File Watcher] org.springframework.boot.devtools.autoconfigure.LocalDevToolsAutoConfiguration$RestartingClassPathChangeChangedEventListener Restarting due to 1 class path change (0 additions, 0 deletions, 1 modification)
[2025-08-04 09:43:18.856] [INFO ] [Thread-5] org.springframework.boot.web.embedded.tomcat.GracefulShutdown Commencing graceful shutdown. Waiting for active requests to complete
[2025-08-04 09:43:18.857] [INFO ] [tomcat-shutdown] org.apache.coyote.http11.Http11NioProtocol Pausing ProtocolHandler ["http-nio-8090"]
[2025-08-04 09:43:19.081] [INFO ] [tomcat-shutdown] org.springframework.boot.web.embedded.tomcat.GracefulShutdown Graceful shutdown complete
[2025-08-04 09:43:19.082] [INFO ] [Thread-5] org.apache.coyote.http11.Http11NioProtocol Stopping ProtocolHandler ["http-nio-8090"]
[2025-08-04 09:43:19.091] [INFO ] [Thread-5] org.springframework.orm.jpa.LocalContainerEntityManagerFactoryBean Closing JPA EntityManagerFactory for persistence unit 'default'
[2025-08-04 09:43:19.097] [INFO ] [Thread-5] com.zaxxer.hikari.HikariDataSource HikariPool-1 - Shutdown initiated...
[2025-08-04 09:43:19.103] [INFO ] [Thread-5] com.zaxxer.hikari.HikariDataSource HikariPool-1 - Shutdown completed.
[2025-08-04 09:43:19.261] [INFO ] [restartedMain] com.project.TeamProjectApplication Starting TeamProjectApplication using Java 17.0.14 with PID 13392 (C:\Users\JA306\git\TeamProject_main\Project\backend\target\classes started by JA306 in C:\Users\JA306\git\TeamProject_main\Project\backend)
[2025-08-04 09:43:19.262] [INFO ] [restartedMain] com.project.TeamProjectApplication No active profile set, falling back to 1 default profile: "default"
[2025-08-04 09:43:19.787] [INFO ] [restartedMain] org.springframework.data.repository.config.RepositoryConfigurationDelegate Bootstrapping Spring Data JPA repositories in DEFAULT mode.
[2025-08-04 09:43:19.860] [INFO ] [restartedMain] org.springframework.data.repository.config.RepositoryConfigurationDelegate Finished Spring Data repository scanning in 71 ms. Found 5 JPA repository interfaces.
[2025-08-04 09:43:19.955] [INFO ] [restartedMain] com.ulisesbocchio.jasyptspringboot.configuration.EnableEncryptablePropertiesBeanFactoryPostProcessor Post-processing PropertySource instances
[2025-08-04 09:43:19.955] [INFO ] [restartedMain] com.ulisesbocchio.jasyptspringboot.EncryptablePropertySourceConverter Skipping PropertySource configurationProperties [class org.springframework.boot.context.properties.source.ConfigurationPropertySourcesPropertySource
[2025-08-04 09:43:19.956] [INFO ] [restartedMain] com.ulisesbocchio.jasyptspringboot.EncryptablePropertySourceConverter Skipping PropertySource servletConfigInitParams [class org.springframework.core.env.PropertySource$StubPropertySource
[2025-08-04 09:43:19.956] [INFO ] [restartedMain] com.ulisesbocchio.jasyptspringboot.EncryptablePropertySourceConverter Skipping PropertySource servletContextInitParams [class org.springframework.core.env.PropertySource$StubPropertySource
[2025-08-04 09:43:19.956] [INFO ] [restartedMain] com.ulisesbocchio.jasyptspringboot.EncryptablePropertySourceConverter Converting PropertySource systemProperties [org.springframework.core.env.PropertiesPropertySource] to EncryptableMapPropertySourceWrapper
[2025-08-04 09:43:19.956] [INFO ] [restartedMain] com.ulisesbocchio.jasyptspringboot.EncryptablePropertySourceConverter Converting PropertySource systemEnvironment [org.springframework.boot.env.SystemEnvironmentPropertySourceEnvironmentPostProcessor$OriginAwareSystemEnvironmentPropertySource] to EncryptableSystemEnvironmentPropertySourceWrapper
[2025-08-04 09:43:19.956] [INFO ] [restartedMain] com.ulisesbocchio.jasyptspringboot.EncryptablePropertySourceConverter Converting PropertySource random [org.springframework.boot.env.RandomValuePropertySource] to EncryptablePropertySourceWrapper
[2025-08-04 09:43:19.956] [INFO ] [restartedMain] com.ulisesbocchio.jasyptspringboot.EncryptablePropertySourceConverter Converting PropertySource Config resource 'class path resource [application.properties]' via location 'optional:classpath:/' [org.springframework.boot.env.OriginTrackedMapPropertySource] to EncryptableMapPropertySourceWrapper
[2025-08-04 09:43:19.956] [INFO ] [restartedMain] com.ulisesbocchio.jasyptspringboot.EncryptablePropertySourceConverter Converting PropertySource devtools [org.springframework.core.env.MapPropertySource] to EncryptableMapPropertySourceWrapper
[2025-08-04 09:43:19.956] [INFO ] [restartedMain] com.ulisesbocchio.jasyptspringboot.EncryptablePropertySourceConverter Converting PropertySource applicationInfo [org.springframework.boot.ApplicationInfoPropertySource] to EncryptableMapPropertySourceWrapper
[2025-08-04 09:43:19.973] [INFO ] [restartedMain] com.ulisesbocchio.jasyptspringboot.filter.DefaultLazyPropertyFilter Property Filter custom Bean not found with name 'encryptablePropertyFilter'. Initializing Default Property Filter
[2025-08-04 09:43:19.975] [INFO ] [restartedMain] com.ulisesbocchio.jasyptspringboot.resolver.DefaultLazyPropertyResolver Property Resolver custom Bean not found with name 'encryptablePropertyResolver'. Initializing Default Property Resolver
[2025-08-04 09:43:19.975] [INFO ] [restartedMain] com.ulisesbocchio.jasyptspringboot.detector.DefaultLazyPropertyDetector Property Detector custom Bean not found with name 'encryptablePropertyDetector'. Initializing Default Property Detector
[2025-08-04 09:43:20.024] [INFO ] [restartedMain] org.springframework.boot.web.embedded.tomcat.TomcatWebServer Tomcat initialized with port 8090 (http)
[2025-08-04 09:43:20.025] [INFO ] [restartedMain] org.apache.coyote.http11.Http11NioProtocol Initializing ProtocolHandler ["http-nio-8090"]
[2025-08-04 09:43:20.026] [INFO ] [restartedMain] org.apache.catalina.core.StandardService Starting service [Tomcat]
[2025-08-04 09:43:20.026] [INFO ] [restartedMain] org.apache.catalina.core.StandardEngine Starting Servlet engine: [Apache Tomcat/10.1.42]
[2025-08-04 09:43:20.112] [INFO ] [restartedMain] org.apache.catalina.core.ContainerBase.[Tomcat].[localhost].[/] Initializing Spring embedded WebApplicationContext
[2025-08-04 09:43:20.112] [INFO ] [restartedMain] org.springframework.boot.web.servlet.context.ServletWebServerApplicationContext Root WebApplicationContext: initialization completed in 843 ms
[2025-08-04 09:43:20.202] [INFO ] [restartedMain] org.hibernate.jpa.internal.util.LogHelper HHH000204: Processing PersistenceUnitInfo [name: default]
[2025-08-04 09:43:20.215] [INFO ] [restartedMain] org.hibernate.cache.internal.RegionFactoryInitiator HHH000026: Second-level cache disabled
[2025-08-04 09:43:20.241] [INFO ] [restartedMain] org.springframework.orm.jpa.persistenceunit.SpringPersistenceUnitInfo No LoadTimeWeaver setup: ignoring JPA class transformer
[2025-08-04 09:43:20.245] [INFO ] [restartedMain] com.zaxxer.hikari.HikariDataSource HikariPool-2 - Starting...
[2025-08-04 09:43:20.251] [INFO ] [restartedMain] com.zaxxer.hikari.pool.HikariPool HikariPool-2 - Added connection org.mariadb.jdbc.Connection@43357794
[2025-08-04 09:43:20.251] [INFO ] [restartedMain] com.zaxxer.hikari.HikariDataSource HikariPool-2 - Start completed.
[2025-08-04 09:43:20.253] [WARN ] [restartedMain] org.hibernate.orm.deprecation HHH90000025: MariaDBDialect does not need to be specified explicitly using 'hibernate.dialect' (remove the property setting and it will be selected by default)
[2025-08-04 09:43:20.254] [INFO ] [restartedMain] org.hibernate.orm.connections.pooling HHH10001005: Database info:
	Database JDBC URL [Connecting through datasource 'HikariDataSource (HikariPool-2)']
	Database driver: undefined/unknown
	Database version: 10.6.22
	Autocommit mode: undefined/unknown
	Isolation level: undefined/unknown
	Minimum pool size: undefined/unknown
	Maximum pool size: undefined/unknown
[2025-08-04 09:43:20.413] [INFO ] [restartedMain] org.hibernate.engine.transaction.jta.platform.internal.JtaPlatformInitiator HHH000489: No JTA platform available (set 'hibernate.transaction.jta.platform' to enable JTA platform integration)
[2025-08-04 09:43:20.434] [INFO ] [restartedMain] org.springframework.orm.jpa.LocalContainerEntityManagerFactoryBean Initialized JPA EntityManagerFactory for persistence unit 'default'
[2025-08-04 09:43:20.606] [WARN ] [restartedMain] org.springframework.boot.web.servlet.context.AnnotationConfigServletWebServerApplicationContext Exception encountered during context initialization - cancelling refresh attempt: org.springframework.beans.factory.BeanCreationException: Error creating bean with name 'holidayApiService': Injection of autowired dependencies failed
[2025-08-04 09:43:20.607] [INFO ] [restartedMain] org.springframework.orm.jpa.LocalContainerEntityManagerFactoryBean Closing JPA EntityManagerFactory for persistence unit 'default'
[2025-08-04 09:43:20.607] [INFO ] [restartedMain] com.zaxxer.hikari.HikariDataSource HikariPool-2 - Shutdown initiated...
[2025-08-04 09:43:20.625] [INFO ] [restartedMain] com.zaxxer.hikari.HikariDataSource HikariPool-2 - Shutdown completed.
[2025-08-04 09:43:20.626] [INFO ] [restartedMain] org.apache.catalina.core.StandardService Stopping service [Tomcat]
[2025-08-04 09:43:20.636] [INFO ] [restartedMain] org.springframework.boot.autoconfigure.logging.ConditionEvaluationReportLogger 

Error starting ApplicationContext. To display the condition evaluation report re-run your application with 'debug' enabled.
[2025-08-04 09:43:20.671] [ERROR] [restartedMain] org.springframework.boot.SpringApplication Application run failed
org.springframework.beans.factory.BeanCreationException: Error creating bean with name 'holidayApiService': Injection of autowired dependencies failed
	at org.springframework.beans.factory.annotation.AutowiredAnnotationBeanPostProcessor.postProcessProperties(AutowiredAnnotationBeanPostProcessor.java:515)
	at org.springframework.beans.factory.support.AbstractAutowireCapableBeanFactory.populateBean(AbstractAutowireCapableBeanFactory.java:1459)
	at org.springframework.beans.factory.support.AbstractAutowireCapableBeanFactory.doCreateBean(AbstractAutowireCapableBeanFactory.java:606)
	at org.springframework.beans.factory.support.AbstractAutowireCapableBeanFactory.createBean(AbstractAutowireCapableBeanFactory.java:529)
	at org.springframework.beans.factory.support.AbstractBeanFactory.lambda$doGetBean$0(AbstractBeanFactory.java:339)
	at org.springframework.beans.factory.support.DefaultSingletonBeanRegistry.getSingleton(DefaultSingletonBeanRegistry.java:373)
	at org.springframework.beans.factory.support.AbstractBeanFactory.doGetBean(AbstractBeanFactory.java:337)
	at org.springframework.beans.factory.support.AbstractBeanFactory.getBean(AbstractBeanFactory.java:202)
	at org.springframework.beans.factory.support.DefaultListableBeanFactory.instantiateSingleton(DefaultListableBeanFactory.java:1222)
	at org.springframework.beans.factory.support.DefaultListableBeanFactory.preInstantiateSingleton(DefaultListableBeanFactory.java:1188)
	at org.springframework.beans.factory.support.DefaultListableBeanFactory.preInstantiateSingletons(DefaultListableBeanFactory.java:1123)
	at org.springframework.context.support.AbstractApplicationContext.finishBeanFactoryInitialization(AbstractApplicationContext.java:987)
	at org.springframework.context.support.AbstractApplicationContext.refresh(AbstractApplicationContext.java:627)
	at org.springframework.boot.web.servlet.context.ServletWebServerApplicationContext.refresh(ServletWebServerApplicationContext.java:146)
	at org.springframework.boot.SpringApplication.refresh(SpringApplication.java:752)
	at org.springframework.boot.SpringApplication.refreshContext(SpringApplication.java:439)
	at org.springframework.boot.SpringApplication.run(SpringApplication.java:318)
	at org.springframework.boot.SpringApplication.run(SpringApplication.java:1361)
	at org.springframework.boot.SpringApplication.run(SpringApplication.java:1350)
	at com.project.TeamProjectApplication.main(TeamProjectApplication.java:11)
	at java.base/jdk.internal.reflect.NativeMethodAccessorImpl.invoke0(Native Method)
	at java.base/jdk.internal.reflect.NativeMethodAccessorImpl.invoke(NativeMethodAccessorImpl.java:77)
	at java.base/jdk.internal.reflect.DelegatingMethodAccessorImpl.invoke(DelegatingMethodAccessorImpl.java:43)
	at java.base/java.lang.reflect.Method.invoke(Method.java:568)
	at org.springframework.boot.devtools.restart.RestartLauncher.run(RestartLauncher.java:50)
Caused by: org.springframework.util.PlaceholderResolutionException: Could not resolve placeholder 'holiday.api.key' in value "${holiday.api.key}"
	at org.springframework.util.PlaceholderResolutionException.withValue(PlaceholderResolutionException.java:81)
	at org.springframework.util.PlaceholderParser$ParsedValue.resolve(PlaceholderParser.java:423)
	at org.springframework.util.PlaceholderParser.replacePlaceholders(PlaceholderParser.java:128)
	at org.springframework.util.PropertyPlaceholderHelper.parseStringValue(PropertyPlaceholderHelper.java:118)
	at org.springframework.util.PropertyPlaceholderHelper.replacePlaceholders(PropertyPlaceholderHelper.java:114)
	at org.springframework.core.env.AbstractPropertyResolver.doResolvePlaceholders(AbstractPropertyResolver.java:293)
	at org.springframework.core.env.AbstractPropertyResolver.resolveRequiredPlaceholders(AbstractPropertyResolver.java:264)
	at org.springframework.context.support.PropertySourcesPlaceholderConfigurer.lambda$processProperties$0(PropertySourcesPlaceholderConfigurer.java:186)
	at org.springframework.beans.factory.support.AbstractBeanFactory.resolveEmbeddedValue(AbstractBeanFactory.java:971)
	at org.springframework.beans.factory.support.DefaultListableBeanFactory.doResolveDependency(DefaultListableBeanFactory.java:1650)
	at org.springframework.beans.factory.support.DefaultListableBeanFactory.resolveDependency(DefaultListableBeanFactory.java:1628)
	at org.springframework.beans.factory.annotation.AutowiredAnnotationBeanPostProcessor$AutowiredFieldElement.resolveFieldValue(AutowiredAnnotationBeanPostProcessor.java:785)
	at org.springframework.beans.factory.annotation.AutowiredAnnotationBeanPostProcessor$AutowiredFieldElement.inject(AutowiredAnnotationBeanPostProcessor.java:768)
	at org.springframework.beans.factory.annotation.InjectionMetadata.inject(InjectionMetadata.java:146)
	at org.springframework.beans.factory.annotation.AutowiredAnnotationBeanPostProcessor.postProcessProperties(AutowiredAnnotationBeanPostProcessor.java:509)
	... 24 common frames omitted
[2025-08-04 09:43:22.371] [INFO ] [restartedMain] com.project.TeamProjectApplication Starting TeamProjectApplication using Java 17.0.14 with PID 13392 (C:\Users\JA306\git\TeamProject_main\Project\backend\target\classes started by JA306 in C:\Users\JA306\git\TeamProject_main\Project\backend)
[2025-08-04 09:43:22.371] [INFO ] [restartedMain] com.project.TeamProjectApplication No active profile set, falling back to 1 default profile: "default"
[2025-08-04 09:43:22.869] [INFO ] [restartedMain] org.springframework.data.repository.config.RepositoryConfigurationDelegate Bootstrapping Spring Data JPA repositories in DEFAULT mode.
[2025-08-04 09:43:22.945] [INFO ] [restartedMain] org.springframework.data.repository.config.RepositoryConfigurationDelegate Finished Spring Data repository scanning in 74 ms. Found 5 JPA repository interfaces.
[2025-08-04 09:43:23.048] [INFO ] [restartedMain] com.ulisesbocchio.jasyptspringboot.configuration.EnableEncryptablePropertiesBeanFactoryPostProcessor Post-processing PropertySource instances
[2025-08-04 09:43:23.049] [INFO ] [restartedMain] com.ulisesbocchio.jasyptspringboot.EncryptablePropertySourceConverter Skipping PropertySource configurationProperties [class org.springframework.boot.context.properties.source.ConfigurationPropertySourcesPropertySource
[2025-08-04 09:43:23.049] [INFO ] [restartedMain] com.ulisesbocchio.jasyptspringboot.EncryptablePropertySourceConverter Skipping PropertySource servletConfigInitParams [class org.springframework.core.env.PropertySource$StubPropertySource
[2025-08-04 09:43:23.049] [INFO ] [restartedMain] com.ulisesbocchio.jasyptspringboot.EncryptablePropertySourceConverter Skipping PropertySource servletContextInitParams [class org.springframework.core.env.PropertySource$StubPropertySource
[2025-08-04 09:43:23.049] [INFO ] [restartedMain] com.ulisesbocchio.jasyptspringboot.EncryptablePropertySourceConverter Converting PropertySource systemProperties [org.springframework.core.env.PropertiesPropertySource] to EncryptableMapPropertySourceWrapper
[2025-08-04 09:43:23.049] [INFO ] [restartedMain] com.ulisesbocchio.jasyptspringboot.EncryptablePropertySourceConverter Converting PropertySource systemEnvironment [org.springframework.boot.env.SystemEnvironmentPropertySourceEnvironmentPostProcessor$OriginAwareSystemEnvironmentPropertySource] to EncryptableSystemEnvironmentPropertySourceWrapper
[2025-08-04 09:43:23.049] [INFO ] [restartedMain] com.ulisesbocchio.jasyptspringboot.EncryptablePropertySourceConverter Converting PropertySource random [org.springframework.boot.env.RandomValuePropertySource] to EncryptablePropertySourceWrapper
[2025-08-04 09:43:23.049] [INFO ] [restartedMain] com.ulisesbocchio.jasyptspringboot.EncryptablePropertySourceConverter Converting PropertySource Config resource 'class path resource [application.properties]' via location 'optional:classpath:/' [org.springframework.boot.env.OriginTrackedMapPropertySource] to EncryptableMapPropertySourceWrapper
[2025-08-04 09:43:23.049] [INFO ] [restartedMain] com.ulisesbocchio.jasyptspringboot.EncryptablePropertySourceConverter Converting PropertySource devtools [org.springframework.core.env.MapPropertySource] to EncryptableMapPropertySourceWrapper
[2025-08-04 09:43:23.049] [INFO ] [restartedMain] com.ulisesbocchio.jasyptspringboot.EncryptablePropertySourceConverter Converting PropertySource applicationInfo [org.springframework.boot.ApplicationInfoPropertySource] to EncryptableMapPropertySourceWrapper
[2025-08-04 09:43:23.066] [INFO ] [restartedMain] com.ulisesbocchio.jasyptspringboot.filter.DefaultLazyPropertyFilter Property Filter custom Bean not found with name 'encryptablePropertyFilter'. Initializing Default Property Filter
[2025-08-04 09:43:23.068] [INFO ] [restartedMain] com.ulisesbocchio.jasyptspringboot.resolver.DefaultLazyPropertyResolver Property Resolver custom Bean not found with name 'encryptablePropertyResolver'. Initializing Default Property Resolver
[2025-08-04 09:43:23.068] [INFO ] [restartedMain] com.ulisesbocchio.jasyptspringboot.detector.DefaultLazyPropertyDetector Property Detector custom Bean not found with name 'encryptablePropertyDetector'. Initializing Default Property Detector
[2025-08-04 09:43:23.109] [INFO ] [restartedMain] org.springframework.boot.web.embedded.tomcat.TomcatWebServer Tomcat initialized with port 8090 (http)
[2025-08-04 09:43:23.111] [INFO ] [restartedMain] org.apache.coyote.http11.Http11NioProtocol Initializing ProtocolHandler ["http-nio-8090"]
[2025-08-04 09:43:23.111] [INFO ] [restartedMain] org.apache.catalina.core.StandardService Starting service [Tomcat]
[2025-08-04 09:43:23.111] [INFO ] [restartedMain] org.apache.catalina.core.StandardEngine Starting Servlet engine: [Apache Tomcat/10.1.42]
[2025-08-04 09:43:23.167] [INFO ] [restartedMain] org.apache.catalina.core.ContainerBase.[Tomcat-1].[localhost].[/] Initializing Spring embedded WebApplicationContext
[2025-08-04 09:43:23.168] [INFO ] [restartedMain] org.springframework.boot.web.servlet.context.ServletWebServerApplicationContext Root WebApplicationContext: initialization completed in 793 ms
[2025-08-04 09:43:23.250] [INFO ] [restartedMain] org.hibernate.jpa.internal.util.LogHelper HHH000204: Processing PersistenceUnitInfo [name: default]
[2025-08-04 09:43:23.262] [INFO ] [restartedMain] org.hibernate.cache.internal.RegionFactoryInitiator HHH000026: Second-level cache disabled
[2025-08-04 09:43:23.285] [INFO ] [restartedMain] org.springframework.orm.jpa.persistenceunit.SpringPersistenceUnitInfo No LoadTimeWeaver setup: ignoring JPA class transformer
[2025-08-04 09:43:23.289] [INFO ] [restartedMain] com.zaxxer.hikari.HikariDataSource HikariPool-3 - Starting...
[2025-08-04 09:43:23.293] [INFO ] [restartedMain] com.zaxxer.hikari.pool.HikariPool HikariPool-3 - Added connection org.mariadb.jdbc.Connection@76e7019b
[2025-08-04 09:43:23.293] [INFO ] [restartedMain] com.zaxxer.hikari.HikariDataSource HikariPool-3 - Start completed.
[2025-08-04 09:43:23.294] [WARN ] [restartedMain] org.hibernate.orm.deprecation HHH90000025: MariaDBDialect does not need to be specified explicitly using 'hibernate.dialect' (remove the property setting and it will be selected by default)
[2025-08-04 09:43:23.295] [INFO ] [restartedMain] org.hibernate.orm.connections.pooling HHH10001005: Database info:
	Database JDBC URL [Connecting through datasource 'HikariDataSource (HikariPool-3)']
	Database driver: undefined/unknown
	Database version: 10.6.22
	Autocommit mode: undefined/unknown
	Isolation level: undefined/unknown
	Minimum pool size: undefined/unknown
	Maximum pool size: undefined/unknown
[2025-08-04 09:43:23.428] [INFO ] [restartedMain] org.hibernate.engine.transaction.jta.platform.internal.JtaPlatformInitiator HHH000489: No JTA platform available (set 'hibernate.transaction.jta.platform' to enable JTA platform integration)
[2025-08-04 09:43:23.449] [INFO ] [restartedMain] org.springframework.orm.jpa.LocalContainerEntityManagerFactoryBean Initialized JPA EntityManagerFactory for persistence unit 'default'
[2025-08-04 09:43:23.595] [WARN ] [restartedMain] org.springframework.boot.web.servlet.context.AnnotationConfigServletWebServerApplicationContext Exception encountered during context initialization - cancelling refresh attempt: org.springframework.beans.factory.BeanCreationException: Error creating bean with name 'holidayApiService': Injection of autowired dependencies failed
[2025-08-04 09:43:23.596] [INFO ] [restartedMain] org.springframework.orm.jpa.LocalContainerEntityManagerFactoryBean Closing JPA EntityManagerFactory for persistence unit 'default'
[2025-08-04 09:43:23.596] [INFO ] [restartedMain] com.zaxxer.hikari.HikariDataSource HikariPool-3 - Shutdown initiated...
[2025-08-04 09:43:23.630] [INFO ] [restartedMain] com.zaxxer.hikari.HikariDataSource HikariPool-3 - Shutdown completed.
[2025-08-04 09:43:23.630] [INFO ] [restartedMain] org.apache.catalina.core.StandardService Stopping service [Tomcat]
[2025-08-04 09:43:23.637] [INFO ] [restartedMain] org.springframework.boot.autoconfigure.logging.ConditionEvaluationReportLogger 

Error starting ApplicationContext. To display the condition evaluation report re-run your application with 'debug' enabled.
[2025-08-04 09:43:23.646] [ERROR] [restartedMain] org.springframework.boot.SpringApplication Application run failed
org.springframework.beans.factory.BeanCreationException: Error creating bean with name 'holidayApiService': Injection of autowired dependencies failed
	at org.springframework.beans.factory.annotation.AutowiredAnnotationBeanPostProcessor.postProcessProperties(AutowiredAnnotationBeanPostProcessor.java:515)
	at org.springframework.beans.factory.support.AbstractAutowireCapableBeanFactory.populateBean(AbstractAutowireCapableBeanFactory.java:1459)
	at org.springframework.beans.factory.support.AbstractAutowireCapableBeanFactory.doCreateBean(AbstractAutowireCapableBeanFactory.java:606)
	at org.springframework.beans.factory.support.AbstractAutowireCapableBeanFactory.createBean(AbstractAutowireCapableBeanFactory.java:529)
	at org.springframework.beans.factory.support.AbstractBeanFactory.lambda$doGetBean$0(AbstractBeanFactory.java:339)
	at org.springframework.beans.factory.support.DefaultSingletonBeanRegistry.getSingleton(DefaultSingletonBeanRegistry.java:373)
	at org.springframework.beans.factory.support.AbstractBeanFactory.doGetBean(AbstractBeanFactory.java:337)
	at org.springframework.beans.factory.support.AbstractBeanFactory.getBean(AbstractBeanFactory.java:202)
	at org.springframework.beans.factory.support.DefaultListableBeanFactory.instantiateSingleton(DefaultListableBeanFactory.java:1222)
	at org.springframework.beans.factory.support.DefaultListableBeanFactory.preInstantiateSingleton(DefaultListableBeanFactory.java:1188)
	at org.springframework.beans.factory.support.DefaultListableBeanFactory.preInstantiateSingletons(DefaultListableBeanFactory.java:1123)
	at org.springframework.context.support.AbstractApplicationContext.finishBeanFactoryInitialization(AbstractApplicationContext.java:987)
	at org.springframework.context.support.AbstractApplicationContext.refresh(AbstractApplicationContext.java:627)
	at org.springframework.boot.web.servlet.context.ServletWebServerApplicationContext.refresh(ServletWebServerApplicationContext.java:146)
	at org.springframework.boot.SpringApplication.refresh(SpringApplication.java:752)
	at org.springframework.boot.SpringApplication.refreshContext(SpringApplication.java:439)
	at org.springframework.boot.SpringApplication.run(SpringApplication.java:318)
	at org.springframework.boot.SpringApplication.run(SpringApplication.java:1361)
	at org.springframework.boot.SpringApplication.run(SpringApplication.java:1350)
	at com.project.TeamProjectApplication.main(TeamProjectApplication.java:11)
	at java.base/jdk.internal.reflect.NativeMethodAccessorImpl.invoke0(Native Method)
	at java.base/jdk.internal.reflect.NativeMethodAccessorImpl.invoke(NativeMethodAccessorImpl.java:77)
	at java.base/jdk.internal.reflect.DelegatingMethodAccessorImpl.invoke(DelegatingMethodAccessorImpl.java:43)
	at java.base/java.lang.reflect.Method.invoke(Method.java:568)
	at org.springframework.boot.devtools.restart.RestartLauncher.run(RestartLauncher.java:50)
Caused by: org.springframework.util.PlaceholderResolutionException: Could not resolve placeholder 'holiday.api.key' in value "${holiday.api.key}"
	at org.springframework.util.PlaceholderResolutionException.withValue(PlaceholderResolutionException.java:81)
	at org.springframework.util.PlaceholderParser$ParsedValue.resolve(PlaceholderParser.java:423)
	at org.springframework.util.PlaceholderParser.replacePlaceholders(PlaceholderParser.java:128)
	at org.springframework.util.PropertyPlaceholderHelper.parseStringValue(PropertyPlaceholderHelper.java:118)
	at org.springframework.util.PropertyPlaceholderHelper.replacePlaceholders(PropertyPlaceholderHelper.java:114)
	at org.springframework.core.env.AbstractPropertyResolver.doResolvePlaceholders(AbstractPropertyResolver.java:293)
	at org.springframework.core.env.AbstractPropertyResolver.resolveRequiredPlaceholders(AbstractPropertyResolver.java:264)
	at org.springframework.context.support.PropertySourcesPlaceholderConfigurer.lambda$processProperties$0(PropertySourcesPlaceholderConfigurer.java:186)
	at org.springframework.beans.factory.support.AbstractBeanFactory.resolveEmbeddedValue(AbstractBeanFactory.java:971)
	at org.springframework.beans.factory.support.DefaultListableBeanFactory.doResolveDependency(DefaultListableBeanFactory.java:1650)
	at org.springframework.beans.factory.support.DefaultListableBeanFactory.resolveDependency(DefaultListableBeanFactory.java:1628)
	at org.springframework.beans.factory.annotation.AutowiredAnnotationBeanPostProcessor$AutowiredFieldElement.resolveFieldValue(AutowiredAnnotationBeanPostProcessor.java:785)
	at org.springframework.beans.factory.annotation.AutowiredAnnotationBeanPostProcessor$AutowiredFieldElement.inject(AutowiredAnnotationBeanPostProcessor.java:768)
	at org.springframework.beans.factory.annotation.InjectionMetadata.inject(InjectionMetadata.java:146)
	at org.springframework.beans.factory.annotation.AutowiredAnnotationBeanPostProcessor.postProcessProperties(AutowiredAnnotationBeanPostProcessor.java:509)
	... 24 common frames omitted
[2025-08-04 09:43:57.652] [INFO ] [restartedMain] com.project.TeamProjectApplication Starting TeamProjectApplication using Java 17.0.14 with PID 2168 (C:\Users\JA306\git\TeamProject_main\Project\backend\target\classes started by JA306 in C:\Users\JA306\git\TeamProject_main\Project\backend)
[2025-08-04 09:43:57.654] [INFO ] [restartedMain] com.project.TeamProjectApplication No active profile set, falling back to 1 default profile: "default"
[2025-08-04 09:43:57.704] [INFO ] [restartedMain] org.springframework.boot.devtools.env.DevToolsPropertyDefaultsPostProcessor Devtools property defaults active! Set 'spring.devtools.add-properties' to 'false' to disable
[2025-08-04 09:43:57.704] [INFO ] [restartedMain] org.springframework.boot.devtools.env.DevToolsPropertyDefaultsPostProcessor For additional web related logging consider setting the 'logging.level.web' property to 'DEBUG'
[2025-08-04 09:43:58.719] [INFO ] [restartedMain] org.springframework.data.repository.config.RepositoryConfigurationDelegate Bootstrapping Spring Data JPA repositories in DEFAULT mode.
[2025-08-04 09:43:58.843] [INFO ] [restartedMain] org.springframework.data.repository.config.RepositoryConfigurationDelegate Finished Spring Data repository scanning in 113 ms. Found 5 JPA repository interfaces.
[2025-08-04 09:43:59.148] [INFO ] [restartedMain] com.ulisesbocchio.jasyptspringboot.configuration.EnableEncryptablePropertiesBeanFactoryPostProcessor Post-processing PropertySource instances
[2025-08-04 09:43:59.149] [INFO ] [restartedMain] com.ulisesbocchio.jasyptspringboot.EncryptablePropertySourceConverter Skipping PropertySource configurationProperties [class org.springframework.boot.context.properties.source.ConfigurationPropertySourcesPropertySource
[2025-08-04 09:43:59.151] [INFO ] [restartedMain] com.ulisesbocchio.jasyptspringboot.EncryptablePropertySourceConverter Skipping PropertySource servletConfigInitParams [class org.springframework.core.env.PropertySource$StubPropertySource
[2025-08-04 09:43:59.152] [INFO ] [restartedMain] com.ulisesbocchio.jasyptspringboot.EncryptablePropertySourceConverter Skipping PropertySource servletContextInitParams [class org.springframework.core.env.PropertySource$StubPropertySource
[2025-08-04 09:43:59.153] [INFO ] [restartedMain] com.ulisesbocchio.jasyptspringboot.EncryptablePropertySourceConverter Converting PropertySource systemProperties [org.springframework.core.env.PropertiesPropertySource] to EncryptableMapPropertySourceWrapper
[2025-08-04 09:43:59.153] [INFO ] [restartedMain] com.ulisesbocchio.jasyptspringboot.EncryptablePropertySourceConverter Converting PropertySource systemEnvironment [org.springframework.boot.env.SystemEnvironmentPropertySourceEnvironmentPostProcessor$OriginAwareSystemEnvironmentPropertySource] to EncryptableSystemEnvironmentPropertySourceWrapper
[2025-08-04 09:43:59.153] [INFO ] [restartedMain] com.ulisesbocchio.jasyptspringboot.EncryptablePropertySourceConverter Converting PropertySource random [org.springframework.boot.env.RandomValuePropertySource] to EncryptablePropertySourceWrapper
[2025-08-04 09:43:59.153] [INFO ] [restartedMain] com.ulisesbocchio.jasyptspringboot.EncryptablePropertySourceConverter Converting PropertySource Config resource 'class path resource [application.properties]' via location 'optional:classpath:/' [org.springframework.boot.env.OriginTrackedMapPropertySource] to EncryptableMapPropertySourceWrapper
[2025-08-04 09:43:59.154] [INFO ] [restartedMain] com.ulisesbocchio.jasyptspringboot.EncryptablePropertySourceConverter Converting PropertySource devtools [org.springframework.core.env.MapPropertySource] to EncryptableMapPropertySourceWrapper
[2025-08-04 09:43:59.154] [INFO ] [restartedMain] com.ulisesbocchio.jasyptspringboot.EncryptablePropertySourceConverter Converting PropertySource applicationInfo [org.springframework.boot.ApplicationInfoPropertySource] to EncryptableMapPropertySourceWrapper
[2025-08-04 09:43:59.304] [INFO ] [restartedMain] com.ulisesbocchio.jasyptspringboot.filter.DefaultLazyPropertyFilter Property Filter custom Bean not found with name 'encryptablePropertyFilter'. Initializing Default Property Filter
[2025-08-04 09:43:59.313] [INFO ] [restartedMain] com.ulisesbocchio.jasyptspringboot.resolver.DefaultLazyPropertyResolver Property Resolver custom Bean not found with name 'encryptablePropertyResolver'. Initializing Default Property Resolver
[2025-08-04 09:43:59.315] [INFO ] [restartedMain] com.ulisesbocchio.jasyptspringboot.detector.DefaultLazyPropertyDetector Property Detector custom Bean not found with name 'encryptablePropertyDetector'. Initializing Default Property Detector
[2025-08-04 09:43:59.536] [INFO ] [restartedMain] org.springframework.boot.web.embedded.tomcat.TomcatWebServer Tomcat initialized with port 8090 (http)
[2025-08-04 09:43:59.550] [INFO ] [restartedMain] org.apache.coyote.http11.Http11NioProtocol Initializing ProtocolHandler ["http-nio-8090"]
[2025-08-04 09:43:59.552] [INFO ] [restartedMain] org.apache.catalina.core.StandardService Starting service [Tomcat]
[2025-08-04 09:43:59.552] [INFO ] [restartedMain] org.apache.catalina.core.StandardEngine Starting Servlet engine: [Apache Tomcat/10.1.42]
[2025-08-04 09:43:59.636] [INFO ] [restartedMain] org.apache.catalina.core.ContainerBase.[Tomcat].[localhost].[/] Initializing Spring embedded WebApplicationContext
[2025-08-04 09:43:59.637] [INFO ] [restartedMain] org.springframework.boot.web.servlet.context.ServletWebServerApplicationContext Root WebApplicationContext: initialization completed in 1932 ms
[2025-08-04 09:43:59.858] [INFO ] [restartedMain] org.hibernate.jpa.internal.util.LogHelper HHH000204: Processing PersistenceUnitInfo [name: default]
[2025-08-04 09:43:59.943] [INFO ] [restartedMain] org.hibernate.Version HHH000412: Hibernate ORM core version 6.6.18.Final
[2025-08-04 09:43:59.989] [INFO ] [restartedMain] org.hibernate.cache.internal.RegionFactoryInitiator HHH000026: Second-level cache disabled
[2025-08-04 09:44:00.335] [INFO ] [restartedMain] org.springframework.orm.jpa.persistenceunit.SpringPersistenceUnitInfo No LoadTimeWeaver setup: ignoring JPA class transformer
[2025-08-04 09:44:00.377] [INFO ] [restartedMain] com.zaxxer.hikari.HikariDataSource HikariPool-1 - Starting...
[2025-08-04 09:44:00.484] [INFO ] [restartedMain] com.zaxxer.hikari.pool.HikariPool HikariPool-1 - Added connection org.mariadb.jdbc.Connection@4da15140
[2025-08-04 09:44:00.487] [INFO ] [restartedMain] com.zaxxer.hikari.HikariDataSource HikariPool-1 - Start completed.
[2025-08-04 09:44:00.522] [WARN ] [restartedMain] org.hibernate.orm.deprecation HHH90000025: MariaDBDialect does not need to be specified explicitly using 'hibernate.dialect' (remove the property setting and it will be selected by default)
[2025-08-04 09:44:00.546] [INFO ] [restartedMain] org.hibernate.orm.connections.pooling HHH10001005: Database info:
	Database JDBC URL [Connecting through datasource 'HikariDataSource (HikariPool-1)']
	Database driver: undefined/unknown
	Database version: 10.6.22
	Autocommit mode: undefined/unknown
	Isolation level: undefined/unknown
	Minimum pool size: undefined/unknown
	Maximum pool size: undefined/unknown
[2025-08-04 09:44:01.585] [INFO ] [restartedMain] org.hibernate.engine.transaction.jta.platform.internal.JtaPlatformInitiator HHH000489: No JTA platform available (set 'hibernate.transaction.jta.platform' to enable JTA platform integration)
[2025-08-04 09:44:01.656] [INFO ] [restartedMain] org.springframework.orm.jpa.LocalContainerEntityManagerFactoryBean Initialized JPA EntityManagerFactory for persistence unit 'default'
[2025-08-04 09:44:02.125] [WARN ] [restartedMain] org.springframework.boot.web.servlet.context.AnnotationConfigServletWebServerApplicationContext Exception encountered during context initialization - cancelling refresh attempt: org.springframework.beans.factory.BeanCreationException: Error creating bean with name 'holidayApiService': Injection of autowired dependencies failed
[2025-08-04 09:44:02.126] [INFO ] [restartedMain] org.springframework.orm.jpa.LocalContainerEntityManagerFactoryBean Closing JPA EntityManagerFactory for persistence unit 'default'
[2025-08-04 09:44:02.131] [INFO ] [restartedMain] com.zaxxer.hikari.HikariDataSource HikariPool-1 - Shutdown initiated...
[2025-08-04 09:44:02.134] [INFO ] [restartedMain] com.zaxxer.hikari.HikariDataSource HikariPool-1 - Shutdown completed.
[2025-08-04 09:44:02.137] [INFO ] [restartedMain] org.apache.catalina.core.StandardService Stopping service [Tomcat]
[2025-08-04 09:44:02.153] [INFO ] [restartedMain] org.springframework.boot.autoconfigure.logging.ConditionEvaluationReportLogger 

Error starting ApplicationContext. To display the condition evaluation report re-run your application with 'debug' enabled.
[2025-08-04 09:44:02.182] [ERROR] [restartedMain] org.springframework.boot.SpringApplication Application run failed
org.springframework.beans.factory.BeanCreationException: Error creating bean with name 'holidayApiService': Injection of autowired dependencies failed
	at org.springframework.beans.factory.annotation.AutowiredAnnotationBeanPostProcessor.postProcessProperties(AutowiredAnnotationBeanPostProcessor.java:515)
	at org.springframework.beans.factory.support.AbstractAutowireCapableBeanFactory.populateBean(AbstractAutowireCapableBeanFactory.java:1459)
	at org.springframework.beans.factory.support.AbstractAutowireCapableBeanFactory.doCreateBean(AbstractAutowireCapableBeanFactory.java:606)
	at org.springframework.beans.factory.support.AbstractAutowireCapableBeanFactory.createBean(AbstractAutowireCapableBeanFactory.java:529)
	at org.springframework.beans.factory.support.AbstractBeanFactory.lambda$doGetBean$0(AbstractBeanFactory.java:339)
	at org.springframework.beans.factory.support.DefaultSingletonBeanRegistry.getSingleton(DefaultSingletonBeanRegistry.java:373)
	at org.springframework.beans.factory.support.AbstractBeanFactory.doGetBean(AbstractBeanFactory.java:337)
	at org.springframework.beans.factory.support.AbstractBeanFactory.getBean(AbstractBeanFactory.java:202)
	at org.springframework.beans.factory.support.DefaultListableBeanFactory.instantiateSingleton(DefaultListableBeanFactory.java:1222)
	at org.springframework.beans.factory.support.DefaultListableBeanFactory.preInstantiateSingleton(DefaultListableBeanFactory.java:1188)
	at org.springframework.beans.factory.support.DefaultListableBeanFactory.preInstantiateSingletons(DefaultListableBeanFactory.java:1123)
	at org.springframework.context.support.AbstractApplicationContext.finishBeanFactoryInitialization(AbstractApplicationContext.java:987)
	at org.springframework.context.support.AbstractApplicationContext.refresh(AbstractApplicationContext.java:627)
	at org.springframework.boot.web.servlet.context.ServletWebServerApplicationContext.refresh(ServletWebServerApplicationContext.java:146)
	at org.springframework.boot.SpringApplication.refresh(SpringApplication.java:752)
	at org.springframework.boot.SpringApplication.refreshContext(SpringApplication.java:439)
	at org.springframework.boot.SpringApplication.run(SpringApplication.java:318)
	at org.springframework.boot.SpringApplication.run(SpringApplication.java:1361)
	at org.springframework.boot.SpringApplication.run(SpringApplication.java:1350)
	at com.project.TeamProjectApplication.main(TeamProjectApplication.java:11)
	at java.base/jdk.internal.reflect.NativeMethodAccessorImpl.invoke0(Native Method)
	at java.base/jdk.internal.reflect.NativeMethodAccessorImpl.invoke(NativeMethodAccessorImpl.java:77)
	at java.base/jdk.internal.reflect.DelegatingMethodAccessorImpl.invoke(DelegatingMethodAccessorImpl.java:43)
	at java.base/java.lang.reflect.Method.invoke(Method.java:568)
	at org.springframework.boot.devtools.restart.RestartLauncher.run(RestartLauncher.java:50)
Caused by: org.springframework.util.PlaceholderResolutionException: Could not resolve placeholder 'holiday.api.key' in value "${holiday.api.key}"
	at org.springframework.util.PlaceholderResolutionException.withValue(PlaceholderResolutionException.java:81)
	at org.springframework.util.PlaceholderParser$ParsedValue.resolve(PlaceholderParser.java:423)
	at org.springframework.util.PlaceholderParser.replacePlaceholders(PlaceholderParser.java:128)
	at org.springframework.util.PropertyPlaceholderHelper.parseStringValue(PropertyPlaceholderHelper.java:118)
	at org.springframework.util.PropertyPlaceholderHelper.replacePlaceholders(PropertyPlaceholderHelper.java:114)
	at org.springframework.core.env.AbstractPropertyResolver.doResolvePlaceholders(AbstractPropertyResolver.java:293)
	at org.springframework.core.env.AbstractPropertyResolver.resolveRequiredPlaceholders(AbstractPropertyResolver.java:264)
	at org.springframework.context.support.PropertySourcesPlaceholderConfigurer.lambda$processProperties$0(PropertySourcesPlaceholderConfigurer.java:186)
	at org.springframework.beans.factory.support.AbstractBeanFactory.resolveEmbeddedValue(AbstractBeanFactory.java:971)
	at org.springframework.beans.factory.support.DefaultListableBeanFactory.doResolveDependency(DefaultListableBeanFactory.java:1650)
	at org.springframework.beans.factory.support.DefaultListableBeanFactory.resolveDependency(DefaultListableBeanFactory.java:1628)
	at org.springframework.beans.factory.annotation.AutowiredAnnotationBeanPostProcessor$AutowiredFieldElement.resolveFieldValue(AutowiredAnnotationBeanPostProcessor.java:785)
	at org.springframework.beans.factory.annotation.AutowiredAnnotationBeanPostProcessor$AutowiredFieldElement.inject(AutowiredAnnotationBeanPostProcessor.java:768)
	at org.springframework.beans.factory.annotation.InjectionMetadata.inject(InjectionMetadata.java:146)
	at org.springframework.beans.factory.annotation.AutowiredAnnotationBeanPostProcessor.postProcessProperties(AutowiredAnnotationBeanPostProcessor.java:509)
	... 24 common frames omitted
