#
# There is insufficient memory for the Java Runtime Environment to continue.
# Native memory allocation (mmap) failed to map 65536 bytes for Failed to commit metaspace.
# Possible reasons:
#   The system is out of physical RAM or swap space
#   The process is running with CompressedOops enabled, and the Java Heap may be blocking the growth of the native heap
# Possible solutions:
#   Reduce memory load on the system
#   Increase physical memory or swap space
#   Check if swap backing store is full
#   Decrease Java heap size (-Xmx/-Xms)
#   Decrease number of Java threads
#   Decrease Java thread stack sizes (-Xss)
#   Set larger code cache with -XX:ReservedCodeCacheSize=
#   JVM is running with Unscaled Compressed Oops mode in which the Java heap is
#     placed in the first 4GB address space. The Java Heap base address is the
#     maximum limit for the native heap growth. Please use -XX:HeapBaseMinAddress
#     to set the Java Heap base and to place the Java Heap above 4GB virtual address.
# This output file may be truncated or incomplete.
#
#  Out of Memory Error (virtualSpaceNode.cpp:110), pid=15316, tid=17892
#
# JRE version: Java(TM) SE Runtime Environment (17.0.14+8) (build 17.0.14+8-LTS-191)
# Java VM: Java HotSpot(TM) 64-Bit Server VM (17.0.14+8-LTS-191, mixed mode, emulated-client, sharing, tiered, compressed oops, compressed class ptrs, g1 gc, windows-amd64)
# No core dump will be written. Minidumps are not enabled by default on client versions of Windows
#

---------------  S U M M A R Y ------------

Command Line: -Dcom.sun.management.jmxremote -Dcom.sun.management.jmxremote.port=9666 -Dcom.sun.management.jmxremote.authenticate=false -Dcom.sun.management.jmxremote.ssl=false -Djava.rmi.server.hostname=localhost -Dspring.jmx.enabled=true -Dmanagement.endpoints.jmx.exposure.include=* -Dspring.application.admin.enabled=true -Dspring.output.ansi.enabled=always -XX:TieredStopAtLevel=1 -Dspring.boot.project.name=backend -Dfile.encoding=UTF-8 -Dstdout.encoding=UTF-8 -Dstderr.encoding=UTF-8 -XX:+ShowCodeDetailsInExceptionMessages com.project.TeamProjectApplication

Host: Intel(R) Core(TM) i7-4770 CPU @ 3.40GHz, 8 cores, 7G,  Windows 10 , 64 bit Build 19041 (10.0.19041.5915)
Time: Fri Aug 29 16:04:38 2025  Windows 10 , 64 bit Build 19041 (10.0.19041.5915) elapsed time: 9.858629 seconds (0d 0h 0m 9s)

---------------  T H R E A D  ---------------

Current thread (0x0000016bb7a24eb0):  JavaThread "restartedMain" [_thread_in_vm, id=17892, stack(0x0000003aa1b00000,0x0000003aa1c00000)]

Stack: [0x0000003aa1b00000,0x0000003aa1c00000]
Native frames: (J=compiled Java code, j=interpreted, Vv=VM code, C=native code)
V  [jvm.dll+0x67a38a]
V  [jvm.dll+0x7da7ed]
V  [jvm.dll+0x7dc133]
V  [jvm.dll+0x7dc7a3]
V  [jvm.dll+0x24517f]
V  [jvm.dll+0x7d63bb]
V  [jvm.dll+0x620a36]
V  [jvm.dll+0x1beb37]
V  [jvm.dll+0x623392]
V  [jvm.dll+0x6213f6]
V  [jvm.dll+0x632279]
V  [jvm.dll+0x62b5d4]
V  [jvm.dll+0x37db41]
C  0x0000016bacb2c19c

Java frames: (J=compiled Java code, j=interpreted, Vv=VM code)
j  org.springframework.core.io.support.SpringFactoriesLoader$FailureHandler$$Lambda$1290+0x0000016bb97b9900.<init>(Lorg/apache/commons/logging/Log;)V+0
J 1425 c1 java.lang.invoke.DirectMethodHandle$Holder.newInvokeSpecial(Ljava/lang/Object;Ljava/lang/Object;)Ljava/lang/Object; java.base@17.0.14 (21 bytes) @ 0x0000016bacf4cbf4 [0x0000016bacf4cb40+0x00000000000000b4]
J 850 c1 java.lang.invoke.Invokers$Holder.linkToTargetMethod(Ljava/lang/Object;Ljava/lang/Object;)Ljava/lang/Object; java.base@17.0.14 (9 bytes) @ 0x0000016bace62094 [0x0000016bace62040+0x0000000000000054]
j  org.springframework.core.io.support.SpringFactoriesLoader$FailureHandler.logging(Lorg/apache/commons/logging/Log;)Lorg/springframework/core/io/support/SpringFactoriesLoader$FailureHandler;+1
j  org.springframework.boot.diagnostics.FailureAnalyzers.loadFailureAnalyzers(Lorg/springframework/context/ConfigurableApplicationContext;Lorg/springframework/core/io/support/SpringFactoriesLoader;)Ljava/util/List;+10
j  org.springframework.boot.diagnostics.FailureAnalyzers.<init>(Lorg/springframework/context/ConfigurableApplicationContext;Lorg/springframework/core/io/support/SpringFactoriesLoader;)V+15
j  org.springframework.boot.diagnostics.FailureAnalyzers.<init>(Lorg/springframework/context/ConfigurableApplicationContext;)V+19
v  ~StubRoutines::call_stub
J 874  jdk.internal.reflect.NativeConstructorAccessorImpl.newInstance0(Ljava/lang/reflect/Constructor;[Ljava/lang/Object;)Ljava/lang/Object; java.base@17.0.14 (0 bytes) @ 0x0000016bace6df0e [0x0000016bace6dea0+0x000000000000006e]
J 1488 c1 jdk.internal.reflect.NativeConstructorAccessorImpl.newInstance([Ljava/lang/Object;)Ljava/lang/Object; java.base@17.0.14 (122 bytes) @ 0x0000016bacf67d3c [0x0000016bacf67a80+0x00000000000002bc]
J 1423 c1 jdk.internal.reflect.DelegatingConstructorAccessorImpl.newInstance([Ljava/lang/Object;)Ljava/lang/Object; java.base@17.0.14 (9 bytes) @ 0x0000016bacf4c0e4 [0x0000016bacf4c0a0+0x0000000000000044]
J 1256 c1 java.lang.reflect.Constructor.newInstanceWithCaller([Ljava/lang/Object;ZLjava/lang/Class;)Ljava/lang/Object; java.base@17.0.14 (75 bytes) @ 0x0000016bacf051ac [0x0000016bacf050e0+0x00000000000000cc]
J 1401 c1 java.lang.reflect.Constructor.newInstance([Ljava/lang/Object;)Ljava/lang/Object; java.base@17.0.14 (34 bytes) @ 0x0000016bacf4614c [0x0000016bacf460c0+0x000000000000008c]
j  org.springframework.core.io.support.SpringFactoriesLoader$FactoryInstantiator.instantiate(Lorg/springframework/core/io/support/SpringFactoriesLoader$ArgumentResolver;)Ljava/lang/Object;+33
j  org.springframework.core.io.support.SpringFactoriesLoader.instantiateFactory(Ljava/lang/String;Ljava/lang/Class;Lorg/springframework/core/io/support/SpringFactoriesLoader$ArgumentResolver;Lorg/springframework/core/io/support/SpringFactoriesLoader$FailureHandler;)Ljava/lang/Object;+36
j  org.springframework.core.io.support.SpringFactoriesLoader.load(Ljava/lang/Class;Lorg/springframework/core/io/support/SpringFactoriesLoader$ArgumentResolver;Lorg/springframework/core/io/support/SpringFactoriesLoader$FailureHandler;)Ljava/util/List;+99
j  org.springframework.core.io.support.SpringFactoriesLoader.load(Ljava/lang/Class;Lorg/springframework/core/io/support/SpringFactoriesLoader$ArgumentResolver;)Ljava/util/List;+4
j  org.springframework.boot.SpringApplication.getSpringFactoriesInstances(Ljava/lang/Class;Lorg/springframework/core/io/support/SpringFactoriesLoader$ArgumentResolver;)Ljava/util/List;+9
j  org.springframework.boot.SpringApplication.getExceptionReporters(Lorg/springframework/context/ConfigurableApplicationContext;)Ljava/util/Collection;+12
j  org.springframework.boot.SpringApplication.handleRunFailure(Lorg/springframework/context/ConfigurableApplicationContext;Ljava/lang/Throwable;Lorg/springframework/boot/SpringApplicationRunListeners;)Ljava/lang/RuntimeException;+35
j  org.springframework.boot.SpringApplication.run([Ljava/lang/String;)Lorg/springframework/context/ConfigurableApplicationContext;+191
j  org.springframework.boot.SpringApplication.run([Ljava/lang/Class;[Ljava/lang/String;)Lorg/springframework/context/ConfigurableApplicationContext;+9
j  org.springframework.boot.SpringApplication.run(Ljava/lang/Class;[Ljava/lang/String;)Lorg/springframework/context/ConfigurableApplicationContext;+9
j  com.project.TeamProjectApplication.main([Ljava/lang/String;)V+3
v  ~StubRoutines::call_stub
j  jdk.internal.reflect.NativeMethodAccessorImpl.invoke0(Ljava/lang/reflect/Method;Ljava/lang/Object;[Ljava/lang/Object;)Ljava/lang/Object;+0 java.base@17.0.14
j  jdk.internal.reflect.NativeMethodAccessorImpl.invoke(Ljava/lang/Object;[Ljava/lang/Object;)Ljava/lang/Object;+133 java.base@17.0.14
j  jdk.internal.reflect.DelegatingMethodAccessorImpl.invoke(Ljava/lang/Object;[Ljava/lang/Object;)Ljava/lang/Object;+6 java.base@17.0.14
j  java.lang.reflect.Method.invoke(Ljava/lang/Object;[Ljava/lang/Object;)Ljava/lang/Object;+59 java.base@17.0.14
j  org.springframework.boot.devtools.restart.RestartLauncher.run()V+47
v  ~StubRoutines::call_stub

---------------  P R O C E S S  ---------------

Threads class SMR info:
_java_thread_list=0x0000016bfe0ed510, length=23, elements={
0x0000016ba52457c0, 0x0000016bb7187620, 0x0000016bb7188630, 0x0000016bb71a5c10,
0x0000016bb71a67a0, 0x0000016bb71a8080, 0x0000016bb71b3e60, 0x0000016bb71b4730,
0x0000016bb71b5040, 0x0000016bb7171970, 0x0000016bb71720d0, 0x0000016bb7325510,
0x0000016bb7361070, 0x0000016bb78a3160, 0x0000016bb789b2b0, 0x0000016bb78a9380,
0x0000016bb79db730, 0x0000016bb79e1b70, 0x0000016bb79f4df0, 0x0000016bb7a22b40,
0x0000016bb7a23050, 0x0000016bb7a24eb0, 0x0000016bfd950b20
}

Java Threads: ( => current thread )
  0x0000016ba52457c0 JavaThread "main" [_thread_blocked, id=12940, stack(0x0000003a9f600000,0x0000003a9f700000)]
  0x0000016bb7187620 JavaThread "Reference Handler" daemon [_thread_blocked, id=5604, stack(0x0000003a9fd00000,0x0000003a9fe00000)]
  0x0000016bb7188630 JavaThread "Finalizer" daemon [_thread_blocked, id=18876, stack(0x0000003a9fe00000,0x0000003a9ff00000)]
  0x0000016bb71a5c10 JavaThread "Signal Dispatcher" daemon [_thread_blocked, id=11584, stack(0x0000003a9ff00000,0x0000003aa0000000)]
  0x0000016bb71a67a0 JavaThread "Attach Listener" daemon [_thread_blocked, id=5544, stack(0x0000003aa0000000,0x0000003aa0100000)]
  0x0000016bb71a8080 JavaThread "Service Thread" daemon [_thread_blocked, id=6108, stack(0x0000003aa0100000,0x0000003aa0200000)]
  0x0000016bb71b3e60 JavaThread "Monitor Deflation Thread" daemon [_thread_blocked, id=7052, stack(0x0000003aa0200000,0x0000003aa0300000)]
  0x0000016bb71b4730 JavaThread "C1 CompilerThread0" daemon [_thread_blocked, id=19536, stack(0x0000003aa0300000,0x0000003aa0400000)]
  0x0000016bb71b5040 JavaThread "Sweeper thread" daemon [_thread_blocked, id=16832, stack(0x0000003aa0400000,0x0000003aa0500000)]
  0x0000016bb7171970 JavaThread "Common-Cleaner" daemon [_thread_blocked, id=13316, stack(0x0000003aa0500000,0x0000003aa0600000)]
  0x0000016bb71720d0 JavaThread "C1 CompilerThread1" daemon [_thread_blocked, id=12488, stack(0x0000003aa0600000,0x0000003aa0700000)]
  0x0000016bb7325510 JavaThread "C1 CompilerThread2" daemon [_thread_blocked, id=9528, stack(0x0000003aa0700000,0x0000003aa0800000)]
  0x0000016bb7361070 JavaThread "Notification Thread" daemon [_thread_blocked, id=11152, stack(0x0000003aa0800000,0x0000003aa0900000)]
  0x0000016bb78a3160 JavaThread "RMI TCP Accept-0" daemon [_thread_in_native, id=11084, stack(0x0000003aa0900000,0x0000003aa0a00000)]
  0x0000016bb789b2b0 JavaThread "RMI TCP Accept-9666" daemon [_thread_in_native, id=8148, stack(0x0000003aa0a00000,0x0000003aa0b00000)]
  0x0000016bb78a9380 JavaThread "RMI TCP Accept-0" daemon [_thread_in_native, id=12004, stack(0x0000003aa0b00000,0x0000003aa0c00000)]
  0x0000016bb79db730 JavaThread "RMI TCP Connection(1)-127.0.0.1" daemon [_thread_in_native, id=9336, stack(0x0000003aa0d00000,0x0000003aa0e00000)]
  0x0000016bb79e1b70 JavaThread "RMI Scheduler(0)" daemon [_thread_blocked, id=13520, stack(0x0000003aa0e00000,0x0000003aa0f00000)]
  0x0000016bb79f4df0 JavaThread "RMI TCP Connection(2)-127.0.0.1" daemon [_thread_in_native, id=8820, stack(0x0000003aa0f00000,0x0000003aa1000000)]
  0x0000016bb7a22b40 JavaThread "JMX server connection timeout 22" daemon [_thread_blocked, id=15112, stack(0x0000003aa1000000,0x0000003aa1100000)]
  0x0000016bb7a23050 JavaThread "Thread-0" [_thread_blocked, id=6872, stack(0x0000003aa1a00000,0x0000003aa1b00000)]
=>0x0000016bb7a24eb0 JavaThread "restartedMain" [_thread_in_vm, id=17892, stack(0x0000003aa1b00000,0x0000003aa1c00000)]
  0x0000016bfd950b20 JavaThread "C1 CompilerThread3" daemon [_thread_blocked, id=10324, stack(0x0000003aa1d00000,0x0000003aa1e00000)]

Other Threads:
  0x0000016bb7181240 VMThread "VM Thread" [stack: 0x0000003a9fc00000,0x0000003a9fd00000] [id=18544]
  0x0000016ba52468a0 WatcherThread [stack: 0x0000003aa0c00000,0x0000003aa0d00000] [id=10620]
  0x0000016ba529f390 GCTaskThread "GC Thread#0" [stack: 0x0000003a9f700000,0x0000003a9f800000] [id=20268]
  0x0000016bb7d09330 GCTaskThread "GC Thread#1" [stack: 0x0000003aa1100000,0x0000003aa1200000] [id=12996]
  0x0000016bb7d095f0 GCTaskThread "GC Thread#2" [stack: 0x0000003aa1200000,0x0000003aa1300000] [id=14576]
  0x0000016bb7d4bec0 GCTaskThread "GC Thread#3" [stack: 0x0000003aa1300000,0x0000003aa1400000] [id=10812]
  0x0000016bb7d4c180 GCTaskThread "GC Thread#4" [stack: 0x0000003aa1400000,0x0000003aa1500000] [id=7008]
  0x0000016bb7d4c440 GCTaskThread "GC Thread#5" [stack: 0x0000003aa1500000,0x0000003aa1600000] [id=20316]
  0x0000016bb7d4c700 GCTaskThread "GC Thread#6" [stack: 0x0000003aa1600000,0x0000003aa1700000] [id=8348]
  0x0000016bb7d4c9c0 GCTaskThread "GC Thread#7" [stack: 0x0000003aa1700000,0x0000003aa1800000] [id=10360]
  0x0000016ba52b15a0 ConcurrentGCThread "G1 Main Marker" [stack: 0x0000003a9f800000,0x0000003a9f900000] [id=13168]
  0x0000016ba52b1ec0 ConcurrentGCThread "G1 Conc#0" [stack: 0x0000003a9f900000,0x0000003a9fa00000] [id=21336]
  0x0000016bfd858050 ConcurrentGCThread "G1 Conc#1" [stack: 0x0000003aa1c00000,0x0000003aa1d00000] [id=7420]
  0x0000016bb70420c0 ConcurrentGCThread "G1 Refine#0" [stack: 0x0000003a9fa00000,0x0000003a9fb00000] [id=1356]
  0x0000016bb7d4f8b0 ConcurrentGCThread "G1 Refine#1" [stack: 0x0000003aa1800000,0x0000003aa1900000] [id=20732]
  0x0000016bb7d4fba0 ConcurrentGCThread "G1 Refine#2" [stack: 0x0000003aa1900000,0x0000003aa1a00000] [id=18292]
  0x0000016bb7042a00 ConcurrentGCThread "G1 Service" [stack: 0x0000003a9fb00000,0x0000003a9fc00000] [id=20184]

Threads with active compile tasks:

VM state: not at safepoint (normal execution)

VM Mutex/Monitor currently owned by a thread:  ([mutex/lock_event])
[0x0000016ba52333c0] Metaspace_lock - owner thread: 0x0000016bb7a24eb0

OutOfMemory and StackOverflow Exception counts:
OutOfMemoryError java_heap_errors=1
LinkageErrors=128

Heap address: 0x0000000082000000, size: 2016 MB, Compressed Oops mode: 32-bit

CDS archive(s) mapped at: [0x0000016bb8000000-0x0000016bb8bd0000-0x0000016bb8bd0000), size 12386304, SharedBaseAddress: 0x0000016bb8000000, ArchiveRelocationMode: 1.
Compressed class space mapped at: 0x0000016bb9000000-0x0000016bf9000000, reserved size: 1073741824
Narrow klass base: 0x0000016bb8000000, Narrow klass shift: 0, Narrow klass range: 0x100000000

GC Precious Log:
 CPUs: 8 total, 8 available
 Memory: 8057M
 Large Page Support: Disabled
 NUMA Support: Disabled
 Compressed Oops: Enabled (32-bit)
 Heap Region Size: 1M
 Heap Min Capacity: 8M
 Heap Initial Capacity: 126M
 Heap Max Capacity: 2016M
 Pre-touch: Disabled
 Parallel Workers: 8
 Concurrent Workers: 2
 Concurrent Refinement Workers: 8
 Periodic GC: Disabled

Heap:
 garbage-first heap   total 65536K, used 39302K [0x0000000082000000, 0x0000000100000000)
  region size 1024K, 16 young (16384K), 3 survivors (3072K)
 Metaspace       used 52400K, committed 52928K, reserved 1114112K
  class space    used 7657K, committed 7936K, reserved 1048576K

Heap Regions: E=young(eden), S=young(survivor), O=old, HS=humongous(starts), HC=humongous(continues), CS=collection set, F=free, OA=open archive, CA=closed archive, TAMS=top-at-mark-start (previous, next)
|   0|0x0000000082000000, 0x0000000082100000, 0x0000000082100000|100%|HS|  |TAMS 0x0000000082100000, 0x0000000082000000| Complete 
|   1|0x0000000082100000, 0x0000000082200000, 0x0000000082200000|100%|HS|  |TAMS 0x0000000082200000, 0x0000000082100000| Complete 
|   2|0x0000000082200000, 0x0000000082300000, 0x0000000082300000|100%| O|  |TAMS 0x0000000082300000, 0x0000000082200000| Untracked 
|   3|0x0000000082300000, 0x0000000082400000, 0x0000000082400000|100%| O|  |TAMS 0x0000000082400000, 0x0000000082300000| Untracked 
|   4|0x0000000082400000, 0x0000000082500000, 0x0000000082500000|100%| O|  |TAMS 0x0000000082500000, 0x0000000082400000| Untracked 
|   5|0x0000000082500000, 0x0000000082600000, 0x0000000082600000|100%| O|  |TAMS 0x0000000082600000, 0x0000000082500000| Untracked 
|   6|0x0000000082600000, 0x0000000082700000, 0x0000000082700000|100%| O|  |TAMS 0x0000000082700000, 0x0000000082600000| Untracked 
|   7|0x0000000082700000, 0x0000000082800000, 0x0000000082800000|100%| O|  |TAMS 0x0000000082800000, 0x0000000082700000| Untracked 
|   8|0x0000000082800000, 0x0000000082900000, 0x0000000082900000|100%| O|  |TAMS 0x0000000082900000, 0x0000000082800000| Untracked 
|   9|0x0000000082900000, 0x0000000082a00000, 0x0000000082a00000|100%| O|  |TAMS 0x0000000082a00000, 0x0000000082900000| Untracked 
|  10|0x0000000082a00000, 0x0000000082a39000, 0x0000000082b00000| 22%| O|  |TAMS 0x0000000082a39000, 0x0000000082a00000| Untracked 
|  11|0x0000000082b00000, 0x0000000082c00000, 0x0000000082c00000|100%| O|  |TAMS 0x0000000082c00000, 0x0000000082b00000| Untracked 
|  12|0x0000000082c00000, 0x0000000082d00000, 0x0000000082d00000|100%| O|  |TAMS 0x0000000082d00000, 0x0000000082c00000| Untracked 
|  13|0x0000000082d00000, 0x0000000082e00000, 0x0000000082e00000|100%| O|  |TAMS 0x0000000082e00000, 0x0000000082d00000| Untracked 
|  14|0x0000000082e00000, 0x0000000082f00000, 0x0000000082f00000|100%| O|  |TAMS 0x0000000082f00000, 0x0000000082e00000| Untracked 
|  15|0x0000000082f00000, 0x0000000083000000, 0x0000000083000000|100%| O|  |TAMS 0x0000000083000000, 0x0000000082f00000| Untracked 
|  16|0x0000000083000000, 0x0000000083100000, 0x0000000083100000|100%| O|  |TAMS 0x0000000083100000, 0x0000000083000000| Untracked 
|  17|0x0000000083100000, 0x0000000083200000, 0x0000000083200000|100%| O|  |TAMS 0x0000000083200000, 0x0000000083100000| Untracked 
|  18|0x0000000083200000, 0x0000000083300000, 0x0000000083300000|100%| O|  |TAMS 0x0000000083300000, 0x0000000083200000| Untracked 
|  19|0x0000000083300000, 0x0000000083400000, 0x0000000083400000|100%| O|  |TAMS 0x0000000083400000, 0x0000000083300000| Untracked 
|  20|0x0000000083400000, 0x0000000083500000, 0x0000000083500000|100%| O|  |TAMS 0x0000000083500000, 0x0000000083400000| Untracked 
|  21|0x0000000083500000, 0x0000000083600000, 0x0000000083600000|100%| O|  |TAMS 0x0000000083500000, 0x0000000083500000| Untracked 
|  22|0x0000000083600000, 0x0000000083700000, 0x0000000083700000|100%| O|  |TAMS 0x0000000083600000, 0x0000000083600000| Untracked 
|  23|0x0000000083700000, 0x0000000083800000, 0x0000000083800000|100%| O|  |TAMS 0x0000000083700000, 0x0000000083700000| Untracked 
|  24|0x0000000083800000, 0x0000000083900000, 0x0000000083900000|100%| O|  |TAMS 0x0000000083800000, 0x0000000083800000| Untracked 
|  25|0x0000000083900000, 0x00000000839b4400, 0x0000000083a00000| 70%| O|  |TAMS 0x0000000083900000, 0x0000000083900000| Untracked 
|  26|0x0000000083a00000, 0x0000000083a00000, 0x0000000083b00000|  0%| F|  |TAMS 0x0000000083a00000, 0x0000000083a00000| Untracked 
|  27|0x0000000083b00000, 0x0000000083b00000, 0x0000000083c00000|  0%| F|  |TAMS 0x0000000083b00000, 0x0000000083b00000| Untracked 
|  28|0x0000000083c00000, 0x0000000083c00000, 0x0000000083d00000|  0%| F|  |TAMS 0x0000000083c00000, 0x0000000083c00000| Untracked 
|  29|0x0000000083d00000, 0x0000000083d00000, 0x0000000083e00000|  0%| F|  |TAMS 0x0000000083d00000, 0x0000000083d00000| Untracked 
|  30|0x0000000083e00000, 0x0000000083e00000, 0x0000000083f00000|  0%| F|  |TAMS 0x0000000083e00000, 0x0000000083e00000| Untracked 
|  31|0x0000000083f00000, 0x0000000083f00000, 0x0000000084000000|  0%| F|  |TAMS 0x0000000083f00000, 0x0000000083f00000| Untracked 
|  32|0x0000000084000000, 0x0000000084000000, 0x0000000084100000|  0%| F|  |TAMS 0x0000000084000000, 0x0000000084000000| Untracked 
|  33|0x0000000084100000, 0x0000000084100000, 0x0000000084200000|  0%| F|  |TAMS 0x0000000084100000, 0x0000000084100000| Untracked 
|  34|0x0000000084200000, 0x0000000084200000, 0x0000000084300000|  0%| F|  |TAMS 0x0000000084200000, 0x0000000084200000| Untracked 
|  35|0x0000000084300000, 0x0000000084300000, 0x0000000084400000|  0%| F|  |TAMS 0x0000000084300000, 0x0000000084300000| Untracked 
|  36|0x0000000084400000, 0x0000000084474478, 0x0000000084500000| 45%| S|CS|TAMS 0x0000000084400000, 0x0000000084400000| Complete 
|  37|0x0000000084500000, 0x0000000084500000, 0x0000000084600000|  0%| F|  |TAMS 0x0000000084500000, 0x0000000084500000| Untracked 
|  38|0x0000000084600000, 0x0000000084600000, 0x0000000084700000|  0%| F|  |TAMS 0x0000000084600000, 0x0000000084600000| Untracked 
|  39|0x0000000084700000, 0x0000000084800000, 0x0000000084800000|100%| S|CS|TAMS 0x0000000084700000, 0x0000000084700000| Complete 
|  40|0x0000000084800000, 0x0000000084900000, 0x0000000084900000|100%| S|CS|TAMS 0x0000000084800000, 0x0000000084800000| Complete 
|  41|0x0000000084900000, 0x0000000084900000, 0x0000000084a00000|  0%| F|  |TAMS 0x0000000084900000, 0x0000000084900000| Untracked 
|  42|0x0000000084a00000, 0x0000000084a00000, 0x0000000084b00000|  0%| F|  |TAMS 0x0000000084a00000, 0x0000000084a00000| Untracked 
|  43|0x0000000084b00000, 0x0000000084b00000, 0x0000000084c00000|  0%| F|  |TAMS 0x0000000084b00000, 0x0000000084b00000| Untracked 
|  44|0x0000000084c00000, 0x0000000084c00000, 0x0000000084d00000|  0%| F|  |TAMS 0x0000000084c00000, 0x0000000084c00000| Untracked 
|  45|0x0000000084d00000, 0x0000000084d00000, 0x0000000084e00000|  0%| F|  |TAMS 0x0000000084d00000, 0x0000000084d00000| Untracked 
|  46|0x0000000084e00000, 0x0000000084e00000, 0x0000000084f00000|  0%| F|  |TAMS 0x0000000084e00000, 0x0000000084e00000| Untracked 
|  47|0x0000000084f00000, 0x0000000084f00000, 0x0000000085000000|  0%| F|  |TAMS 0x0000000084f00000, 0x0000000084f00000| Untracked 
|  48|0x0000000085000000, 0x0000000085000000, 0x0000000085100000|  0%| F|  |TAMS 0x0000000085000000, 0x0000000085000000| Untracked 
|  49|0x0000000085100000, 0x0000000085100000, 0x0000000085200000|  0%| F|  |TAMS 0x0000000085100000, 0x0000000085100000| Untracked 
|  50|0x0000000085200000, 0x0000000085200000, 0x0000000085300000|  0%| F|  |TAMS 0x0000000085200000, 0x0000000085200000| Untracked 
|  51|0x0000000085300000, 0x0000000085400000, 0x0000000085400000|100%| E|  |TAMS 0x0000000085300000, 0x0000000085300000| Complete 
|  52|0x0000000085400000, 0x0000000085500000, 0x0000000085500000|100%| E|  |TAMS 0x0000000085400000, 0x0000000085400000| Complete 
|  53|0x0000000085500000, 0x0000000085600000, 0x0000000085600000|100%| E|CS|TAMS 0x0000000085500000, 0x0000000085500000| Complete 
|  54|0x0000000085600000, 0x0000000085700000, 0x0000000085700000|100%| E|CS|TAMS 0x0000000085600000, 0x0000000085600000| Complete 
|  55|0x0000000085700000, 0x0000000085800000, 0x0000000085800000|100%| E|CS|TAMS 0x0000000085700000, 0x0000000085700000| Complete 
|  91|0x0000000087b00000, 0x0000000087c00000, 0x0000000087c00000|100%| E|CS|TAMS 0x0000000087b00000, 0x0000000087b00000| Complete 
|  92|0x0000000087c00000, 0x0000000087d00000, 0x0000000087d00000|100%| E|CS|TAMS 0x0000000087c00000, 0x0000000087c00000| Complete 
|  93|0x0000000087d00000, 0x0000000087e00000, 0x0000000087e00000|100%| E|CS|TAMS 0x0000000087d00000, 0x0000000087d00000| Complete 
|  94|0x0000000087e00000, 0x0000000087f00000, 0x0000000087f00000|100%| E|CS|TAMS 0x0000000087e00000, 0x0000000087e00000| Complete 
|  95|0x0000000087f00000, 0x0000000088000000, 0x0000000088000000|100%| E|CS|TAMS 0x0000000087f00000, 0x0000000087f00000| Complete 
|  96|0x0000000088000000, 0x0000000088100000, 0x0000000088100000|100%| E|CS|TAMS 0x0000000088000000, 0x0000000088000000| Complete 
|  97|0x0000000088100000, 0x0000000088200000, 0x0000000088200000|100%| E|CS|TAMS 0x0000000088100000, 0x0000000088100000| Complete 
| 125|0x0000000089d00000, 0x0000000089e00000, 0x0000000089e00000|100%| E|CS|TAMS 0x0000000089d00000, 0x0000000089d00000| Complete 

Card table byte_map: [0x0000016bb0020000,0x0000016bb0410000] _byte_map_base: 0x0000016bafc10000

Marking Bits (Prev, Next): (CMBitMap*) 0x0000016ba529f8c0, (CMBitMap*) 0x0000016ba529f900
 Prev Bits: [0x0000016bb0800000, 0x0000016bb2780000)
 Next Bits: [0x0000016bb2780000, 0x0000016bb4700000)

Polling page: 0x0000016ba4a10000

Metaspace:

Usage:
  Non-class:     43.69 MB used.
      Class:      7.48 MB used.
       Both:     51.17 MB used.

Virtual space:
  Non-class space:       64.00 MB reserved,      43.94 MB ( 69%) committed,  1 nodes.
      Class space:        1.00 GB reserved,       7.75 MB ( <1%) committed,  1 nodes.
             Both:        1.06 GB reserved,      51.69 MB (  5%) committed. 

Chunk freelists:
   Non-Class:  3.73 MB
       Class:  8.26 MB
        Both:  12.00 MB

MaxMetaspaceSize: unlimited
CompressedClassSpaceSize: 1.00 GB
Initial GC threshold: 21.00 MB
Current GC threshold: 58.88 MB
CDS: on
MetaspaceReclaimPolicy: balanced
 - commit_granule_bytes: 65536.
 - commit_granule_words: 8192.
 - virtual_space_node_default_size: 8388608.
 - enlarge_chunks_in_place: 1.
 - new_chunks_are_fully_committed: 0.
 - uncommit_free_chunks: 1.
 - use_allocation_guard: 0.
 - handle_deallocations: 1.


Internal statistics:

num_allocs_failed_limit: 6.
num_arena_births: 808.
num_arena_deaths: 0.
num_vsnodes_births: 2.
num_vsnodes_deaths: 0.
num_space_committed: 827.
num_space_uncommitted: 0.
num_chunks_returned_to_freelist: 6.
num_chunks_taken_from_freelist: 2741.
num_chunk_merges: 6.
num_chunk_splits: 1966.
num_chunks_enlarged: 1499.
num_inconsistent_stats: 0.

CodeCache: size=49152Kb used=12090Kb max_used=12090Kb free=37061Kb
 bounds [0x0000016bacb20000, 0x0000016bad6f0000, 0x0000016bafb20000]
 total_blobs=6652 nmethods=6011 adapters=564
 compilation: enabled
              stopped_count=0, restarted_count=0
 full_count=0

Compilation events (20 events):
Event: 9.834 Thread 0x0000016bfd950b20 6002       1       org.springframework.boot.autoconfigure.condition.ConditionEvaluationReport$ConditionAndOutcome::getOutcome (5 bytes)
Event: 9.834 Thread 0x0000016bfd950b20 nmethod 6002 0x0000016bad6ea810 code [0x0000016bad6ea9a0, 0x0000016bad6eaa78]
Event: 9.837 Thread 0x0000016bb71720d0 6003       1       java.util.TreeMap::forEach (58 bytes)
Event: 9.838 Thread 0x0000016bb71720d0 nmethod 6003 0x0000016bad6eab10 code [0x0000016bad6eace0, 0x0000016bad6eafb8]
Event: 9.841 Thread 0x0000016bfd950b20 6004       1       org.springframework.boot.autoconfigure.condition.ConditionEvaluationReport$$Lambda$1288/0x0000016bb97b8e90::accept (16 bytes)
Event: 9.841 Thread 0x0000016bb7325510 6005       1       org.springframework.boot.autoconfigure.condition.ConditionEvaluationReport::lambda$getConditionAndOutcomesBySource$1 (13 bytes)
Event: 9.842 Thread 0x0000016bfd950b20 nmethod 6004 0x0000016bad6eb190 code [0x0000016bad6eb3e0, 0x0000016bad6eb9e8]
Event: 9.842 Thread 0x0000016bb71b4730 6006       1       org.springframework.boot.autoconfigure.condition.ConditionEvaluationReport$ConditionAndOutcomes::isFullMatch (41 bytes)
Event: 9.843 Thread 0x0000016bb71b4730 nmethod 6006 0x0000016bad6ebe90 code [0x0000016bad6ec080, 0x0000016bad6ec3f8]
Event: 9.843 Thread 0x0000016bfd950b20 6007       1       org.springframework.boot.autoconfigure.condition.ConditionEvaluationReport$ConditionAndOutcomes::iterator (13 bytes)
Event: 9.843 Thread 0x0000016bb7325510 nmethod 6005 0x0000016bad6ec610 code [0x0000016bad6ec860, 0x0000016bad6ecde8]
Event: 9.843 Thread 0x0000016bfd950b20 nmethod 6007 0x0000016bad6ed290 code [0x0000016bad6ed440, 0x0000016bad6ed6b8]
Event: 9.844 Thread 0x0000016bb71b4730 6008       1       java.lang.Long::toString (55 bytes)
Event: 9.844 Thread 0x0000016bb71720d0 6009       1       java.math.BigDecimal::<init> (27 bytes)
Event: 9.844 Thread 0x0000016bb7325510 6011       1       java.time.ZonedDateTime::getLong (79 bytes)
Event: 9.844 Thread 0x0000016bfd950b20 6010       1       java.time.format.DateTimePrintContext::getValue (36 bytes)
Event: 9.845 Thread 0x0000016bb71720d0 nmethod 6009 0x0000016bad6ed810 code [0x0000016bad6ed9a0, 0x0000016bad6edab8]
Event: 9.845 Thread 0x0000016bb71b4730 nmethod 6008 0x0000016bad6edb10 code [0x0000016bad6edcc0, 0x0000016bad6edef8]
Event: 9.845 Thread 0x0000016bfd950b20 nmethod 6010 0x0000016bad6ee010 code [0x0000016bad6ee1c0, 0x0000016bad6ee348]
Event: 9.845 Thread 0x0000016bb7325510 nmethod 6011 0x0000016bad6ee410 code [0x0000016bad6ee5e0, 0x0000016bad6ee868]

GC Heap History (20 events):
Event: 2.875 GC heap before
{Heap before GC invocations=2 (full 0):
 garbage-first heap   total 129024K, used 56710K [0x0000000082000000, 0x0000000100000000)
  region size 1024K, 47 young (48128K), 2 survivors (2048K)
 Metaspace       used 19074K, committed 19520K, reserved 1114112K
  class space    used 2647K, committed 2880K, reserved 1048576K
}
Event: 2.883 GC heap after
{Heap after GC invocations=3 (full 0):
 garbage-first heap   total 129024K, used 14320K [0x0000000082000000, 0x0000000100000000)
  region size 1024K, 5 young (5120K), 5 survivors (5120K)
 Metaspace       used 19074K, committed 19520K, reserved 1114112K
  class space    used 2647K, committed 2880K, reserved 1048576K
}
Event: 4.517 GC heap before
{Heap before GC invocations=3 (full 0):
 garbage-first heap   total 129024K, used 41968K [0x0000000082000000, 0x0000000100000000)
  region size 1024K, 33 young (33792K), 5 survivors (5120K)
 Metaspace       used 21091K, committed 21504K, reserved 1114112K
  class space    used 2917K, committed 3136K, reserved 1048576K
}
Event: 4.524 GC heap after
{Heap after GC invocations=4 (full 0):
 garbage-first heap   total 129024K, used 17152K [0x0000000082000000, 0x0000000100000000)
  region size 1024K, 7 young (7168K), 7 survivors (7168K)
 Metaspace       used 21091K, committed 21504K, reserved 1114112K
  class space    used 2917K, committed 3136K, reserved 1048576K
}
Event: 5.461 GC heap before
{Heap before GC invocations=5 (full 0):
 garbage-first heap   total 65536K, used 48896K [0x0000000082000000, 0x0000000100000000)
  region size 1024K, 38 young (38912K), 7 survivors (7168K)
 Metaspace       used 23887K, committed 24384K, reserved 1114112K
  class space    used 3337K, committed 3584K, reserved 1048576K
}
Event: 5.470 GC heap after
{Heap after GC invocations=6 (full 0):
 garbage-first heap   total 65536K, used 18763K [0x0000000082000000, 0x0000000100000000)
  region size 1024K, 3 young (3072K), 3 survivors (3072K)
 Metaspace       used 23887K, committed 24384K, reserved 1114112K
  class space    used 3337K, committed 3584K, reserved 1048576K
}
Event: 6.122 GC heap before
{Heap before GC invocations=6 (full 0):
 garbage-first heap   total 65536K, used 44363K [0x0000000082000000, 0x0000000100000000)
  region size 1024K, 29 young (29696K), 3 survivors (3072K)
 Metaspace       used 26921K, committed 27392K, reserved 1114112K
  class space    used 3814K, committed 4032K, reserved 1048576K
}
Event: 6.128 GC heap after
{Heap after GC invocations=7 (full 0):
 garbage-first heap   total 65536K, used 20791K [0x0000000082000000, 0x0000000100000000)
  region size 1024K, 3 young (3072K), 3 survivors (3072K)
 Metaspace       used 26921K, committed 27392K, reserved 1114112K
  class space    used 3814K, committed 4032K, reserved 1048576K
}
Event: 6.771 GC heap before
{Heap before GC invocations=7 (full 0):
 garbage-first heap   total 65536K, used 46391K [0x0000000082000000, 0x0000000100000000)
  region size 1024K, 28 young (28672K), 3 survivors (3072K)
 Metaspace       used 30112K, committed 30592K, reserved 1114112K
  class space    used 4258K, committed 4480K, reserved 1048576K
}
Event: 6.777 GC heap after
{Heap after GC invocations=8 (full 0):
 garbage-first heap   total 65536K, used 22909K [0x0000000082000000, 0x0000000100000000)
  region size 1024K, 3 young (3072K), 3 survivors (3072K)
 Metaspace       used 30112K, committed 30592K, reserved 1114112K
  class space    used 4258K, committed 4480K, reserved 1048576K
}
Event: 7.433 GC heap before
{Heap before GC invocations=8 (full 0):
 garbage-first heap   total 65536K, used 47485K [0x0000000082000000, 0x0000000100000000)
  region size 1024K, 27 young (27648K), 3 survivors (3072K)
 Metaspace       used 34964K, committed 35520K, reserved 1114112K
  class space    used 4976K, committed 5248K, reserved 1048576K
}
Event: 7.437 GC heap after
{Heap after GC invocations=9 (full 0):
 garbage-first heap   total 65536K, used 24241K [0x0000000082000000, 0x0000000100000000)
  region size 1024K, 4 young (4096K), 4 survivors (4096K)
 Metaspace       used 34964K, committed 35520K, reserved 1114112K
  class space    used 4976K, committed 5248K, reserved 1048576K
}
Event: 7.473 GC heap before
{Heap before GC invocations=9 (full 0):
 garbage-first heap   total 65536K, used 25265K [0x0000000082000000, 0x0000000100000000)
  region size 1024K, 6 young (6144K), 4 survivors (4096K)
 Metaspace       used 35454K, committed 35968K, reserved 1114112K
  class space    used 5034K, committed 5312K, reserved 1048576K
}
Event: 7.477 GC heap after
{Heap after GC invocations=10 (full 0):
 garbage-first heap   total 65536K, used 24443K [0x0000000082000000, 0x0000000100000000)
  region size 1024K, 2 young (2048K), 2 survivors (2048K)
 Metaspace       used 35454K, committed 35968K, reserved 1114112K
  class space    used 5034K, committed 5312K, reserved 1048576K
}
Event: 8.093 GC heap before
{Heap before GC invocations=11 (full 0):
 garbage-first heap   total 65536K, used 50043K [0x0000000082000000, 0x0000000100000000)
  region size 1024K, 27 young (27648K), 2 survivors (2048K)
 Metaspace       used 41634K, committed 42176K, reserved 1114112K
  class space    used 5988K, committed 6272K, reserved 1048576K
}
Event: 8.096 GC heap after
{Heap after GC invocations=12 (full 0):
 garbage-first heap   total 65536K, used 25643K [0x0000000082000000, 0x0000000100000000)
  region size 1024K, 3 young (3072K), 3 survivors (3072K)
 Metaspace       used 41634K, committed 42176K, reserved 1114112K
  class space    used 5988K, committed 6272K, reserved 1048576K
}
Event: 8.722 GC heap before
{Heap before GC invocations=12 (full 0):
 garbage-first heap   total 65536K, used 50219K [0x0000000082000000, 0x0000000100000000)
  region size 1024K, 28 young (28672K), 3 survivors (3072K)
 Metaspace       used 47199K, committed 47808K, reserved 1114112K
  class space    used 6778K, committed 7040K, reserved 1048576K
}
Event: 8.726 GC heap after
{Heap after GC invocations=13 (full 0):
 garbage-first heap   total 65536K, used 27304K [0x0000000082000000, 0x0000000100000000)
  region size 1024K, 4 young (4096K), 4 survivors (4096K)
 Metaspace       used 47199K, committed 47808K, reserved 1114112K
  class space    used 6778K, committed 7040K, reserved 1048576K
}
Event: 9.486 GC heap before
{Heap before GC invocations=13 (full 0):
 garbage-first heap   total 65536K, used 50856K [0x0000000082000000, 0x0000000100000000)
  region size 1024K, 27 young (27648K), 4 survivors (4096K)
 Metaspace       used 51422K, committed 52096K, reserved 1114112K
  class space    used 7487K, committed 7808K, reserved 1048576K
}
Event: 9.490 GC heap after
{Heap after GC invocations=14 (full 0):
 garbage-first heap   total 65536K, used 28038K [0x0000000082000000, 0x0000000100000000)
  region size 1024K, 3 young (3072K), 3 survivors (3072K)
 Metaspace       used 51422K, committed 52096K, reserved 1114112K
  class space    used 7487K, committed 7808K, reserved 1048576K
}

Deoptimization events (4 events):
Event: 5.840 Thread 0x0000016bb7a24eb0 DEOPT PACKING pc=0x0000016bad38aeb4 sp=0x0000003aa1bfc5f0
Event: 5.840 Thread 0x0000016bb7a24eb0 DEOPT UNPACKING pc=0x0000016bacb72b43 sp=0x0000003aa1bfbb78 mode 0
Event: 5.840 Thread 0x0000016bb7a24eb0 DEOPT PACKING pc=0x0000016bad30e4ec sp=0x0000003aa1bfc7d0
Event: 5.840 Thread 0x0000016bb7a24eb0 DEOPT UNPACKING pc=0x0000016bacb72b43 sp=0x0000003aa1bfbc90 mode 0

Classes unloaded (0 events):
No events

Classes redefined (0 events):
No events

Internal exceptions (20 events):
Event: 7.588 Thread 0x0000016bb79f4df0 Exception <a 'java/lang/reflect/InvocationTargetException'{0x0000000087de76f0}> (0x0000000087de76f0) 
thrown [s\open\src\hotspot\share\runtime\reflection.cpp, line 1121]
Event: 7.756 Thread 0x0000016bb7a24eb0 Exception <a 'java/lang/NoSuchMethodError'{0x000000008523e700}: 'int java.lang.invoke.DirectMethodHandle$Holder.invokeStatic(java.lang.Object)'> (0x000000008523e700) 
thrown [s\open\src\hotspot\share\interpreter\linkResolver.cpp, line 759]
Event: 7.858 Thread 0x0000016bb7a24eb0 Exception <a 'java/lang/NoSuchMethodError'{0x0000000084e3c138}: 'java.lang.Object java.lang.invoke.DirectMethodHandle$Holder.newInvokeSpecial(java.lang.Object, java.lang.Object, java.lang.Object, java.lang.Object, int)'> (0x0000000084e3c138) 
thrown [s\open\src\hotspot\share\interpreter\linkResolver.cpp, line 759]
Event: 7.959 Thread 0x0000016bb7a24eb0 Exception <a 'java/lang/NoSuchMethodError'{0x0000000084a01810}: 'java.lang.Object java.lang.invoke.DirectMethodHandle$Holder.invokeStaticInit(java.lang.Object, java.lang.Object, java.lang.Object, java.lang.Object)'> (0x0000000084a01810) 
thrown [s\open\src\hotspot\share\interpreter\linkResolver.cpp, line 759]
Event: 7.967 Thread 0x0000016bb7a24eb0 Exception <a 'java/lang/NoSuchMethodError'{0x0000000084abfd20}: 'java.lang.Object java.lang.invoke.DirectMethodHandle$Holder.invokeSpecial(java.lang.Object, java.lang.Object, long, java.lang.Object, java.lang.Object, java.lang.Object, java.lang.Object, java.lang.Object, java.lang.Object, java.lang.Object)'> (0x0000000084abfd20) 
thrown [s\open\src\hotspot\share\interpreter\linkResolver.cpp, line 759]
Event: 7.967 Thread 0x0000016bb7a24eb0 Exception <a 'java/lang/NoSuchMethodError'{0x0000000084ac4ad8}: 'java.lang.Object java.lang.invoke.DelegatingMethodHandle$Holder.reinvoke_L(java.lang.Object, long, java.lang.Object, java.lang.Object, java.lang.Object, java.lang.Object, java.lang.Object, java.lang.Object, java.lang.Object)'> (0x0000000084ac4ad8) 
thrown [s\open\src\hotspot\share\interpreter\linkResolver.cpp, line 759]
Event: 7.968 Thread 0x0000016bb7a24eb0 Exception <a 'java/lang/NoSuchMethodError'{0x0000000084adbe50}: 'java.lang.Object java.lang.invoke.Invokers$Holder.linkToTargetMethod(java.lang.Object, java.lang.Object, java.lang.Object, java.lang.Object, java.lang.Object, java.lang.Object, java.lang.Object, java.lang.Object)'> (0x0000000084adbe50) 
thrown [s\open\src\hotspot\share\interpreter\linkResolver.cpp, line 759]
Event: 8.091 Thread 0x0000016bb79f4df0 Exception <a 'java/lang/reflect/InvocationTargetException'{0x00000000845e4518}> (0x00000000845e4518) 
thrown [s\open\src\hotspot\share\runtime\reflection.cpp, line 1121]
Event: 8.594 Thread 0x0000016bb79f4df0 Exception <a 'java/lang/reflect/InvocationTargetException'{0x0000000084c973b0}> (0x0000000084c973b0) 
thrown [s\open\src\hotspot\share\runtime\reflection.cpp, line 1121]
Event: 8.595 Thread 0x0000016bb7a24eb0 Exception <a 'java/lang/IncompatibleClassChangeError'{0x0000000084ca2f08}: Found class java.lang.Object, but interface was expected> (0x0000000084ca2f08) 
thrown [s\open\src\hotspot\share\interpreter\linkResolver.cpp, line 826]
Event: 8.612 Thread 0x0000016bb7a24eb0 Exception <a 'java/lang/NoSuchMethodError'{0x0000000084b5baa0}: 'java.lang.Object java.lang.invoke.DirectMethodHandle$Holder.invokeStatic(java.lang.Object, java.lang.Object, int, java.lang.Object)'> (0x0000000084b5baa0) 
thrown [s\open\src\hotspot\share\interpreter\linkResolver.cpp, line 759]
Event: 8.612 Thread 0x0000016bb7a24eb0 Exception <a 'java/lang/NoSuchMethodError'{0x0000000084b5f538}: 'java.lang.Object java.lang.invoke.DirectMethodHandle$Holder.invokeStaticInit(java.lang.Object, java.lang.Object, int, java.lang.Object)'> (0x0000000084b5f538) 
thrown [s\open\src\hotspot\share\interpreter\linkResolver.cpp, line 759]
Event: 9.698 Thread 0x0000016bb7a24eb0 Exception <a 'java/lang/NoSuchMethodError'{0x00000000856e1ca0}: 'void java.lang.invoke.DirectMethodHandle$Holder.invokeInterface(java.lang.Object, java.lang.Object, int, java.lang.Object)'> (0x00000000856e1ca0) 
thrown [s\open\src\hotspot\share\interpreter\linkResolver.cpp, line 759]
Event: 9.704 Thread 0x0000016bb7a24eb0 Exception <a 'java/lang/NoSuchMethodError'{0x000000008550b380}: 'java.lang.Object java.lang.invoke.DirectMethodHandle$Holder.newInvokeSpecial(java.lang.Object, java.lang.Object, int, java.lang.Object)'> (0x000000008550b380) 
thrown [s\open\src\hotspot\share\interpreter\linkResolver.cpp, line 759]
Event: 9.704 Thread 0x0000016bb7a24eb0 Exception <a 'java/lang/NoSuchMethodError'{0x000000008550ef48}: 'java.lang.Object java.lang.invoke.Invokers$Holder.linkToTargetMethod(java.lang.Object, int, java.lang.Object, java.lang.Object)'> (0x000000008550ef48) 
thrown [s\open\src\hotspot\share\interpreter\linkResolver.cpp, line 759]
Event: 9.779 Thread 0x0000016bb7a24eb0 Exception <a 'java/lang/NoSuchMethodError'{0x000000008543b2f8}: 'void java.lang.invoke.DirectMethodHandle$Holder.invokeSpecial(java.lang.Object, java.lang.Object, int, java.lang.Object)'> (0x000000008543b2f8) 
thrown [s\open\src\hotspot\share\interpreter\linkResolver.cpp, line 759]
Event: 9.780 Thread 0x0000016bb7a24eb0 Exception <a 'java/lang/NoSuchMethodError'{0x0000000085442160}: 'java.lang.Object java.lang.invoke.DirectMethodHandle$Holder.newInvokeSpecial(java.lang.Object, java.lang.Object, int)'> (0x0000000085442160) 
thrown [s\open\src\hotspot\share\interpreter\linkResolver.cpp, line 759]
Event: 9.789 Thread 0x0000016bb7a24eb0 Exception <a 'java/lang/OutOfMemoryError'{0x00000000854aeb20}> (0x00000000854aeb20) 
thrown [s\open\src\hotspot\share\prims\jni.cpp, line 535]
Event: 9.798 Thread 0x0000016bb7a24eb0 Exception <a 'java/lang/NoSuchMethodError'{0x00000000854d5630}: 'int java.lang.invoke.DirectMethodHandle$Holder.invokeStatic(java.lang.Object, int, java.lang.Object)'> (0x00000000854d5630) 
thrown [s\open\src\hotspot\share\interpreter\linkResolver.cpp, line 759]
Event: 9.818 Thread 0x0000016bb7a23a70 Exception <a 'java/lang/InterruptedException'{0x00000000853a91c8}: sleep interrupted> (0x00000000853a91c8) 
thrown [s\open\src\hotspot\share\prims\jvm.cpp, line 3064]

VM Operations (20 events):
Event: 7.528 Executing VM operation: G1Concurrent
Event: 7.528 Executing VM operation: G1Concurrent done
Event: 7.887 Executing VM operation: HandshakeAllThreads
Event: 7.887 Executing VM operation: HandshakeAllThreads done
Event: 8.093 Executing VM operation: G1CollectForAllocation
Event: 8.096 Executing VM operation: G1CollectForAllocation done
Event: 8.181 Executing VM operation: HandshakeAllThreads
Event: 8.181 Executing VM operation: HandshakeAllThreads done
Event: 8.722 Executing VM operation: G1CollectForAllocation
Event: 8.726 Executing VM operation: G1CollectForAllocation done
Event: 8.911 Executing VM operation: HandshakeAllThreads
Event: 8.911 Executing VM operation: HandshakeAllThreads done
Event: 8.948 Executing VM operation: HandshakeAllThreads
Event: 8.948 Executing VM operation: HandshakeAllThreads done
Event: 9.111 Executing VM operation: HandshakeAllThreads
Event: 9.111 Executing VM operation: HandshakeAllThreads done
Event: 9.327 Executing VM operation: ICBufferFull
Event: 9.327 Executing VM operation: ICBufferFull done
Event: 9.486 Executing VM operation: G1CollectForAllocation
Event: 9.490 Executing VM operation: G1CollectForAllocation done

Events (20 events):
Event: 9.816 loading class com/sun/beans/introspect/ClassInfo done
Event: 9.816 loading class com/sun/beans/introspect/ClassInfo$1
Event: 9.816 loading class com/sun/beans/util/Cache
Event: 9.816 loading class com/sun/beans/util/Cache done
Event: 9.816 loading class com/sun/beans/introspect/ClassInfo$1 done
Event: 9.816 loading class com/sun/beans/util/Cache$Kind
Event: 9.816 loading class com/sun/beans/util/Cache$Kind done
Event: 9.816 loading class com/sun/beans/util/Cache$Kind$1
Event: 9.816 loading class com/sun/beans/util/Cache$Kind$1 done
Event: 9.816 loading class com/sun/beans/util/Cache$Kind$2
Event: 9.817 loading class com/sun/beans/util/Cache$Kind$2 done
Event: 9.817 loading class com/sun/beans/util/Cache$Kind$3
Event: 9.817 loading class com/sun/beans/util/Cache$Kind$3 done
Event: 9.817 loading class com/sun/beans/util/Cache$CacheEntry
Event: 9.817 loading class com/sun/beans/util/Cache$CacheEntry done
Event: 9.817 loading class java/util/WeakHashMap$KeyIterator
Event: 9.817 loading class java/util/WeakHashMap$KeyIterator done
Event: 9.818 Thread 0x0000016bb7a23a70 Thread exited: 0x0000016bb7a23a70
Event: 9.830 Thread 0x0000016bb7a22120 Thread exited: 0x0000016bb7a22120
Event: 9.834 Thread 0x0000016bb7a23560 Thread exited: 0x0000016bb7a23560


Dynamic libraries:
0x00007ff779ee0000 - 0x00007ff779ef0000 	C:\Program Files\Java\jdk-17\bin\javaw.exe
0x00007ffd57d70000 - 0x00007ffd57f68000 	C:\Windows\SYSTEM32\ntdll.dll
0x00007ffd55e50000 - 0x00007ffd55f12000 	C:\Windows\System32\KERNEL32.DLL
0x00007ffd55900000 - 0x00007ffd55bf7000 	C:\Windows\System32\KERNELBASE.dll
0x00007ffd55c90000 - 0x00007ffd55d90000 	C:\Windows\System32\ucrtbase.dll
0x00007ffd4f350000 - 0x00007ffd4f369000 	C:\Program Files\Java\jdk-17\bin\jli.dll
0x00007ffd4e940000 - 0x00007ffd4e95b000 	C:\Program Files\Java\jdk-17\bin\VCRUNTIME140.dll
0x00007ffd55d90000 - 0x00007ffd55e41000 	C:\Windows\System32\ADVAPI32.dll
0x00007ffd56770000 - 0x00007ffd5680e000 	C:\Windows\System32\msvcrt.dll
0x00007ffd579e0000 - 0x00007ffd57a7f000 	C:\Windows\System32\sechost.dll
0x00007ffd56580000 - 0x00007ffd566a6000 	C:\Windows\System32\RPCRT4.dll
0x00007ffd55550000 - 0x00007ffd55577000 	C:\Windows\System32\bcrypt.dll
0x00007ffd568b0000 - 0x00007ffd56a4d000 	C:\Windows\System32\USER32.dll
0x00007ffd55760000 - 0x00007ffd55782000 	C:\Windows\System32\win32u.dll
0x00007ffd56dc0000 - 0x00007ffd56deb000 	C:\Windows\System32\GDI32.dll
0x00007ffd557e0000 - 0x00007ffd558f9000 	C:\Windows\System32\gdi32full.dll
0x00007ffd554b0000 - 0x00007ffd5554d000 	C:\Windows\System32\msvcp_win.dll
0x00007ffd47770000 - 0x00007ffd47a0a000 	C:\Windows\WinSxS\amd64_microsoft.windows.common-controls_6595b64144ccf1df_6.0.19041.5915_none_60b4b9d171f9c7c7\COMCTL32.dll
0x00007ffd4f970000 - 0x00007ffd4f97a000 	C:\Windows\SYSTEM32\VERSION.dll
0x00007ffd56b30000 - 0x00007ffd56b5f000 	C:\Windows\System32\IMM32.DLL
0x00007ffd4af70000 - 0x00007ffd4af7c000 	C:\Program Files\Java\jdk-17\bin\vcruntime140_1.dll
0x00007ffd326b0000 - 0x00007ffd3273e000 	C:\Program Files\Java\jdk-17\bin\msvcp140.dll
0x00007ffd0dd80000 - 0x00007ffd0e961000 	C:\Program Files\Java\jdk-17\bin\server\jvm.dll
0x00007ffd56bc0000 - 0x00007ffd56bc8000 	C:\Windows\System32\PSAPI.DLL
0x00007ffd3dc60000 - 0x00007ffd3dc69000 	C:\Windows\SYSTEM32\WSOCK32.dll
0x00007ffd42c80000 - 0x00007ffd42ca7000 	C:\Windows\SYSTEM32\WINMM.dll
0x00007ffd57560000 - 0x00007ffd575cb000 	C:\Windows\System32\WS2_32.dll
0x00007ffd532a0000 - 0x00007ffd532b2000 	C:\Windows\SYSTEM32\kernel.appcore.dll
0x00007ffd4af60000 - 0x00007ffd4af6a000 	C:\Program Files\Java\jdk-17\bin\jimage.dll
0x00007ffd43900000 - 0x00007ffd43b01000 	C:\Windows\SYSTEM32\DBGHELP.DLL
0x00007ffd3e300000 - 0x00007ffd3e334000 	C:\Windows\SYSTEM32\dbgcore.DLL
0x00007ffd55c00000 - 0x00007ffd55c82000 	C:\Windows\System32\bcryptPrimitives.dll
0x00007ffd4a560000 - 0x00007ffd4a585000 	C:\Program Files\Java\jdk-17\bin\java.dll
0x00007ffd31df0000 - 0x00007ffd31ec7000 	C:\Program Files\Java\jdk-17\bin\jsvml.dll
0x00007ffd56df0000 - 0x00007ffd5755e000 	C:\Windows\System32\SHELL32.dll
0x00007ffd534a0000 - 0x00007ffd53c44000 	C:\Windows\SYSTEM32\windows.storage.dll
0x00007ffd575d0000 - 0x00007ffd57923000 	C:\Windows\System32\combase.dll
0x00007ffd54dc0000 - 0x00007ffd54deb000 	C:\Windows\SYSTEM32\Wldp.dll
0x00007ffd55f20000 - 0x00007ffd55fed000 	C:\Windows\System32\OLEAUT32.dll
0x00007ffd56d00000 - 0x00007ffd56dad000 	C:\Windows\System32\SHCORE.dll
0x00007ffd57b20000 - 0x00007ffd57b7b000 	C:\Windows\System32\shlwapi.dll
0x00007ffd55330000 - 0x00007ffd55354000 	C:\Windows\SYSTEM32\profapi.dll
0x00007ffd4af40000 - 0x00007ffd4af59000 	C:\Program Files\Java\jdk-17\bin\net.dll
0x00007ffd4f160000 - 0x00007ffd4f26a000 	C:\Windows\SYSTEM32\WINHTTP.dll
0x00007ffd54ac0000 - 0x00007ffd54b2a000 	C:\Windows\system32\mswsock.dll
0x00007ffd4a6f0000 - 0x00007ffd4a706000 	C:\Program Files\Java\jdk-17\bin\nio.dll
0x00007ffd4a480000 - 0x00007ffd4a498000 	C:\Program Files\Java\jdk-17\bin\zip.dll
0x00007ffd4a720000 - 0x00007ffd4a72a000 	C:\Program Files\Java\jdk-17\bin\management.dll
0x00007ffd4a550000 - 0x00007ffd4a55b000 	C:\Program Files\Java\jdk-17\bin\management_ext.dll
0x00007ffd41940000 - 0x00007ffd41957000 	C:\Windows\system32\napinsp.dll
0x00007ffd41920000 - 0x00007ffd4193b000 	C:\Windows\system32\pnrpnsp.dll
0x00007ffd41900000 - 0x00007ffd4191d000 	C:\Windows\system32\wshbth.dll
0x00007ffd52440000 - 0x00007ffd5245d000 	C:\Windows\system32\NLAapi.dll
0x00007ffd547a0000 - 0x00007ffd547db000 	C:\Windows\SYSTEM32\IPHLPAPI.DLL
0x00007ffd547e0000 - 0x00007ffd548aa000 	C:\Windows\SYSTEM32\DNSAPI.dll
0x00007ffd56810000 - 0x00007ffd56818000 	C:\Windows\System32\NSI.dll
0x00007ffd418e0000 - 0x00007ffd418f2000 	C:\Windows\System32\winrnr.dll
0x00007ffd4f270000 - 0x00007ffd4f27a000 	C:\Windows\System32\rasadhlp.dll
0x00007ffd4d240000 - 0x00007ffd4d2c0000 	C:\Windows\System32\fwpuclnt.dll
0x00007ffd54cb0000 - 0x00007ffd54cc8000 	C:\Windows\SYSTEM32\CRYPTSP.dll
0x00007ffd543e0000 - 0x00007ffd54418000 	C:\Windows\system32\rsaenh.dll
0x00007ffd552f0000 - 0x00007ffd5531e000 	C:\Windows\SYSTEM32\USERENV.dll
0x00007ffd54cd0000 - 0x00007ffd54cdc000 	C:\Windows\SYSTEM32\CRYPTBASE.dll
0x00007ffd4fce0000 - 0x00007ffd4fcf7000 	C:\Windows\SYSTEM32\dhcpcsvc6.DLL
0x00007ffd4fcb0000 - 0x00007ffd4fccd000 	C:\Windows\SYSTEM32\dhcpcsvc.DLL
0x00007ffd4a470000 - 0x00007ffd4a47e000 	C:\Program Files\Java\jdk-17\bin\sunmscapi.dll
0x00007ffd55580000 - 0x00007ffd556dd000 	C:\Windows\System32\CRYPT32.dll
0x00007ffd54e30000 - 0x00007ffd54e57000 	C:\Windows\SYSTEM32\ncrypt.dll
0x00007ffd54df0000 - 0x00007ffd54e2b000 	C:\Windows\SYSTEM32\NTASN1.dll
0x00007ffd48620000 - 0x00007ffd48630000 	C:\Program Files\Java\jdk-17\bin\verify.dll

dbghelp: loaded successfully - version: 4.0.5 - missing functions: none
symbol engine: initialized successfully - sym options: 0x614 - pdb path: .;C:\Program Files\Java\jdk-17\bin;C:\Windows\SYSTEM32;C:\Windows\WinSxS\amd64_microsoft.windows.common-controls_6595b64144ccf1df_6.0.19041.5915_none_60b4b9d171f9c7c7;C:\Program Files\Java\jdk-17\bin\server

VM Arguments:
jvm_args: -Dcom.sun.management.jmxremote -Dcom.sun.management.jmxremote.port=9666 -Dcom.sun.management.jmxremote.authenticate=false -Dcom.sun.management.jmxremote.ssl=false -Djava.rmi.server.hostname=localhost -Dspring.jmx.enabled=true -Dmanagement.endpoints.jmx.exposure.include=* -Dspring.application.admin.enabled=true -Dspring.output.ansi.enabled=always -XX:TieredStopAtLevel=1 -Dspring.boot.project.name=backend -Dfile.encoding=UTF-8 -Dstdout.encoding=UTF-8 -Dstderr.encoding=UTF-8 -XX:+ShowCodeDetailsInExceptionMessages 
java_command: com.project.TeamProjectApplication
java_class_path (initial): C:\Users\JA306\git\TeamProject_main\Project\backend\target\classes;C:\Users\JA306\.m2\repository\org\springframework\boot\spring-boot-starter-data-jpa\3.5.3\spring-boot-starter-data-jpa-3.5.3.jar;C:\Users\JA306\.m2\repository\org\springframework\boot\spring-boot-starter\3.5.3\spring-boot-starter-3.5.3.jar;C:\Users\JA306\.m2\repository\org\springframework\boot\spring-boot-starter-logging\3.5.3\spring-boot-starter-logging-3.5.3.jar;C:\Users\JA306\.m2\repository\ch\qos\logback\logback-classic\1.5.18\logback-classic-1.5.18.jar;C:\Users\JA306\.m2\repository\ch\qos\logback\logback-core\1.5.18\logback-core-1.5.18.jar;C:\Users\JA306\.m2\repository\org\apache\logging\log4j\log4j-to-slf4j\2.24.3\log4j-to-slf4j-2.24.3.jar;C:\Users\JA306\.m2\repository\org\apache\logging\log4j\log4j-api\2.24.3\log4j-api-2.24.3.jar;C:\Users\JA306\.m2\repository\org\slf4j\jul-to-slf4j\2.0.17\jul-to-slf4j-2.0.17.jar;C:\Users\JA306\.m2\repository\jakarta\annotation\jakarta.annotation-api\2.1.1\jakarta.annotation-api-2.1.1.jar;C:\Users\JA306\.m2\repository\org\yaml\snakeyaml\2.4\snakeyaml-2.4.jar;C:\Users\JA306\.m2\repository\org\springframework\boot\spring-boot-starter-jdbc\3.5.3\spring-boot-starter-jdbc-3.5.3.jar;C:\Users\JA306\.m2\repository\com\zaxxer\HikariCP\6.3.0\HikariCP-6.3.0.jar;C:\Users\JA306\.m2\repository\org\springframework\spring-jdbc\6.2.8\spring-jdbc-6.2.8.jar;C:\Users\JA306\.m2\repository\org\hibernate\orm\hibernate-core\6.6.18.Final\hibernate-core-6.6.18.Final.jar;C:\Users\JA306\.m2\repository\jakarta\persistence\jakarta.persistence-api\3.1.0\jakarta.persistence-api-3.1.0.jar;C:\Users\JA306\.m2\repository\jakarta\transaction\jakarta.transaction-api\2.0.1\jakarta.transaction-api-2.0.1.jar;C:\Users\JA306\.m2\repository\org\jboss\logging\jboss-logging\3.6.1.Final\jboss-logging-3.6.1.Final.jar;C:\Users\JA306\.m2\repository\org\hibernate\common\hibernate-commons-annotations\7.0.3.Final\hibernate-commons-annotations-7.0.3.Final.jar;C:\Users\JA306\.m2\reposit
Launcher Type: SUN_STANDARD

[Global flags]
     intx CICompilerCount                          = 4                                         {product} {ergonomic}
     uint ConcGCThreads                            = 2                                         {product} {ergonomic}
     uint G1ConcRefinementThreads                  = 8                                         {product} {ergonomic}
   size_t G1HeapRegionSize                         = 1048576                                   {product} {ergonomic}
    uintx GCDrainStackTargetSize                   = 64                                        {product} {ergonomic}
   size_t InitialHeapSize                          = 132120576                                 {product} {ergonomic}
     bool ManagementServer                         = true                                      {product} {command line}
   size_t MarkStackSize                            = 4194304                                   {product} {ergonomic}
   size_t MaxHeapSize                              = 2113929216                                {product} {ergonomic}
   size_t MaxNewSize                               = 1267728384                                {product} {ergonomic}
   size_t MinHeapDeltaBytes                        = 1048576                                   {product} {ergonomic}
   size_t MinHeapSize                              = 8388608                                   {product} {ergonomic}
    uintx NonProfiledCodeHeapSize                  = 0                                      {pd product} {ergonomic}
     bool ProfileInterpreter                       = false                                  {pd product} {command line}
    uintx ProfiledCodeHeapSize                     = 0                                      {pd product} {ergonomic}
     bool ShowCodeDetailsInExceptionMessages       = true                                   {manageable} {command line}
   size_t SoftMaxHeapSize                          = 2113929216                             {manageable} {ergonomic}
     intx TieredStopAtLevel                        = 1                                         {product} {command line}
     bool UseCompressedClassPointers               = true                           {product lp64_product} {ergonomic}
     bool UseCompressedOops                        = true                           {product lp64_product} {ergonomic}
     bool UseG1GC                                  = true                                      {product} {ergonomic}
     bool UseLargePagesIndividualAllocation        = false                                  {pd product} {ergonomic}

Logging:
Log output configuration:
 #0: stdout all=warning uptime,level,tags
 #1: stderr all=off uptime,level,tags

Environment Variables:
JAVA_HOME=C:\Program Files\Java\jdk-17
PATH=C:/Users/JA306/Desktop/sts-4.30.0.RELEASE//plugins/org.eclipse.justj.openjdk.hotspot.jre.full.win32.x86_64_21.0.6.v20250130-0529/jre/bin/server;C:/Users/JA306/Desktop/sts-4.30.0.RELEASE//plugins/org.eclipse.justj.openjdk.hotspot.jre.full.win32.x86_64_21.0.6.v20250130-0529/jre/bin;C:\Python313\Scripts\;C:\Python313\;C:\Program Files\Java\jdk-17\bin;C:\oraclexe\app\oracle\product\11.2.0\server\bin;C:\Program Files\Common Files\Oracle\Java\javapath;C:\Windows\system32;C:\Windows;C:\Windows\System32\Wbem;C:\Windows\System32\WindowsPowerShell\v1.0\;C:\Windows\System32\OpenSSH\;C:\Program Files\Bandizip\;C:\spring\apache-maven-3.9.9\bin;C:\Program Files\nodejs\;C:\ProgramData\chocolatey\bin;C:\Program Files\Git\cmd;C:\Users\JA306\anaconda3;C:\Users\JA306\anaconda3\Library\mingw-w64\bin;C:\Users\JA306\anaconda3\Library\usr\bin;C:\Users\JA306\anaconda3\Library\bin;C:\Users\JA306\anaconda3\Scripts;C:\Users\JA306\AppData\Local\Microsoft\WindowsApps;C:\Users\JA306\AppData\Local\Programs\Microsoft VS Code\bin;C:\Users\JA306\AppData\Roaming\npm;C:\Users\JA306\Desktop\sts-4.30.0.RELEASE;
USERNAME=JA306
OS=Windows_NT
PROCESSOR_IDENTIFIER=Intel64 Family 6 Model 60 Stepping 3, GenuineIntel



---------------  S Y S T E M  ---------------

OS:
 Windows 10 , 64 bit Build 19041 (10.0.19041.5915)
OS uptime: 3 days 7:05 hours

CPU: total 8 (initial active 8) (4 cores per cpu, 2 threads per core) family 6 model 60 stepping 3 microcode 0x27, cx8, cmov, fxsr, ht, mmx, sse, sse2, sse3, ssse3, sse4.1, sse4.2, popcnt, lzcnt, tsc, tscinvbit, avx, avx2, aes, erms, clmul, bmi1, bmi2, fma, vzeroupper, clflush

Memory: 4k page, system-wide physical 8057M (374M free)
TotalPageFile size 32633M (AvailPageFile size 100M)
current process WorkingSet (physical memory assigned to process): 189M, peak: 189M
current process commit charge ("private bytes"): 232M, peak: 246M

vm_info: Java HotSpot(TM) 64-Bit Server VM (17.0.14+8-LTS-191) for windows-amd64 JRE (17.0.14+8-LTS-191), built on Dec  3 2024 11:07:59 by "mach5one" with MS VC++ 17.6 (VS2022)

END.
