#
# There is insufficient memory for the Java Runtime Environment to continue.
# Native memory allocation (mmap) failed to map 312475648 bytes for G1 virtual space
# Possible reasons:
#   The system is out of physical RAM or swap space
#   The process is running with CompressedOops enabled, and the Java Heap may be blocking the growth of the native heap
# Possible solutions:
#   Reduce memory load on the system
#   Increase physical memory or swap space
#   Check if swap backing store is full
#   Decrease Java heap size (-Xmx/-Xms)
#   Decrease number of Java threads
#   Decrease Java thread stack sizes (-Xss)
#   Set larger code cache with -XX:ReservedCodeCacheSize=
#   JVM is running with Unscaled Compressed Oops mode in which the Java heap is
#     placed in the first 4GB address space. The Java Heap base address is the
#     maximum limit for the native heap growth. Please use -XX:HeapBaseMinAddress
#     to set the Java Heap base and to place the Java Heap above 4GB virtual address.
# This output file may be truncated or incomplete.
#
#  Out of Memory Error (os_windows.cpp:3551), pid=10264, tid=11636
#
# JRE version: Java(TM) SE Runtime Environment (17.0.14+8) (build 17.0.14+8-LTS-191)
# Java VM: Java HotSpot(TM) 64-Bit Server VM (17.0.14+8-LTS-191, mixed mode, emulated-client, sharing, tiered, compressed oops, compressed class ptrs, g1 gc, windows-amd64)
# No core dump will be written. Minidumps are not enabled by default on client versions of Windows
#

---------------  S U M M A R Y ------------

Command Line: -Dcom.sun.management.jmxremote -Dcom.sun.management.jmxremote.port=9621 -Dcom.sun.management.jmxremote.authenticate=false -Dcom.sun.management.jmxremote.ssl=false -Djava.rmi.server.hostname=localhost -Dspring.jmx.enabled=true -Dmanagement.endpoints.jmx.exposure.include=* -Dspring.application.admin.enabled=true -Dspring.output.ansi.enabled=always -XX:TieredStopAtLevel=1 -Dspring.boot.project.name=backend -Dfile.encoding=UTF-8 -Dstdout.encoding=UTF-8 -Dstderr.encoding=UTF-8 -XX:+ShowCodeDetailsInExceptionMessages com.project.TeamProjectApplication

Host: Intel(R) Core(TM) i7-4770 CPU @ 3.40GHz, 8 cores, 7G,  Windows 10 , 64 bit Build 19041 (10.0.19041.5915)
Time: Fri Aug 29 16:03:58 2025  Windows 10 , 64 bit Build 19041 (10.0.19041.5915) elapsed time: 10.275581 seconds (0d 0h 0m 10s)

---------------  T H R E A D  ---------------

Current thread (0x000002ed7c693090):  VMThread "VM Thread" [stack: 0x000000f003e00000,0x000000f003f00000] [id=11636]

Stack: [0x000000f003e00000,0x000000f003f00000]
Native frames: (J=compiled Java code, j=interpreted, Vv=VM code, C=native code)
V  [jvm.dll+0x67a38a]
V  [jvm.dll+0x7da7ed]
V  [jvm.dll+0x7dc133]
V  [jvm.dll+0x7dc7a3]
V  [jvm.dll+0x24517f]
V  [jvm.dll+0x6773b9]
V  [jvm.dll+0x66c062]
V  [jvm.dll+0x302096]
V  [jvm.dll+0x309636]
V  [jvm.dll+0x359f8e]
V  [jvm.dll+0x35a1bf]
V  [jvm.dll+0x2d9168]
V  [jvm.dll+0x2d759d]
V  [jvm.dll+0x2d6bec]
V  [jvm.dll+0x31a74b]
V  [jvm.dll+0x7e109b]
V  [jvm.dll+0x7e1dd4]
V  [jvm.dll+0x7e22ed]
V  [jvm.dll+0x7e26c4]
V  [jvm.dll+0x7e2790]
V  [jvm.dll+0x78b04a]
V  [jvm.dll+0x679275]
C  [ucrtbase.dll+0x21bb2]
C  [KERNEL32.DLL+0x17374]
C  [ntdll.dll+0x4cc91]

VM_Operation (0x000000f005cf5d40): G1CollectForAllocation, mode: safepoint, requested by thread 0x000002ed7d1f6480


---------------  P R O C E S S  ---------------

Threads class SMR info:
_java_thread_list=0x000002ed7e96d2d0, length=28, elements={
0x000002ed6a756980, 0x000002ed7c697010, 0x000002ed7c69a550, 0x000002ed7c6c46c0,
0x000002ed7c6b10f0, 0x000002ed7c6b3910, 0x000002ed7c6b83e0, 0x000002ed7c6bc330,
0x000002ed7c6ba750, 0x000002ed7c6ba240, 0x000002ed7c835e60, 0x000002ed7c6bb170,
0x000002ed7c6b88f0, 0x000002ed7c6b9820, 0x000002ed7c6b9310, 0x000002ed7c6bac60,
0x000002ed7c6bb680, 0x000002ed7c6b9d30, 0x000002ed7c6b7ed0, 0x000002ed7c6b8e00,
0x000002ed7d1f6480, 0x000002ed7d318c60, 0x000002ed7d90c010, 0x000002ed7d1f87f0,
0x000002ed7d1f8d00, 0x000002ed7d1f6ea0, 0x000002ed7d1f9210, 0x000002ed7d1f1da0
}

Java Threads: ( => current thread )
  0x000002ed6a756980 JavaThread "main" [_thread_blocked, id=15792, stack(0x000000f003800000,0x000000f003900000)]
  0x000002ed7c697010 JavaThread "Reference Handler" daemon [_thread_blocked, id=19604, stack(0x000000f003f00000,0x000000f004000000)]
  0x000002ed7c69a550 JavaThread "Finalizer" daemon [_thread_blocked, id=3212, stack(0x000000f004000000,0x000000f004100000)]
  0x000002ed7c6c46c0 JavaThread "Signal Dispatcher" daemon [_thread_blocked, id=12448, stack(0x000000f004100000,0x000000f004200000)]
  0x000002ed7c6b10f0 JavaThread "Attach Listener" daemon [_thread_blocked, id=9148, stack(0x000000f004200000,0x000000f004300000)]
  0x000002ed7c6b3910 JavaThread "Service Thread" daemon [_thread_blocked, id=7252, stack(0x000000f004300000,0x000000f004400000)]
  0x000002ed7c6b83e0 JavaThread "Monitor Deflation Thread" daemon [_thread_blocked, id=13124, stack(0x000000f004400000,0x000000f004500000)]
  0x000002ed7c6bc330 JavaThread "C1 CompilerThread0" daemon [_thread_blocked, id=9784, stack(0x000000f004500000,0x000000f004600000)]
  0x000002ed7c6ba750 JavaThread "Sweeper thread" daemon [_thread_blocked, id=6572, stack(0x000000f004600000,0x000000f004700000)]
  0x000002ed7c6ba240 JavaThread "Common-Cleaner" daemon [_thread_blocked, id=19568, stack(0x000000f004700000,0x000000f004800000)]
  0x000002ed7c835e60 JavaThread "C1 CompilerThread1" daemon [_thread_blocked, id=1328, stack(0x000000f004800000,0x000000f004900000)]
  0x000002ed7c6bb170 JavaThread "Notification Thread" daemon [_thread_blocked, id=12652, stack(0x000000f004900000,0x000000f004a00000)]
  0x000002ed7c6b88f0 JavaThread "RMI TCP Accept-0" daemon [_thread_in_native, id=8876, stack(0x000000f004a00000,0x000000f004b00000)]
  0x000002ed7c6b9820 JavaThread "RMI TCP Accept-9621" daemon [_thread_in_native, id=960, stack(0x000000f004b00000,0x000000f004c00000)]
  0x000002ed7c6b9310 JavaThread "RMI TCP Accept-0" daemon [_thread_in_native, id=3352, stack(0x000000f004c00000,0x000000f004d00000)]
  0x000002ed7c6bac60 JavaThread "RMI TCP Connection(1)-127.0.0.1" daemon [_thread_in_native, id=20420, stack(0x000000f004e00000,0x000000f004f00000)]
  0x000002ed7c6bb680 JavaThread "RMI Scheduler(0)" daemon [_thread_blocked, id=16716, stack(0x000000f004f00000,0x000000f005000000)]
  0x000002ed7c6b9d30 JavaThread "RMI TCP Connection(2)-127.0.0.1" daemon [_thread_in_native, id=17888, stack(0x000000f005000000,0x000000f005100000)]
  0x000002ed7c6b7ed0 JavaThread "JMX server connection timeout 22" daemon [_thread_blocked, id=4848, stack(0x000000f005100000,0x000000f005200000)]
  0x000002ed7c6b8e00 JavaThread "Thread-0" [_thread_blocked, id=11216, stack(0x000000f005b00000,0x000000f005c00000)]
  0x000002ed7d1f6480 JavaThread "restartedMain" [_thread_blocked, id=15536, stack(0x000000f005c00000,0x000000f005d00000)]
  0x000002ed7d318c60 JavaThread "C1 CompilerThread2" daemon [_thread_blocked, id=19948, stack(0x000000f005e00000,0x000000f005f00000)]
  0x000002ed7d90c010 JavaThread "C1 CompilerThread3" daemon [_thread_blocked, id=4756, stack(0x000000f005f00000,0x000000f006000000)]
  0x000002ed7d1f87f0 JavaThread "Catalina-utility-1" [_thread_blocked, id=19168, stack(0x000000f006000000,0x000000f006100000)]
  0x000002ed7d1f8d00 JavaThread "Catalina-utility-2" [_thread_blocked, id=20688, stack(0x000000f006100000,0x000000f006200000)]
  0x000002ed7d1f6ea0 JavaThread "container-0" [_thread_blocked, id=12152, stack(0x000000f006200000,0x000000f006300000)]
  0x000002ed7d1f9210 JavaThread "HikariPool-1:housekeeper" daemon [_thread_blocked, id=18688, stack(0x000000f006400000,0x000000f006500000)]
  0x000002ed7d1f1da0 JavaThread "HikariPool-1:connection-adder" daemon [_thread_blocked, id=1236, stack(0x000000f006500000,0x000000f006600000)]

Other Threads:
=>0x000002ed7c693090 VMThread "VM Thread" [stack: 0x000000f003e00000,0x000000f003f00000] [id=11636]
  0x000002ed6a7cc150 WatcherThread [stack: 0x000000f004d00000,0x000000f004e00000] [id=9364]
  0x000002ed6a7b1380 GCTaskThread "GC Thread#0" [stack: 0x000000f003900000,0x000000f003a00000] [id=15928]
  0x000002ed7d122400 GCTaskThread "GC Thread#1" [stack: 0x000000f005200000,0x000000f005300000] [id=19236]
  0x000002ed7d17cd50 GCTaskThread "GC Thread#2" [stack: 0x000000f005300000,0x000000f005400000] [id=18008]
  0x000002ed7d17de30 GCTaskThread "GC Thread#3" [stack: 0x000000f005400000,0x000000f005500000] [id=7784]
  0x000002ed7d1c4e60 GCTaskThread "GC Thread#4" [stack: 0x000000f005500000,0x000000f005600000] [id=11808]
  0x000002ed7d1c5520 GCTaskThread "GC Thread#5" [stack: 0x000000f005600000,0x000000f005700000] [id=1112]
  0x000002ed7d1c7e00 GCTaskThread "GC Thread#6" [stack: 0x000000f005700000,0x000000f005800000] [id=17372]
  0x000002ed7d1c80c0 GCTaskThread "GC Thread#7" [stack: 0x000000f005800000,0x000000f005900000] [id=7952]
  0x000002ed6a7c3590 ConcurrentGCThread "G1 Main Marker" [stack: 0x000000f003a00000,0x000000f003b00000] [id=18812]
  0x000002ed6a7c3eb0 ConcurrentGCThread "G1 Conc#0" [stack: 0x000000f003b00000,0x000000f003c00000] [id=132]
  0x000002ed7dcd6160 ConcurrentGCThread "G1 Conc#1" [stack: 0x000000f005d00000,0x000000f005e00000] [id=12732]
  0x000002ed7c5520c0 ConcurrentGCThread "G1 Refine#0" [stack: 0x000000f003c00000,0x000000f003d00000] [id=10220]
  0x000002ed7d17d010 ConcurrentGCThread "G1 Refine#1" [stack: 0x000000f005900000,0x000000f005a00000] [id=3404]
  0x000002ed7d1c8650 ConcurrentGCThread "G1 Refine#2" [stack: 0x000000f005a00000,0x000000f005b00000] [id=8936]
  0x000002ed7e494360 ConcurrentGCThread "G1 Refine#3" [stack: 0x000000f006600000,0x000000f006700000] [id=6536]
  0x000002ed7c552a00 ConcurrentGCThread "G1 Service" [stack: 0x000000f003d00000,0x000000f003e00000] [id=16896]

Threads with active compile tasks:

VM state: at safepoint (normal execution)

VM Mutex/Monitor currently owned by a thread:  ([mutex/lock_event])
[0x000002ed6a752150] Threads_lock - owner thread: 0x000002ed7c693090
[0x000002ed6a7529c0] Heap_lock - owner thread: 0x000002ed7d1f6480

Heap address: 0x0000000082000000, size: 2016 MB, Compressed Oops mode: 32-bit

CDS archive(s) mapped at: [0x000002ed00000000-0x000002ed00bd0000-0x000002ed00bd0000), size 12386304, SharedBaseAddress: 0x000002ed00000000, ArchiveRelocationMode: 1.
Compressed class space mapped at: 0x000002ed01000000-0x000002ed41000000, reserved size: 1073741824
Narrow klass base: 0x000002ed00000000, Narrow klass shift: 0, Narrow klass range: 0x100000000

GC Precious Log:
 CPUs: 8 total, 8 available
 Memory: 8057M
 Large Page Support: Disabled
 NUMA Support: Disabled
 Compressed Oops: Enabled (32-bit)
 Heap Region Size: 1M
 Heap Min Capacity: 8M
 Heap Initial Capacity: 126M
 Heap Max Capacity: 2016M
 Pre-touch: Disabled
 Parallel Workers: 8
 Concurrent Workers: 2
 Concurrent Refinement Workers: 8
 Periodic GC: Disabled

Heap:
 garbage-first heap   total 201728K, used 61437K [0x0000000082000000, 0x0000000100000000)
  region size 1024K, 1 young (1024K), 1 survivors (1024K)
 Metaspace       used 65232K, committed 65856K, reserved 1114112K
  class space    used 9797K, committed 10112K, reserved 1048576K

Heap Regions: E=young(eden), S=young(survivor), O=old, HS=humongous(starts), HC=humongous(continues), CS=collection set, F=free, OA=open archive, CA=closed archive, TAMS=top-at-mark-start (previous, next)
|   0|0x0000000082000000, 0x0000000082100000, 0x0000000082100000|100%|HS|  |TAMS 0x0000000082100000, 0x0000000082000000| Complete 
|   1|0x0000000082100000, 0x0000000082200000, 0x0000000082200000|100%|HS|  |TAMS 0x0000000082200000, 0x0000000082100000| Complete 
|   2|0x0000000082200000, 0x0000000082300000, 0x0000000082300000|100%| O|  |TAMS 0x0000000082300000, 0x0000000082200000| Untracked 
|   3|0x0000000082300000, 0x0000000082400000, 0x0000000082400000|100%| O|  |TAMS 0x0000000082400000, 0x0000000082300000| Untracked 
|   4|0x0000000082400000, 0x0000000082500000, 0x0000000082500000|100%| O|  |TAMS 0x0000000082500000, 0x0000000082400000| Untracked 
|   5|0x0000000082500000, 0x0000000082600000, 0x0000000082600000|100%| O|  |TAMS 0x0000000082600000, 0x0000000082500000| Untracked 
|   6|0x0000000082600000, 0x0000000082700000, 0x0000000082700000|100%| O|  |TAMS 0x0000000082700000, 0x0000000082600000| Untracked 
|   7|0x0000000082700000, 0x0000000082800000, 0x0000000082800000|100%| O|  |TAMS 0x0000000082800000, 0x0000000082700000| Untracked 
|   8|0x0000000082800000, 0x0000000082900000, 0x0000000082900000|100%| O|  |TAMS 0x0000000082900000, 0x0000000082800000| Untracked 
|   9|0x0000000082900000, 0x0000000082a00000, 0x0000000082a00000|100%| O|  |TAMS 0x0000000082a00000, 0x0000000082900000| Untracked 
|  10|0x0000000082a00000, 0x0000000082b00000, 0x0000000082b00000|100%| O|  |TAMS 0x0000000082b00000, 0x0000000082a00000| Untracked 
|  11|0x0000000082b00000, 0x0000000082c00000, 0x0000000082c00000|100%| O|  |TAMS 0x0000000082c00000, 0x0000000082b00000| Untracked 
|  12|0x0000000082c00000, 0x0000000082d00000, 0x0000000082d00000|100%| O|  |TAMS 0x0000000082d00000, 0x0000000082c00000| Untracked 
|  13|0x0000000082d00000, 0x0000000082e00000, 0x0000000082e00000|100%| O|  |TAMS 0x0000000082e00000, 0x0000000082d00000| Untracked 
|  14|0x0000000082e00000, 0x0000000082f00000, 0x0000000082f00000|100%| O|  |TAMS 0x0000000082f00000, 0x0000000082e00000| Untracked 
|  15|0x0000000082f00000, 0x0000000083000000, 0x0000000083000000|100%| O|  |TAMS 0x0000000083000000, 0x0000000082f00000| Untracked 
|  16|0x0000000083000000, 0x0000000083100000, 0x0000000083100000|100%| O|  |TAMS 0x0000000083100000, 0x0000000083000000| Untracked 
|  17|0x0000000083100000, 0x0000000083200000, 0x0000000083200000|100%| O|  |TAMS 0x0000000083200000, 0x0000000083100000| Untracked 
|  18|0x0000000083200000, 0x0000000083300000, 0x0000000083300000|100%| O|  |TAMS 0x0000000083300000, 0x0000000083200000| Untracked 
|  19|0x0000000083300000, 0x0000000083400000, 0x0000000083400000|100%| O|  |TAMS 0x0000000083400000, 0x0000000083300000| Untracked 
|  20|0x0000000083400000, 0x0000000083500000, 0x0000000083500000|100%| O|  |TAMS 0x0000000083500000, 0x0000000083400000| Untracked 
|  21|0x0000000083500000, 0x0000000083600000, 0x0000000083600000|100%| O|  |TAMS 0x0000000083600000, 0x0000000083500000| Untracked 
|  22|0x0000000083600000, 0x0000000083700000, 0x0000000083700000|100%| O|  |TAMS 0x0000000083700000, 0x0000000083600000| Untracked 
|  23|0x0000000083700000, 0x0000000083800000, 0x0000000083800000|100%| O|  |TAMS 0x0000000083800000, 0x0000000083700000| Untracked 
|  24|0x0000000083800000, 0x0000000083900000, 0x0000000083900000|100%| O|  |TAMS 0x0000000083900000, 0x0000000083800000| Untracked 
|  25|0x0000000083900000, 0x0000000083a00000, 0x0000000083a00000|100%| O|  |TAMS 0x0000000083a00000, 0x0000000083900000| Untracked 
|  26|0x0000000083a00000, 0x0000000083b00000, 0x0000000083b00000|100%| O|  |TAMS 0x0000000083b00000, 0x0000000083a00000| Untracked 
|  27|0x0000000083b00000, 0x0000000083c00000, 0x0000000083c00000|100%| O|  |TAMS 0x0000000083c00000, 0x0000000083b00000| Untracked 
|  28|0x0000000083c00000, 0x0000000083d00000, 0x0000000083d00000|100%| O|  |TAMS 0x0000000083d00000, 0x0000000083c00000| Untracked 
|  29|0x0000000083d00000, 0x0000000083e00000, 0x0000000083e00000|100%| O|  |TAMS 0x0000000083e00000, 0x0000000083d00000| Untracked 
|  30|0x0000000083e00000, 0x0000000083f00000, 0x0000000083f00000|100%| O|  |TAMS 0x0000000083e00000, 0x0000000083e00000| Untracked 
|  31|0x0000000083f00000, 0x0000000084000000, 0x0000000084000000|100%| O|  |TAMS 0x0000000083f00000, 0x0000000083f00000| Untracked 
|  32|0x0000000084000000, 0x0000000084100000, 0x0000000084100000|100%| O|  |TAMS 0x0000000084100000, 0x0000000084000000| Untracked 
|  33|0x0000000084100000, 0x0000000084200000, 0x0000000084200000|100%| O|  |TAMS 0x0000000084200000, 0x0000000084100000| Untracked 
|  34|0x0000000084200000, 0x0000000084300000, 0x0000000084300000|100%| O|  |TAMS 0x0000000084300000, 0x0000000084200000| Untracked 
|  35|0x0000000084300000, 0x0000000084400000, 0x0000000084400000|100%| O|  |TAMS 0x0000000084400000, 0x0000000084300000| Untracked 
|  36|0x0000000084400000, 0x0000000084500000, 0x0000000084500000|100%| O|  |TAMS 0x0000000084500000, 0x0000000084400000| Untracked 
|  37|0x0000000084500000, 0x0000000084600000, 0x0000000084600000|100%| O|  |TAMS 0x0000000084600000, 0x0000000084500000| Untracked 
|  38|0x0000000084600000, 0x0000000084700000, 0x0000000084700000|100%| O|  |TAMS 0x0000000084600000, 0x0000000084600000| Untracked 
|  39|0x0000000084700000, 0x0000000084700000, 0x0000000084800000|  0%| F|  |TAMS 0x0000000084700000, 0x0000000084700000| Untracked 
|  40|0x0000000084800000, 0x0000000084800000, 0x0000000084900000|  0%| F|  |TAMS 0x0000000084800000, 0x0000000084800000| Untracked 
|  41|0x0000000084900000, 0x0000000084a00000, 0x0000000084a00000|100%| O|  |TAMS 0x0000000084a00000, 0x0000000084900000| Untracked 
|  42|0x0000000084a00000, 0x0000000084b00000, 0x0000000084b00000|100%| O|  |TAMS 0x0000000084a00000, 0x0000000084a00000| Untracked 
|  43|0x0000000084b00000, 0x0000000084c00000, 0x0000000084c00000|100%| O|  |TAMS 0x0000000084c00000, 0x0000000084b00000| Untracked 
|  44|0x0000000084c00000, 0x0000000084c00000, 0x0000000084d00000|  0%| F|  |TAMS 0x0000000084c00000, 0x0000000084c00000| Untracked 
|  45|0x0000000084d00000, 0x0000000084e00000, 0x0000000084e00000|100%| O|  |TAMS 0x0000000084d00000, 0x0000000084d00000| Untracked 
|  46|0x0000000084e00000, 0x0000000084f00000, 0x0000000084f00000|100%| O|  |TAMS 0x0000000084e00000, 0x0000000084e00000| Untracked 
|  47|0x0000000084f00000, 0x0000000085000000, 0x0000000085000000|100%| O|  |TAMS 0x0000000084f00000, 0x0000000084f00000| Untracked 
|  48|0x0000000085000000, 0x0000000085100000, 0x0000000085100000|100%| O|  |TAMS 0x0000000085100000, 0x0000000085000000| Untracked 
|  49|0x0000000085100000, 0x0000000085100000, 0x0000000085200000|  0%| F|  |TAMS 0x0000000085100000, 0x0000000085100000| Untracked 
|  50|0x0000000085200000, 0x0000000085200000, 0x0000000085300000|  0%| F|  |TAMS 0x0000000085200000, 0x0000000085200000| Untracked 
|  51|0x0000000085300000, 0x0000000085300000, 0x0000000085400000|  0%| F|  |TAMS 0x0000000085300000, 0x0000000085300000| Untracked 
|  52|0x0000000085400000, 0x0000000085400000, 0x0000000085500000|  0%| F|  |TAMS 0x0000000085400000, 0x0000000085400000| Untracked 
|  53|0x0000000085500000, 0x0000000085510200, 0x0000000085600000|  6%| O|  |TAMS 0x0000000085500000, 0x0000000085500000| Untracked 
|  54|0x0000000085600000, 0x0000000085600000, 0x0000000085700000|  0%| F|  |TAMS 0x0000000085600000, 0x0000000085600000| Untracked 
|  55|0x0000000085700000, 0x0000000085700000, 0x0000000085800000|  0%| F|  |TAMS 0x0000000085700000, 0x0000000085700000| Untracked 
|  56|0x0000000085800000, 0x0000000085800000, 0x0000000085900000|  0%| F|  |TAMS 0x0000000085800000, 0x0000000085800000| Untracked 
|  57|0x0000000085900000, 0x0000000085900000, 0x0000000085a00000|  0%| F|  |TAMS 0x0000000085900000, 0x0000000085900000| Untracked 
|  58|0x0000000085a00000, 0x0000000085a00000, 0x0000000085b00000|  0%| F|  |TAMS 0x0000000085a00000, 0x0000000085a00000| Untracked 
|  59|0x0000000085b00000, 0x0000000085c00000, 0x0000000085c00000|100%| O|  |TAMS 0x0000000085c00000, 0x0000000085b00000| Untracked 
|  60|0x0000000085c00000, 0x0000000085d00000, 0x0000000085d00000|100%| O|  |TAMS 0x0000000085d00000, 0x0000000085c00000| Untracked 
|  61|0x0000000085d00000, 0x0000000085d00000, 0x0000000085e00000|  0%| F|  |TAMS 0x0000000085d00000, 0x0000000085d00000| Untracked 
|  62|0x0000000085e00000, 0x0000000085e00000, 0x0000000085f00000|  0%| F|  |TAMS 0x0000000085e00000, 0x0000000085e00000| Untracked 
|  63|0x0000000085f00000, 0x0000000085f00000, 0x0000000086000000|  0%| F|  |TAMS 0x0000000085f00000, 0x0000000085f00000| Untracked 
|  64|0x0000000086000000, 0x0000000086000000, 0x0000000086100000|  0%| F|  |TAMS 0x0000000086000000, 0x0000000086000000| Untracked 
|  65|0x0000000086100000, 0x0000000086100000, 0x0000000086200000|  0%| F|  |TAMS 0x0000000086100000, 0x0000000086100000| Untracked 
|  66|0x0000000086200000, 0x0000000086200000, 0x0000000086300000|  0%| F|  |TAMS 0x0000000086200000, 0x0000000086200000| Untracked 
|  67|0x0000000086300000, 0x0000000086400000, 0x0000000086400000|100%| O|  |TAMS 0x0000000086300000, 0x0000000086300000| Untracked 
|  68|0x0000000086400000, 0x0000000086500000, 0x0000000086500000|100%| O|  |TAMS 0x0000000086400000, 0x0000000086400000| Untracked 
|  69|0x0000000086500000, 0x0000000086500000, 0x0000000086600000|  0%| F|  |TAMS 0x0000000086500000, 0x0000000086500000| Untracked 
|  70|0x0000000086600000, 0x0000000086700000, 0x0000000086700000|100%| O|  |TAMS 0x0000000086600000, 0x0000000086600000| Untracked 
|  71|0x0000000086700000, 0x0000000086700000, 0x0000000086800000|  0%| F|  |TAMS 0x0000000086700000, 0x0000000086700000| Untracked 
|  72|0x0000000086800000, 0x0000000086800000, 0x0000000086900000|  0%| F|  |TAMS 0x0000000086800000, 0x0000000086800000| Untracked 
|  73|0x0000000086900000, 0x0000000086900000, 0x0000000086a00000|  0%| F|  |TAMS 0x0000000086900000, 0x0000000086900000| Untracked 
|  74|0x0000000086a00000, 0x0000000086a00000, 0x0000000086b00000|  0%| F|  |TAMS 0x0000000086a00000, 0x0000000086a00000| Untracked 
|  75|0x0000000086b00000, 0x0000000086b00000, 0x0000000086c00000|  0%| F|  |TAMS 0x0000000086b00000, 0x0000000086b00000| Untracked 
|  76|0x0000000086c00000, 0x0000000086d00000, 0x0000000086d00000|100%| O|  |TAMS 0x0000000086c00000, 0x0000000086c00000| Untracked 
|  77|0x0000000086d00000, 0x0000000086d00000, 0x0000000086e00000|  0%| F|  |TAMS 0x0000000086d00000, 0x0000000086d00000| Untracked 
|  78|0x0000000086e00000, 0x0000000086e00000, 0x0000000086f00000|  0%| F|  |TAMS 0x0000000086e00000, 0x0000000086e00000| Untracked 
|  79|0x0000000086f00000, 0x0000000087000000, 0x0000000087000000|100%| O|  |TAMS 0x0000000087000000, 0x0000000086f00000| Untracked 
|  80|0x0000000087000000, 0x0000000087100000, 0x0000000087100000|100%| O|  |TAMS 0x0000000087100000, 0x0000000087000000| Untracked 
|  81|0x0000000087100000, 0x0000000087200000, 0x0000000087200000|100%| O|  |TAMS 0x0000000087200000, 0x0000000087100000| Untracked 
|  82|0x0000000087200000, 0x0000000087300000, 0x0000000087300000|100%| O|  |TAMS 0x0000000087300000, 0x0000000087200000| Untracked 
|  83|0x0000000087300000, 0x0000000087300000, 0x0000000087400000|  0%| F|  |TAMS 0x0000000087300000, 0x0000000087300000| Untracked 
|  84|0x0000000087400000, 0x0000000087500000, 0x0000000087500000|100%| O|  |TAMS 0x0000000087400000, 0x0000000087400000| Untracked 
|  85|0x0000000087500000, 0x0000000087500000, 0x0000000087600000|  0%| F|  |TAMS 0x0000000087500000, 0x0000000087500000| Untracked 
|  86|0x0000000087600000, 0x0000000087700000, 0x0000000087700000|100%| O|  |TAMS 0x0000000087600000, 0x0000000087600000| Untracked 
|  87|0x0000000087700000, 0x0000000087700000, 0x0000000087800000|  0%| F|  |TAMS 0x0000000087700000, 0x0000000087700000| Untracked 
|  88|0x0000000087800000, 0x0000000087800000, 0x0000000087900000|  0%| F|  |TAMS 0x0000000087800000, 0x0000000087800000| Untracked 
|  89|0x0000000087900000, 0x0000000087900000, 0x0000000087a00000|  0%| F|  |TAMS 0x0000000087900000, 0x0000000087900000| Untracked 
|  90|0x0000000087a00000, 0x0000000087b00000, 0x0000000087b00000|100%| O|  |TAMS 0x0000000087a44e00, 0x0000000087a00000| Untracked 
|  91|0x0000000087b00000, 0x0000000087b00000, 0x0000000087c00000|  0%| F|  |TAMS 0x0000000087b00000, 0x0000000087b00000| Untracked 
|  92|0x0000000087c00000, 0x0000000087c00000, 0x0000000087d00000|  0%| F|  |TAMS 0x0000000087c00000, 0x0000000087c00000| Untracked 
|  93|0x0000000087d00000, 0x0000000087d00000, 0x0000000087e00000|  0%| F|  |TAMS 0x0000000087d00000, 0x0000000087d00000| Untracked 
|  94|0x0000000087e00000, 0x0000000087e00000, 0x0000000087f00000|  0%| F|  |TAMS 0x0000000087e00000, 0x0000000087e00000| Untracked 
|  95|0x0000000087f00000, 0x0000000087f00000, 0x0000000088000000|  0%| F|  |TAMS 0x0000000087f00000, 0x0000000087f00000| Untracked 
|  96|0x0000000088000000, 0x0000000088000000, 0x0000000088100000|  0%| F|  |TAMS 0x0000000088000000, 0x0000000088000000| Untracked 
|  97|0x0000000088100000, 0x0000000088100000, 0x0000000088200000|  0%| F|  |TAMS 0x0000000088100000, 0x0000000088100000| Untracked 
|  98|0x0000000088200000, 0x0000000088200000, 0x0000000088300000|  0%| F|  |TAMS 0x0000000088200000, 0x0000000088200000| Untracked 
|  99|0x0000000088300000, 0x0000000088300000, 0x0000000088400000|  0%| F|  |TAMS 0x0000000088300000, 0x0000000088300000| Untracked 
| 100|0x0000000088400000, 0x0000000088400000, 0x0000000088500000|  0%| F|  |TAMS 0x0000000088400000, 0x0000000088400000| Untracked 
| 101|0x0000000088500000, 0x0000000088500000, 0x0000000088600000|  0%| F|  |TAMS 0x0000000088500000, 0x0000000088500000| Untracked 
| 102|0x0000000088600000, 0x0000000088600000, 0x0000000088700000|  0%| F|  |TAMS 0x0000000088600000, 0x0000000088600000| Untracked 
| 103|0x0000000088700000, 0x0000000088700000, 0x0000000088800000|  0%| F|  |TAMS 0x0000000088700000, 0x0000000088700000| Untracked 
| 104|0x0000000088800000, 0x0000000088800000, 0x0000000088900000|  0%| F|  |TAMS 0x0000000088800000, 0x0000000088800000| Untracked 
| 105|0x0000000088900000, 0x0000000088900000, 0x0000000088a00000|  0%| F|  |TAMS 0x0000000088900000, 0x0000000088900000| Untracked 
| 106|0x0000000088a00000, 0x0000000088a00000, 0x0000000088b00000|  0%| F|  |TAMS 0x0000000088a00000, 0x0000000088a00000| Untracked 
| 107|0x0000000088b00000, 0x0000000088b00000, 0x0000000088c00000|  0%| F|  |TAMS 0x0000000088b00000, 0x0000000088b00000| Untracked 
| 108|0x0000000088c00000, 0x0000000088c00000, 0x0000000088d00000|  0%| F|  |TAMS 0x0000000088c00000, 0x0000000088c00000| Untracked 
| 109|0x0000000088d00000, 0x0000000088d00000, 0x0000000088e00000|  0%| F|  |TAMS 0x0000000088d00000, 0x0000000088d00000| Untracked 
| 110|0x0000000088e00000, 0x0000000088e00000, 0x0000000088f00000|  0%| F|  |TAMS 0x0000000088e00000, 0x0000000088e00000| Untracked 
| 111|0x0000000088f00000, 0x0000000088f00000, 0x0000000089000000|  0%| F|  |TAMS 0x0000000088f00000, 0x0000000088f00000| Untracked 
| 112|0x0000000089000000, 0x0000000089000000, 0x0000000089100000|  0%| F|  |TAMS 0x0000000089000000, 0x0000000089000000| Untracked 
| 113|0x0000000089100000, 0x0000000089100000, 0x0000000089200000|  0%| F|  |TAMS 0x0000000089100000, 0x0000000089100000| Untracked 
| 114|0x0000000089200000, 0x0000000089200000, 0x0000000089300000|  0%| F|  |TAMS 0x0000000089200000, 0x0000000089200000| Untracked 
| 115|0x0000000089300000, 0x0000000089300000, 0x0000000089400000|  0%| F|  |TAMS 0x0000000089300000, 0x0000000089300000| Untracked 
| 116|0x0000000089400000, 0x0000000089400000, 0x0000000089500000|  0%| F|  |TAMS 0x0000000089400000, 0x0000000089400000| Untracked 
| 117|0x0000000089500000, 0x0000000089500000, 0x0000000089600000|  0%| F|  |TAMS 0x0000000089500000, 0x0000000089500000| Untracked 
| 118|0x0000000089600000, 0x0000000089600000, 0x0000000089700000|  0%| F|  |TAMS 0x0000000089600000, 0x0000000089600000| Untracked 
| 119|0x0000000089700000, 0x0000000089700000, 0x0000000089800000|  0%| F|  |TAMS 0x0000000089700000, 0x0000000089700000| Untracked 
| 120|0x0000000089800000, 0x0000000089800000, 0x0000000089900000|  0%| F|  |TAMS 0x0000000089800000, 0x0000000089800000| Untracked 
| 121|0x0000000089900000, 0x0000000089900000, 0x0000000089a00000|  0%| F|  |TAMS 0x0000000089900000, 0x0000000089900000| Untracked 
| 122|0x0000000089a00000, 0x0000000089a00000, 0x0000000089b00000|  0%| F|  |TAMS 0x0000000089a00000, 0x0000000089a00000| Untracked 
| 123|0x0000000089b00000, 0x0000000089b00000, 0x0000000089c00000|  0%| F|  |TAMS 0x0000000089b00000, 0x0000000089b00000| Untracked 
| 124|0x0000000089c00000, 0x0000000089c00000, 0x0000000089d00000|  0%| F|  |TAMS 0x0000000089c00000, 0x0000000089c00000| Untracked 
| 125|0x0000000089d00000, 0x0000000089d00000, 0x0000000089e00000|  0%| F|  |TAMS 0x0000000089d00000, 0x0000000089d00000| Untracked 
| 126|0x0000000089e00000, 0x0000000089e00000, 0x0000000089f00000|  0%| F|  |TAMS 0x0000000089e00000, 0x0000000089e00000| Untracked 
| 127|0x0000000089f00000, 0x0000000089f00000, 0x000000008a000000|  0%| F|  |TAMS 0x0000000089f00000, 0x0000000089f00000| Untracked 
| 128|0x000000008a000000, 0x000000008a000000, 0x000000008a100000|  0%| F|  |TAMS 0x000000008a000000, 0x000000008a000000| Untracked 
| 129|0x000000008a100000, 0x000000008a100000, 0x000000008a200000|  0%| F|  |TAMS 0x000000008a100000, 0x000000008a100000| Untracked 
| 130|0x000000008a200000, 0x000000008a200000, 0x000000008a300000|  0%| F|  |TAMS 0x000000008a200000, 0x000000008a200000| Untracked 
| 131|0x000000008a300000, 0x000000008a300000, 0x000000008a400000|  0%| F|  |TAMS 0x000000008a300000, 0x000000008a300000| Untracked 
| 132|0x000000008a400000, 0x000000008a400000, 0x000000008a500000|  0%| F|  |TAMS 0x000000008a400000, 0x000000008a400000| Untracked 
| 133|0x000000008a500000, 0x000000008a500000, 0x000000008a600000|  0%| F|  |TAMS 0x000000008a500000, 0x000000008a500000| Untracked 
| 134|0x000000008a600000, 0x000000008a600000, 0x000000008a700000|  0%| F|  |TAMS 0x000000008a600000, 0x000000008a600000| Untracked 
| 135|0x000000008a700000, 0x000000008a700000, 0x000000008a800000|  0%| F|  |TAMS 0x000000008a700000, 0x000000008a700000| Untracked 
| 136|0x000000008a800000, 0x000000008a800000, 0x000000008a900000|  0%| F|  |TAMS 0x000000008a800000, 0x000000008a800000| Untracked 
| 137|0x000000008a900000, 0x000000008a900000, 0x000000008aa00000|  0%| F|  |TAMS 0x000000008a900000, 0x000000008a900000| Untracked 
| 138|0x000000008aa00000, 0x000000008aa00000, 0x000000008ab00000|  0%| F|  |TAMS 0x000000008aa00000, 0x000000008aa00000| Untracked 
| 139|0x000000008ab00000, 0x000000008ab00000, 0x000000008ac00000|  0%| F|  |TAMS 0x000000008ab00000, 0x000000008ab00000| Untracked 
| 140|0x000000008ac00000, 0x000000008ac00000, 0x000000008ad00000|  0%| F|  |TAMS 0x000000008ac00000, 0x000000008ac00000| Untracked 
| 141|0x000000008ad00000, 0x000000008ad00000, 0x000000008ae00000|  0%| F|  |TAMS 0x000000008ad00000, 0x000000008ad00000| Untracked 
| 142|0x000000008ae00000, 0x000000008ae00000, 0x000000008af00000|  0%| F|  |TAMS 0x000000008ae00000, 0x000000008ae00000| Untracked 
| 143|0x000000008af00000, 0x000000008af00000, 0x000000008b000000|  0%| F|  |TAMS 0x000000008af00000, 0x000000008af00000| Untracked 
| 144|0x000000008b000000, 0x000000008b000000, 0x000000008b100000|  0%| F|  |TAMS 0x000000008b000000, 0x000000008b000000| Untracked 
| 145|0x000000008b100000, 0x000000008b100000, 0x000000008b200000|  0%| F|  |TAMS 0x000000008b100000, 0x000000008b100000| Untracked 
| 146|0x000000008b200000, 0x000000008b200000, 0x000000008b300000|  0%| F|  |TAMS 0x000000008b200000, 0x000000008b200000| Untracked 
| 147|0x000000008b300000, 0x000000008b300000, 0x000000008b400000|  0%| F|  |TAMS 0x000000008b300000, 0x000000008b300000| Untracked 
| 148|0x000000008b400000, 0x000000008b400000, 0x000000008b500000|  0%| F|  |TAMS 0x000000008b400000, 0x000000008b400000| Untracked 
| 149|0x000000008b500000, 0x000000008b500000, 0x000000008b600000|  0%| F|  |TAMS 0x000000008b500000, 0x000000008b500000| Untracked 
| 150|0x000000008b600000, 0x000000008b600000, 0x000000008b700000|  0%| F|  |TAMS 0x000000008b600000, 0x000000008b600000| Untracked 
| 151|0x000000008b700000, 0x000000008b700000, 0x000000008b800000|  0%| F|  |TAMS 0x000000008b700000, 0x000000008b700000| Untracked 
| 152|0x000000008b800000, 0x000000008b800000, 0x000000008b900000|  0%| F|  |TAMS 0x000000008b800000, 0x000000008b800000| Untracked 
| 153|0x000000008b900000, 0x000000008b900000, 0x000000008ba00000|  0%| F|  |TAMS 0x000000008b900000, 0x000000008b900000| Untracked 
| 154|0x000000008ba00000, 0x000000008ba00000, 0x000000008bb00000|  0%| F|  |TAMS 0x000000008ba00000, 0x000000008ba00000| Untracked 
| 155|0x000000008bb00000, 0x000000008bb00000, 0x000000008bc00000|  0%| F|  |TAMS 0x000000008bb00000, 0x000000008bb00000| Untracked 
| 156|0x000000008bc00000, 0x000000008bc00000, 0x000000008bd00000|  0%| F|  |TAMS 0x000000008bc00000, 0x000000008bc00000| Untracked 
| 157|0x000000008bd00000, 0x000000008bd00000, 0x000000008be00000|  0%| F|  |TAMS 0x000000008bd00000, 0x000000008bd00000| Untracked 
| 158|0x000000008be00000, 0x000000008be00000, 0x000000008bf00000|  0%| F|  |TAMS 0x000000008be00000, 0x000000008be00000| Untracked 
| 159|0x000000008bf00000, 0x000000008bf00000, 0x000000008c000000|  0%| F|  |TAMS 0x000000008bf00000, 0x000000008bf00000| Untracked 
| 160|0x000000008c000000, 0x000000008c000000, 0x000000008c100000|  0%| F|  |TAMS 0x000000008c000000, 0x000000008c000000| Untracked 
| 161|0x000000008c100000, 0x000000008c100000, 0x000000008c200000|  0%| F|  |TAMS 0x000000008c100000, 0x000000008c100000| Untracked 
| 162|0x000000008c200000, 0x000000008c200000, 0x000000008c300000|  0%| F|  |TAMS 0x000000008c200000, 0x000000008c200000| Untracked 
| 163|0x000000008c300000, 0x000000008c300000, 0x000000008c400000|  0%| F|  |TAMS 0x000000008c300000, 0x000000008c300000| Untracked 
| 164|0x000000008c400000, 0x000000008c400000, 0x000000008c500000|  0%| F|  |TAMS 0x000000008c400000, 0x000000008c400000| Untracked 
| 165|0x000000008c500000, 0x000000008c500000, 0x000000008c600000|  0%| F|  |TAMS 0x000000008c500000, 0x000000008c500000| Untracked 
| 166|0x000000008c600000, 0x000000008c600000, 0x000000008c700000|  0%| F|  |TAMS 0x000000008c600000, 0x000000008c600000| Untracked 
| 167|0x000000008c700000, 0x000000008c700000, 0x000000008c800000|  0%| F|  |TAMS 0x000000008c700000, 0x000000008c700000| Untracked 
| 168|0x000000008c800000, 0x000000008c800000, 0x000000008c900000|  0%| F|  |TAMS 0x000000008c800000, 0x000000008c800000| Untracked 
| 169|0x000000008c900000, 0x000000008c900000, 0x000000008ca00000|  0%| F|  |TAMS 0x000000008c900000, 0x000000008c900000| Untracked 
| 170|0x000000008ca00000, 0x000000008ca00000, 0x000000008cb00000|  0%| F|  |TAMS 0x000000008ca00000, 0x000000008ca00000| Untracked 
| 171|0x000000008cb00000, 0x000000008cb00000, 0x000000008cc00000|  0%| F|  |TAMS 0x000000008cb00000, 0x000000008cb00000| Untracked 
| 172|0x000000008cc00000, 0x000000008cc00000, 0x000000008cd00000|  0%| F|  |TAMS 0x000000008cc00000, 0x000000008cc00000| Untracked 
| 173|0x000000008cd00000, 0x000000008cd00000, 0x000000008ce00000|  0%| F|  |TAMS 0x000000008cd00000, 0x000000008cd00000| Untracked 
| 174|0x000000008ce00000, 0x000000008ce00000, 0x000000008cf00000|  0%| F|  |TAMS 0x000000008ce00000, 0x000000008ce00000| Untracked 
| 175|0x000000008cf00000, 0x000000008cf00000, 0x000000008d000000|  0%| F|  |TAMS 0x000000008cf00000, 0x000000008cf00000| Untracked 
| 176|0x000000008d000000, 0x000000008d000000, 0x000000008d100000|  0%| F|  |TAMS 0x000000008d000000, 0x000000008d000000| Untracked 
| 177|0x000000008d100000, 0x000000008d100000, 0x000000008d200000|  0%| F|  |TAMS 0x000000008d100000, 0x000000008d100000| Untracked 
| 178|0x000000008d200000, 0x000000008d200000, 0x000000008d300000|  0%| F|  |TAMS 0x000000008d200000, 0x000000008d200000| Untracked 
| 179|0x000000008d300000, 0x000000008d300000, 0x000000008d400000|  0%| F|  |TAMS 0x000000008d300000, 0x000000008d300000| Untracked 
| 180|0x000000008d400000, 0x000000008d400000, 0x000000008d500000|  0%| F|  |TAMS 0x000000008d400000, 0x000000008d400000| Untracked 
| 181|0x000000008d500000, 0x000000008d500000, 0x000000008d600000|  0%| F|  |TAMS 0x000000008d500000, 0x000000008d500000| Untracked 
| 182|0x000000008d600000, 0x000000008d600000, 0x000000008d700000|  0%| F|  |TAMS 0x000000008d600000, 0x000000008d600000| Untracked 
| 183|0x000000008d700000, 0x000000008d700000, 0x000000008d800000|  0%| F|  |TAMS 0x000000008d700000, 0x000000008d700000| Untracked 
| 184|0x000000008d800000, 0x000000008d800000, 0x000000008d900000|  0%| F|  |TAMS 0x000000008d800000, 0x000000008d800000| Untracked 
| 185|0x000000008d900000, 0x000000008d900000, 0x000000008da00000|  0%| F|  |TAMS 0x000000008d900000, 0x000000008d900000| Untracked 
| 186|0x000000008da00000, 0x000000008da00000, 0x000000008db00000|  0%| F|  |TAMS 0x000000008da00000, 0x000000008da00000| Untracked 
| 187|0x000000008db00000, 0x000000008dbef4b8, 0x000000008dc00000| 93%| S|CS|TAMS 0x000000008db00000, 0x000000008db00000| Complete 
| 188|0x000000008dc00000, 0x000000008dc00000, 0x000000008dd00000|  0%| F|  |TAMS 0x000000008dc00000, 0x000000008dc00000| Untracked 
| 189|0x000000008dd00000, 0x000000008dd00000, 0x000000008de00000|  0%| F|  |TAMS 0x000000008dd00000, 0x000000008dd00000| Untracked 
| 190|0x000000008de00000, 0x000000008de00000, 0x000000008df00000|  0%| F|  |TAMS 0x000000008de00000, 0x000000008de00000| Untracked 
| 191|0x000000008df00000, 0x000000008df00000, 0x000000008e000000|  0%| F|  |TAMS 0x000000008df00000, 0x000000008df00000| Untracked 
| 192|0x000000008e000000, 0x000000008e000000, 0x000000008e100000|  0%| F|  |TAMS 0x000000008e000000, 0x000000008e000000| Untracked 
| 193|0x000000008e100000, 0x000000008e100000, 0x000000008e200000|  0%| F|  |TAMS 0x000000008e100000, 0x000000008e100000| Untracked 
| 194|0x000000008e200000, 0x000000008e200000, 0x000000008e300000|  0%| F|  |TAMS 0x000000008e200000, 0x000000008e200000| Untracked 
| 195|0x000000008e300000, 0x000000008e300000, 0x000000008e400000|  0%| F|  |TAMS 0x000000008e300000, 0x000000008e300000| Untracked 
| 196|0x000000008e400000, 0x000000008e400000, 0x000000008e500000|  0%| F|  |TAMS 0x000000008e400000, 0x000000008e400000| Untracked 

Card table byte_map: [0x000002ed75530000,0x000002ed75920000] _byte_map_base: 0x000002ed75120000

Marking Bits (Prev, Next): (CMBitMap*) 0x000002ed6a7b28c0, (CMBitMap*) 0x000002ed6a7b2900
 Prev Bits: [0x000002ed75d10000, 0x000002ed77c90000)
 Next Bits: [0x000002ed77c90000, 0x000002ed79c10000)

Polling page: 0x000002ed68720000

Metaspace:

Usage:
  Non-class:     54.14 MB used.
      Class:      9.57 MB used.
       Both:     63.70 MB used.

Virtual space:
  Non-class space:       64.00 MB reserved,      54.44 MB ( 85%) committed,  1 nodes.
      Class space:        1.00 GB reserved,       9.88 MB ( <1%) committed,  1 nodes.
             Both:        1.06 GB reserved,      64.31 MB (  6%) committed. 

Chunk freelists:
   Non-Class:  9.33 MB
       Class:  6.17 MB
        Both:  15.51 MB

MaxMetaspaceSize: unlimited
CompressedClassSpaceSize: 1.00 GB
Initial GC threshold: 21.00 MB
Current GC threshold: 107.19 MB
CDS: on
MetaspaceReclaimPolicy: balanced
 - commit_granule_bytes: 65536.
 - commit_granule_words: 8192.
 - virtual_space_node_default_size: 8388608.
 - enlarge_chunks_in_place: 1.
 - new_chunks_are_fully_committed: 0.
 - uncommit_free_chunks: 1.
 - use_allocation_guard: 0.
 - handle_deallocations: 1.


Internal statistics:

num_allocs_failed_limit: 9.
num_arena_births: 926.
num_arena_deaths: 12.
num_vsnodes_births: 2.
num_vsnodes_deaths: 0.
num_space_committed: 1029.
num_space_uncommitted: 0.
num_chunks_returned_to_freelist: 27.
num_chunks_taken_from_freelist: 3388.
num_chunk_merges: 9.
num_chunk_splits: 2436.
num_chunks_enlarged: 1864.
num_inconsistent_stats: 0.

CodeCache: size=49152Kb used=13954Kb max_used=13954Kb free=35197Kb
 bounds [0x000002ed72030000, 0x000002ed72de0000, 0x000002ed75030000]
 total_blobs=7968 nmethods=7293 adapters=598
 compilation: enabled
              stopped_count=0, restarted_count=0
 full_count=0

Compilation events (20 events):
Event: 9.881 Thread 0x000002ed7d318c60 7284       1       org.springframework.data.util.TypeDiscoverer::getSuperTypeInformation (129 bytes)
Event: 9.882 Thread 0x000002ed7c835e60 7285       1       java.util.regex.CharPredicates$$Lambda$1589/0x000002ed01278bd8::is (9 bytes)
Event: 9.882 Thread 0x000002ed7d90c010 7286       1       java.util.regex.CharPredicates::lambda$ctype$17 (21 bytes)
Event: 9.883 Thread 0x000002ed7d318c60 nmethod 7284 0x000002ed72dcd310 code [0x000002ed72dcd600, 0x000002ed72dce198]
Event: 9.883 Thread 0x000002ed7d90c010 nmethod 7286 0x000002ed72dce790 code [0x000002ed72dce920, 0x000002ed72dcea58]
Event: 9.883 Thread 0x000002ed7c6bc330 7287       1       java.util.regex.CharPredicates$$Lambda$168/0x000002ed010ae240::is (5 bytes)
Event: 9.883 Thread 0x000002ed7d90c010 7289       1       java.util.regex.ASCII::isWord (7 bytes)
Event: 9.883 Thread 0x000002ed7d318c60 7288       1       java.util.regex.CharPredicates::lambda$ASCII_WORD$19 (20 bytes)
Event: 9.883 Thread 0x000002ed7c835e60 nmethod 7285 0x000002ed72dceb10 code [0x000002ed72dceca0, 0x000002ed72dcedf8]
Event: 9.883 Thread 0x000002ed7d90c010 nmethod 7289 0x000002ed72dcef10 code [0x000002ed72dcf0a0, 0x000002ed72dcf1b8]
Event: 9.883 Thread 0x000002ed7c6bc330 nmethod 7287 0x000002ed72dcf290 code [0x000002ed72dcf420, 0x000002ed72dcf598]
Event: 9.883 Thread 0x000002ed7d318c60 nmethod 7288 0x000002ed72dcf690 code [0x000002ed72dcf820, 0x000002ed72dcf958]
Event: 9.997 Thread 0x000002ed7d318c60 7290       1       sun.nio.ch.NioSocketImpl::ensureOpenAndConnected (36 bytes)
Event: 9.997 Thread 0x000002ed7d318c60 nmethod 7290 0x000002ed72dcfa10 code [0x000002ed72dcfbc0, 0x000002ed72dcfdf8]
Event: 10.012 Thread 0x000002ed7d318c60 7291       1       org.antlr.v4.runtime.atn.LexerChannelAction::execute (9 bytes)
Event: 10.012 Thread 0x000002ed7d318c60 nmethod 7291 0x000002ed72dcff10 code [0x000002ed72dd00a0, 0x000002ed72dd0178]
Event: 10.073 Thread 0x000002ed7d318c60 7292       1       org.antlr.v4.runtime.misc.IntegerStack::push (6 bytes)
Event: 10.073 Thread 0x000002ed7d90c010 7293       1       org.antlr.v4.runtime.misc.IntegerList::add (43 bytes)
Event: 10.073 Thread 0x000002ed7d318c60 nmethod 7292 0x000002ed72dd0210 code [0x000002ed72dd03a0, 0x000002ed72dd0488]
Event: 10.073 Thread 0x000002ed7d90c010 nmethod 7293 0x000002ed72dd0510 code [0x000002ed72dd06a0, 0x000002ed72dd07e8]

GC Heap History (20 events):
Event: 8.881 GC heap after
{Heap after GC invocations=25 (full 0):
 garbage-first heap   total 109568K, used 42279K [0x0000000082000000, 0x0000000100000000)
  region size 1024K, 1 young (1024K), 1 survivors (1024K)
 Metaspace       used 64051K, committed 64704K, reserved 1114112K
  class space    used 9617K, committed 9920K, reserved 1048576K
}
Event: 9.069 GC heap before
{Heap before GC invocations=25 (full 0):
 garbage-first heap   total 109568K, used 88359K [0x0000000082000000, 0x0000000100000000)
  region size 1024K, 46 young (47104K), 1 survivors (1024K)
 Metaspace       used 64213K, committed 64832K, reserved 1114112K
  class space    used 9631K, committed 9920K, reserved 1048576K
}
Event: 9.076 GC heap after
{Heap after GC invocations=26 (full 0):
 garbage-first heap   total 109568K, used 50250K [0x0000000082000000, 0x0000000100000000)
  region size 1024K, 6 young (6144K), 6 survivors (6144K)
 Metaspace       used 64213K, committed 64832K, reserved 1114112K
  class space    used 9631K, committed 9920K, reserved 1048576K
}
Event: 9.171 GC heap before
{Heap before GC invocations=26 (full 0):
 garbage-first heap   total 109568K, used 84042K [0x0000000082000000, 0x0000000100000000)
  region size 1024K, 39 young (39936K), 6 survivors (6144K)
 Metaspace       used 64214K, committed 64832K, reserved 1114112K
  class space    used 9631K, committed 9920K, reserved 1048576K
}
Event: 9.180 GC heap after
{Heap after GC invocations=27 (full 0):
 garbage-first heap   total 109568K, used 56174K [0x0000000082000000, 0x0000000100000000)
  region size 1024K, 5 young (5120K), 5 survivors (5120K)
 Metaspace       used 64214K, committed 64832K, reserved 1114112K
  class space    used 9631K, committed 9920K, reserved 1048576K
}
Event: 9.253 GC heap before
{Heap before GC invocations=27 (full 0):
 garbage-first heap   total 109568K, used 84846K [0x0000000082000000, 0x0000000100000000)
  region size 1024K, 33 young (33792K), 5 survivors (5120K)
 Metaspace       used 64214K, committed 64832K, reserved 1114112K
  class space    used 9631K, committed 9920K, reserved 1048576K
}
Event: 9.262 GC heap after
{Heap after GC invocations=28 (full 0):
 garbage-first heap   total 109568K, used 67723K [0x0000000082000000, 0x0000000100000000)
  region size 1024K, 5 young (5120K), 5 survivors (5120K)
 Metaspace       used 64214K, committed 64832K, reserved 1114112K
  class space    used 9631K, committed 9920K, reserved 1048576K
}
Event: 9.313 GC heap before
{Heap before GC invocations=28 (full 0):
 garbage-first heap   total 109568K, used 83083K [0x0000000082000000, 0x0000000100000000)
  region size 1024K, 20 young (20480K), 5 survivors (5120K)
 Metaspace       used 64215K, committed 64832K, reserved 1114112K
  class space    used 9631K, committed 9920K, reserved 1048576K
}
Event: 9.327 GC heap after
{Heap after GC invocations=29 (full 0):
 garbage-first heap   total 201728K, used 73643K [0x0000000082000000, 0x0000000100000000)
  region size 1024K, 3 young (3072K), 3 survivors (3072K)
 Metaspace       used 64215K, committed 64832K, reserved 1114112K
  class space    used 9631K, committed 9920K, reserved 1048576K
}
Event: 9.865 GC heap before
{Heap before GC invocations=30 (full 0):
 garbage-first heap   total 201728K, used 136107K [0x0000000082000000, 0x0000000100000000)
  region size 1024K, 64 young (65536K), 3 survivors (3072K)
 Metaspace       used 65239K, committed 65856K, reserved 1114112K
  class space    used 9799K, committed 10112K, reserved 1048576K
}
Event: 9.879 GC heap after
{Heap after GC invocations=31 (full 0):
 garbage-first heap   total 201728K, used 91328K [0x0000000082000000, 0x0000000100000000)
  region size 1024K, 8 young (8192K), 8 survivors (8192K)
 Metaspace       used 65239K, committed 65856K, reserved 1114112K
  class space    used 9799K, committed 10112K, reserved 1048576K
}
Event: 9.886 GC heap before
{Heap before GC invocations=31 (full 0):
 garbage-first heap   total 201728K, used 92352K [0x0000000082000000, 0x0000000100000000)
  region size 1024K, 9 young (9216K), 8 survivors (8192K)
 Metaspace       used 65242K, committed 65856K, reserved 1114112K
  class space    used 9799K, committed 10112K, reserved 1048576K
}
Event: 9.898 GC heap after
{Heap after GC invocations=32 (full 0):
 garbage-first heap   total 201728K, used 92610K [0x0000000082000000, 0x0000000100000000)
  region size 1024K, 2 young (2048K), 2 survivors (2048K)
 Metaspace       used 65242K, committed 65856K, reserved 1114112K
  class space    used 9799K, committed 10112K, reserved 1048576K
}
Event: 10.056 GC heap before
{Heap before GC invocations=32 (full 0):
 garbage-first heap   total 201728K, used 140738K [0x0000000082000000, 0x0000000100000000)
  region size 1024K, 49 young (50176K), 2 survivors (2048K)
 Metaspace       used 65242K, committed 65856K, reserved 1114112K
  class space    used 9799K, committed 10112K, reserved 1048576K
}
Event: 10.062 GC heap after
{Heap after GC invocations=33 (full 0):
 garbage-first heap   total 201728K, used 99995K [0x0000000082000000, 0x0000000100000000)
  region size 1024K, 7 young (7168K), 7 survivors (7168K)
 Metaspace       used 65242K, committed 65856K, reserved 1114112K
  class space    used 9799K, committed 10112K, reserved 1048576K
}
Event: 10.210 GC heap before
{Heap before GC invocations=34 (full 0):
 garbage-first heap   total 201728K, used 135835K [0x0000000082000000, 0x0000000100000000)
  region size 1024K, 53 young (54272K), 7 survivors (7168K)
 Metaspace       used 65232K, committed 65856K, reserved 1114112K
  class space    used 9797K, committed 10112K, reserved 1048576K
}
Event: 10.215 GC heap after
{Heap after GC invocations=35 (full 0):
 garbage-first heap   total 201728K, used 90939K [0x0000000082000000, 0x0000000100000000)
  region size 1024K, 2 young (2048K), 2 survivors (2048K)
 Metaspace       used 65232K, committed 65856K, reserved 1114112K
  class space    used 9797K, committed 10112K, reserved 1048576K
}
Event: 10.237 GC heap before
{Heap before GC invocations=35 (full 0):
 garbage-first heap   total 201728K, used 98107K [0x0000000082000000, 0x0000000100000000)
  region size 1024K, 9 young (9216K), 2 survivors (2048K)
 Metaspace       used 65232K, committed 65856K, reserved 1114112K
  class space    used 9797K, committed 10112K, reserved 1048576K
}
Event: 10.239 GC heap after
{Heap after GC invocations=36 (full 0):
 garbage-first heap   total 201728K, used 72852K [0x0000000082000000, 0x0000000100000000)
  region size 1024K, 2 young (2048K), 2 survivors (2048K)
 Metaspace       used 65232K, committed 65856K, reserved 1114112K
  class space    used 9797K, committed 10112K, reserved 1048576K
}
Event: 10.262 GC heap before
{Heap before GC invocations=36 (full 0):
 garbage-first heap   total 201728K, used 80020K [0x0000000082000000, 0x0000000100000000)
  region size 1024K, 9 young (9216K), 2 survivors (2048K)
 Metaspace       used 65232K, committed 65856K, reserved 1114112K
  class space    used 9797K, committed 10112K, reserved 1048576K
}

Deoptimization events (4 events):
Event: 3.680 Thread 0x000002ed7d1f6480 DEOPT PACKING pc=0x000002ed72897eb4 sp=0x000000f005cfc4f0
Event: 3.680 Thread 0x000002ed7d1f6480 DEOPT UNPACKING pc=0x000002ed72082b43 sp=0x000000f005cfba78 mode 0
Event: 3.680 Thread 0x000002ed7d1f6480 DEOPT PACKING pc=0x000002ed7281cb6c sp=0x000000f005cfc6d0
Event: 3.680 Thread 0x000002ed7d1f6480 DEOPT UNPACKING pc=0x000002ed72082b43 sp=0x000000f005cfbb90 mode 0

Classes unloaded (6 events):
Event: 8.746 Thread 0x000002ed7c693090 Unloading class 0x000002ed018a4800 'jdk/internal/reflect/GeneratedSerializationConstructorAccessor19'
Event: 8.746 Thread 0x000002ed7c693090 Unloading class 0x000002ed018a4000 'jdk/internal/reflect/GeneratedSerializationConstructorAccessor18'
Event: 9.341 Thread 0x000002ed7c693090 Unloading class 0x000002ed018a4800 'jdk/internal/reflect/GeneratedSerializationConstructorAccessor20'
Event: 10.103 Thread 0x000002ed7c693090 Unloading class 0x000002ed019c8000 'jdk/internal/reflect/GeneratedSerializationConstructorAccessor23'
Event: 10.103 Thread 0x000002ed7c693090 Unloading class 0x000002ed019bc000 'jdk/internal/reflect/GeneratedSerializationConstructorAccessor22'
Event: 10.103 Thread 0x000002ed7c693090 Unloading class 0x000002ed018a4800 'jdk/internal/reflect/GeneratedSerializationConstructorAccessor21'

Classes redefined (0 events):
No events

Internal exceptions (20 events):
Event: 7.896 Thread 0x000002ed7d1f6480 Exception <a 'java/lang/NoSuchMethodError'{0x0000000087bb1238}: 'java.lang.Object java.lang.invoke.DirectMethodHandle$Holder.invokeStatic(java.lang.Object, int, java.lang.Object)'> (0x0000000087bb1238) 
thrown [s\open\src\hotspot\share\interpreter\linkResolver.cpp, line 759]
Event: 7.901 Thread 0x000002ed7d1f6480 Exception <a 'java/lang/reflect/InvocationTargetException'{0x0000000087bedb48}> (0x0000000087bedb48) 
thrown [s\open\src\hotspot\share\runtime\reflection.cpp, line 1121]
Event: 7.905 Thread 0x000002ed7d1f6480 Exception <a 'java/lang/reflect/InvocationTargetException'{0x0000000086412e18}> (0x0000000086412e18) 
thrown [s\open\src\hotspot\share\runtime\reflection.cpp, line 1121]
Event: 7.906 Thread 0x000002ed7d1f6480 Exception <a 'java/lang/reflect/InvocationTargetException'{0x00000000864227b8}> (0x00000000864227b8) 
thrown [s\open\src\hotspot\share\runtime\reflection.cpp, line 1121]
Event: 7.924 Thread 0x000002ed7d1f6480 Exception <a 'java/lang/reflect/InvocationTargetException'{0x00000000863cf518}> (0x00000000863cf518) 
thrown [s\open\src\hotspot\share\runtime\reflection.cpp, line 1121]
Event: 7.924 Thread 0x000002ed7d1f6480 Exception <a 'java/lang/reflect/InvocationTargetException'{0x00000000863d9498}> (0x00000000863d9498) 
thrown [s\open\src\hotspot\share\runtime\reflection.cpp, line 1121]
Event: 7.925 Thread 0x000002ed7d1f6480 Exception <a 'java/lang/reflect/InvocationTargetException'{0x00000000863e3fe8}> (0x00000000863e3fe8) 
thrown [s\open\src\hotspot\share\runtime\reflection.cpp, line 1121]
Event: 7.926 Thread 0x000002ed7d1f6480 Exception <a 'java/lang/reflect/InvocationTargetException'{0x00000000863ef8f0}> (0x00000000863ef8f0) 
thrown [s\open\src\hotspot\share\runtime\reflection.cpp, line 1121]
Event: 7.927 Thread 0x000002ed7d1f6480 Exception <a 'java/lang/reflect/InvocationTargetException'{0x0000000086200a80}> (0x0000000086200a80) 
thrown [s\open\src\hotspot\share\runtime\reflection.cpp, line 1121]
Event: 7.928 Thread 0x000002ed7d1f6480 Exception <a 'java/lang/reflect/InvocationTargetException'{0x000000008620bd08}> (0x000000008620bd08) 
thrown [s\open\src\hotspot\share\runtime\reflection.cpp, line 1121]
Event: 7.929 Thread 0x000002ed7d1f6480 Exception <a 'java/lang/reflect/InvocationTargetException'{0x0000000086218f98}> (0x0000000086218f98) 
thrown [s\open\src\hotspot\share\runtime\reflection.cpp, line 1121]
Event: 7.930 Thread 0x000002ed7d1f6480 Exception <a 'java/lang/reflect/InvocationTargetException'{0x0000000086223228}> (0x0000000086223228) 
thrown [s\open\src\hotspot\share\runtime\reflection.cpp, line 1121]
Event: 7.932 Thread 0x000002ed7d1f6480 Exception <a 'java/lang/reflect/InvocationTargetException'{0x000000008623f8f8}> (0x000000008623f8f8) 
thrown [s\open\src\hotspot\share\runtime\reflection.cpp, line 1121]
Event: 7.933 Thread 0x000002ed7d1f6480 Exception <a 'java/lang/reflect/InvocationTargetException'{0x000000008624a460}> (0x000000008624a460) 
thrown [s\open\src\hotspot\share\runtime\reflection.cpp, line 1121]
Event: 7.935 Thread 0x000002ed7d1f6480 Exception <a 'java/lang/reflect/InvocationTargetException'{0x000000008625a478}> (0x000000008625a478) 
thrown [s\open\src\hotspot\share\runtime\reflection.cpp, line 1121]
Event: 7.936 Thread 0x000002ed7d1f6480 Exception <a 'java/lang/reflect/InvocationTargetException'{0x00000000862690d0}> (0x00000000862690d0) 
thrown [s\open\src\hotspot\share\runtime\reflection.cpp, line 1121]
Event: 7.953 Thread 0x000002ed7d1f6480 Exception <a 'java/lang/NoSuchMethodError'{0x0000000086166c38}: 'int java.lang.invoke.DirectMethodHandle$Holder.invokeStaticInit(java.lang.Object, int, java.lang.Object, java.lang.Object, java.lang.Object, java.lang.Object)'> (0x0000000086166c38) 
thrown [s\open\src\hotspot\share\interpreter\linkResolver.cpp, line 759]
Event: 7.986 Thread 0x000002ed7c6b9d30 Exception <a 'java/lang/reflect/InvocationTargetException'{0x0000000085f82388}> (0x0000000085f82388) 
thrown [s\open\src\hotspot\share\runtime\reflection.cpp, line 1121]
Event: 8.489 Thread 0x000002ed7c6b9d30 Exception <a 'java/lang/reflect/InvocationTargetException'{0x0000000085c073e0}> (0x0000000085c073e0) 
thrown [s\open\src\hotspot\share\runtime\reflection.cpp, line 1121]
Event: 9.750 Thread 0x000002ed7d1f6480 Exception <a 'sun/nio/fs/WindowsException'{0x000000008aeb8fe0}> (0x000000008aeb8fe0) 
thrown [s\open\src\hotspot\share\prims\jni.cpp, line 516]

VM Operations (20 events):
Event: 9.327 Executing VM operation: G1CollectForAllocation done
Event: 9.340 Executing VM operation: G1Concurrent
Event: 9.347 Executing VM operation: G1Concurrent done
Event: 9.392 Executing VM operation: G1Concurrent
Event: 9.392 Executing VM operation: G1Concurrent done
Event: 9.865 Executing VM operation: G1CollectForAllocation
Event: 9.879 Executing VM operation: G1CollectForAllocation done
Event: 9.886 Executing VM operation: G1CollectForAllocation
Event: 9.898 Executing VM operation: G1CollectForAllocation done
Event: 10.056 Executing VM operation: G1CollectForAllocation
Event: 10.062 Executing VM operation: G1CollectForAllocation done
Event: 10.102 Executing VM operation: G1Concurrent
Event: 10.108 Executing VM operation: G1Concurrent done
Event: 10.131 Executing VM operation: G1Concurrent
Event: 10.131 Executing VM operation: G1Concurrent done
Event: 10.210 Executing VM operation: G1CollectForAllocation
Event: 10.215 Executing VM operation: G1CollectForAllocation done
Event: 10.237 Executing VM operation: G1CollectForAllocation
Event: 10.239 Executing VM operation: G1CollectForAllocation done
Event: 10.262 Executing VM operation: G1CollectForAllocation

Events (20 events):
Event: 8.218 loading class java/util/ArrayList$ListItr
Event: 8.218 loading class java/util/ArrayList$ListItr done
Event: 8.942 loading class sun/reflect/generics/tree/IntSignature
Event: 8.942 loading class sun/reflect/generics/tree/IntSignature done
Event: 9.684 loading class java/util/LinkedList$LLSpliterator
Event: 9.684 loading class java/util/LinkedList$LLSpliterator done
Event: 9.719 loading class jdk/internal/loader/BootLoader$PackageHelper
Event: 9.719 loading class jdk/internal/loader/BootLoader$PackageHelper done
Event: 9.806 loading class java/util/EnumMap$EntrySet
Event: 9.806 loading class java/util/EnumMap$EntrySet done
Event: 9.806 loading class java/util/EnumMap$EntryIterator
Event: 9.806 loading class java/util/EnumMap$EnumMapIterator
Event: 9.806 loading class java/util/EnumMap$EnumMapIterator done
Event: 9.806 loading class java/util/EnumMap$EntryIterator done
Event: 9.842 loading class java/time/Duration$1
Event: 9.842 loading class java/time/Duration$1 done
Event: 9.853 loading class java/security/InvalidKeyException
Event: 9.853 loading class java/security/KeyException
Event: 9.854 loading class java/security/KeyException done
Event: 9.854 loading class java/security/InvalidKeyException done


Dynamic libraries:
0x00007ff779ee0000 - 0x00007ff779ef0000 	C:\Program Files\Java\jdk-17\bin\javaw.exe
0x00007ffd57d70000 - 0x00007ffd57f68000 	C:\Windows\SYSTEM32\ntdll.dll
0x00007ffd55e50000 - 0x00007ffd55f12000 	C:\Windows\System32\KERNEL32.DLL
0x00007ffd55900000 - 0x00007ffd55bf7000 	C:\Windows\System32\KERNELBASE.dll
0x00007ffd55c90000 - 0x00007ffd55d90000 	C:\Windows\System32\ucrtbase.dll
0x00007ffd4f350000 - 0x00007ffd4f36b000 	C:\Program Files\Java\jdk-17\bin\VCRUNTIME140.dll
0x00007ffd4e940000 - 0x00007ffd4e959000 	C:\Program Files\Java\jdk-17\bin\jli.dll
0x00007ffd55d90000 - 0x00007ffd55e41000 	C:\Windows\System32\ADVAPI32.dll
0x00007ffd56770000 - 0x00007ffd5680e000 	C:\Windows\System32\msvcrt.dll
0x00007ffd579e0000 - 0x00007ffd57a7f000 	C:\Windows\System32\sechost.dll
0x00007ffd56580000 - 0x00007ffd566a6000 	C:\Windows\System32\RPCRT4.dll
0x00007ffd55550000 - 0x00007ffd55577000 	C:\Windows\System32\bcrypt.dll
0x00007ffd568b0000 - 0x00007ffd56a4d000 	C:\Windows\System32\USER32.dll
0x00007ffd55760000 - 0x00007ffd55782000 	C:\Windows\System32\win32u.dll
0x00007ffd56dc0000 - 0x00007ffd56deb000 	C:\Windows\System32\GDI32.dll
0x00007ffd557e0000 - 0x00007ffd558f9000 	C:\Windows\System32\gdi32full.dll
0x00007ffd554b0000 - 0x00007ffd5554d000 	C:\Windows\System32\msvcp_win.dll
0x00007ffd47770000 - 0x00007ffd47a0a000 	C:\Windows\WinSxS\amd64_microsoft.windows.common-controls_6595b64144ccf1df_6.0.19041.5915_none_60b4b9d171f9c7c7\COMCTL32.dll
0x00007ffd4f970000 - 0x00007ffd4f97a000 	C:\Windows\SYSTEM32\VERSION.dll
0x00007ffd56b30000 - 0x00007ffd56b5f000 	C:\Windows\System32\IMM32.DLL
0x00007ffd4af70000 - 0x00007ffd4af7c000 	C:\Program Files\Java\jdk-17\bin\vcruntime140_1.dll
0x00007ffd459a0000 - 0x00007ffd45a2e000 	C:\Program Files\Java\jdk-17\bin\msvcp140.dll
0x00007ffd0dd80000 - 0x00007ffd0e961000 	C:\Program Files\Java\jdk-17\bin\server\jvm.dll
0x00007ffd56bc0000 - 0x00007ffd56bc8000 	C:\Windows\System32\PSAPI.DLL
0x00007ffd3dc60000 - 0x00007ffd3dc69000 	C:\Windows\SYSTEM32\WSOCK32.dll
0x00007ffd42c80000 - 0x00007ffd42ca7000 	C:\Windows\SYSTEM32\WINMM.dll
0x00007ffd57560000 - 0x00007ffd575cb000 	C:\Windows\System32\WS2_32.dll
0x00007ffd532a0000 - 0x00007ffd532b2000 	C:\Windows\SYSTEM32\kernel.appcore.dll
0x00007ffd4af60000 - 0x00007ffd4af6a000 	C:\Program Files\Java\jdk-17\bin\jimage.dll
0x00007ffd43900000 - 0x00007ffd43b01000 	C:\Windows\SYSTEM32\DBGHELP.DLL
0x00007ffd3e300000 - 0x00007ffd3e334000 	C:\Windows\SYSTEM32\dbgcore.DLL
0x00007ffd55c00000 - 0x00007ffd55c82000 	C:\Windows\System32\bcryptPrimitives.dll
0x00007ffd4a600000 - 0x00007ffd4a625000 	C:\Program Files\Java\jdk-17\bin\java.dll
0x00007ffd32660000 - 0x00007ffd32737000 	C:\Program Files\Java\jdk-17\bin\jsvml.dll
0x00007ffd56df0000 - 0x00007ffd5755e000 	C:\Windows\System32\SHELL32.dll
0x00007ffd534a0000 - 0x00007ffd53c44000 	C:\Windows\SYSTEM32\windows.storage.dll
0x00007ffd575d0000 - 0x00007ffd57923000 	C:\Windows\System32\combase.dll
0x00007ffd54dc0000 - 0x00007ffd54deb000 	C:\Windows\SYSTEM32\Wldp.dll
0x00007ffd55f20000 - 0x00007ffd55fed000 	C:\Windows\System32\OLEAUT32.dll
0x00007ffd56d00000 - 0x00007ffd56dad000 	C:\Windows\System32\SHCORE.dll
0x00007ffd57b20000 - 0x00007ffd57b7b000 	C:\Windows\System32\shlwapi.dll
0x00007ffd55330000 - 0x00007ffd55354000 	C:\Windows\SYSTEM32\profapi.dll
0x00007ffd4af40000 - 0x00007ffd4af59000 	C:\Program Files\Java\jdk-17\bin\net.dll
0x00007ffd4f160000 - 0x00007ffd4f26a000 	C:\Windows\SYSTEM32\WINHTTP.dll
0x00007ffd54ac0000 - 0x00007ffd54b2a000 	C:\Windows\system32\mswsock.dll
0x00007ffd4a6f0000 - 0x00007ffd4a706000 	C:\Program Files\Java\jdk-17\bin\nio.dll
0x00007ffd4a5e0000 - 0x00007ffd4a5f8000 	C:\Program Files\Java\jdk-17\bin\zip.dll
0x00007ffd4a720000 - 0x00007ffd4a72a000 	C:\Program Files\Java\jdk-17\bin\management.dll
0x00007ffd4a5d0000 - 0x00007ffd4a5db000 	C:\Program Files\Java\jdk-17\bin\management_ext.dll
0x00007ffd41940000 - 0x00007ffd41957000 	C:\Windows\system32\napinsp.dll
0x00007ffd41920000 - 0x00007ffd4193b000 	C:\Windows\system32\pnrpnsp.dll
0x00007ffd41900000 - 0x00007ffd4191d000 	C:\Windows\system32\wshbth.dll
0x00007ffd52440000 - 0x00007ffd5245d000 	C:\Windows\system32\NLAapi.dll
0x00007ffd547a0000 - 0x00007ffd547db000 	C:\Windows\SYSTEM32\IPHLPAPI.DLL
0x00007ffd547e0000 - 0x00007ffd548aa000 	C:\Windows\SYSTEM32\DNSAPI.dll
0x00007ffd56810000 - 0x00007ffd56818000 	C:\Windows\System32\NSI.dll
0x00007ffd418e0000 - 0x00007ffd418f2000 	C:\Windows\System32\winrnr.dll
0x00007ffd4f270000 - 0x00007ffd4f27a000 	C:\Windows\System32\rasadhlp.dll
0x00007ffd4d240000 - 0x00007ffd4d2c0000 	C:\Windows\System32\fwpuclnt.dll
0x00007ffd54cb0000 - 0x00007ffd54cc8000 	C:\Windows\SYSTEM32\CRYPTSP.dll
0x00007ffd543e0000 - 0x00007ffd54418000 	C:\Windows\system32\rsaenh.dll
0x00007ffd552f0000 - 0x00007ffd5531e000 	C:\Windows\SYSTEM32\USERENV.dll
0x00007ffd54cd0000 - 0x00007ffd54cdc000 	C:\Windows\SYSTEM32\CRYPTBASE.dll
0x00007ffd4fce0000 - 0x00007ffd4fcf7000 	C:\Windows\SYSTEM32\dhcpcsvc6.DLL
0x00007ffd4fcb0000 - 0x00007ffd4fccd000 	C:\Windows\SYSTEM32\dhcpcsvc.DLL
0x00007ffd4a580000 - 0x00007ffd4a58e000 	C:\Program Files\Java\jdk-17\bin\sunmscapi.dll
0x00007ffd55580000 - 0x00007ffd556dd000 	C:\Windows\System32\CRYPT32.dll
0x00007ffd54e30000 - 0x00007ffd54e57000 	C:\Windows\SYSTEM32\ncrypt.dll
0x00007ffd54df0000 - 0x00007ffd54e2b000 	C:\Windows\SYSTEM32\NTASN1.dll
0x00007ffd4a570000 - 0x00007ffd4a580000 	C:\Program Files\Java\jdk-17\bin\verify.dll

dbghelp: loaded successfully - version: 4.0.5 - missing functions: none
symbol engine: initialized successfully - sym options: 0x614 - pdb path: .;C:\Program Files\Java\jdk-17\bin;C:\Windows\SYSTEM32;C:\Windows\WinSxS\amd64_microsoft.windows.common-controls_6595b64144ccf1df_6.0.19041.5915_none_60b4b9d171f9c7c7;C:\Program Files\Java\jdk-17\bin\server

VM Arguments:
jvm_args: -Dcom.sun.management.jmxremote -Dcom.sun.management.jmxremote.port=9621 -Dcom.sun.management.jmxremote.authenticate=false -Dcom.sun.management.jmxremote.ssl=false -Djava.rmi.server.hostname=localhost -Dspring.jmx.enabled=true -Dmanagement.endpoints.jmx.exposure.include=* -Dspring.application.admin.enabled=true -Dspring.output.ansi.enabled=always -XX:TieredStopAtLevel=1 -Dspring.boot.project.name=backend -Dfile.encoding=UTF-8 -Dstdout.encoding=UTF-8 -Dstderr.encoding=UTF-8 -XX:+ShowCodeDetailsInExceptionMessages 
java_command: com.project.TeamProjectApplication
java_class_path (initial): C:\Users\JA306\git\TeamProject_main\Project\backend\target\classes;C:\Users\JA306\.m2\repository\org\springframework\boot\spring-boot-starter-data-jpa\3.5.3\spring-boot-starter-data-jpa-3.5.3.jar;C:\Users\JA306\.m2\repository\org\springframework\boot\spring-boot-starter\3.5.3\spring-boot-starter-3.5.3.jar;C:\Users\JA306\.m2\repository\org\springframework\boot\spring-boot-starter-logging\3.5.3\spring-boot-starter-logging-3.5.3.jar;C:\Users\JA306\.m2\repository\ch\qos\logback\logback-classic\1.5.18\logback-classic-1.5.18.jar;C:\Users\JA306\.m2\repository\ch\qos\logback\logback-core\1.5.18\logback-core-1.5.18.jar;C:\Users\JA306\.m2\repository\org\apache\logging\log4j\log4j-to-slf4j\2.24.3\log4j-to-slf4j-2.24.3.jar;C:\Users\JA306\.m2\repository\org\apache\logging\log4j\log4j-api\2.24.3\log4j-api-2.24.3.jar;C:\Users\JA306\.m2\repository\org\slf4j\jul-to-slf4j\2.0.17\jul-to-slf4j-2.0.17.jar;C:\Users\JA306\.m2\repository\jakarta\annotation\jakarta.annotation-api\2.1.1\jakarta.annotation-api-2.1.1.jar;C:\Users\JA306\.m2\repository\org\yaml\snakeyaml\2.4\snakeyaml-2.4.jar;C:\Users\JA306\.m2\repository\org\springframework\boot\spring-boot-starter-jdbc\3.5.3\spring-boot-starter-jdbc-3.5.3.jar;C:\Users\JA306\.m2\repository\com\zaxxer\HikariCP\6.3.0\HikariCP-6.3.0.jar;C:\Users\JA306\.m2\repository\org\springframework\spring-jdbc\6.2.8\spring-jdbc-6.2.8.jar;C:\Users\JA306\.m2\repository\org\hibernate\orm\hibernate-core\6.6.18.Final\hibernate-core-6.6.18.Final.jar;C:\Users\JA306\.m2\repository\jakarta\persistence\jakarta.persistence-api\3.1.0\jakarta.persistence-api-3.1.0.jar;C:\Users\JA306\.m2\repository\jakarta\transaction\jakarta.transaction-api\2.0.1\jakarta.transaction-api-2.0.1.jar;C:\Users\JA306\.m2\repository\org\jboss\logging\jboss-logging\3.6.1.Final\jboss-logging-3.6.1.Final.jar;C:\Users\JA306\.m2\repository\org\hibernate\common\hibernate-commons-annotations\7.0.3.Final\hibernate-commons-annotations-7.0.3.Final.jar;C:\Users\JA306\.m2\reposit
Launcher Type: SUN_STANDARD

[Global flags]
     intx CICompilerCount                          = 4                                         {product} {ergonomic}
     uint ConcGCThreads                            = 2                                         {product} {ergonomic}
     uint G1ConcRefinementThreads                  = 8                                         {product} {ergonomic}
   size_t G1HeapRegionSize                         = 1048576                                   {product} {ergonomic}
    uintx GCDrainStackTargetSize                   = 64                                        {product} {ergonomic}
   size_t InitialHeapSize                          = 132120576                                 {product} {ergonomic}
     bool ManagementServer                         = true                                      {product} {command line}
   size_t MarkStackSize                            = 4194304                                   {product} {ergonomic}
   size_t MaxHeapSize                              = 2113929216                                {product} {ergonomic}
   size_t MaxNewSize                               = 1267728384                                {product} {ergonomic}
   size_t MinHeapDeltaBytes                        = 1048576                                   {product} {ergonomic}
   size_t MinHeapSize                              = 8388608                                   {product} {ergonomic}
    uintx NonProfiledCodeHeapSize                  = 0                                      {pd product} {ergonomic}
     bool ProfileInterpreter                       = false                                  {pd product} {command line}
    uintx ProfiledCodeHeapSize                     = 0                                      {pd product} {ergonomic}
     bool ShowCodeDetailsInExceptionMessages       = true                                   {manageable} {command line}
   size_t SoftMaxHeapSize                          = 2113929216                             {manageable} {ergonomic}
     intx TieredStopAtLevel                        = 1                                         {product} {command line}
     bool UseCompressedClassPointers               = true                           {product lp64_product} {ergonomic}
     bool UseCompressedOops                        = true                           {product lp64_product} {ergonomic}
     bool UseG1GC                                  = true                                      {product} {ergonomic}
     bool UseLargePagesIndividualAllocation        = false                                  {pd product} {ergonomic}

Logging:
Log output configuration:
 #0: stdout all=warning uptime,level,tags
 #1: stderr all=off uptime,level,tags

Environment Variables:
JAVA_HOME=C:\Program Files\Java\jdk-17
PATH=C:/Users/JA306/Desktop/sts-4.30.0.RELEASE//plugins/org.eclipse.justj.openjdk.hotspot.jre.full.win32.x86_64_21.0.6.v20250130-0529/jre/bin/server;C:/Users/JA306/Desktop/sts-4.30.0.RELEASE//plugins/org.eclipse.justj.openjdk.hotspot.jre.full.win32.x86_64_21.0.6.v20250130-0529/jre/bin;C:\Python313\Scripts\;C:\Python313\;C:\Program Files\Java\jdk-17\bin;C:\oraclexe\app\oracle\product\11.2.0\server\bin;C:\Program Files\Common Files\Oracle\Java\javapath;C:\Windows\system32;C:\Windows;C:\Windows\System32\Wbem;C:\Windows\System32\WindowsPowerShell\v1.0\;C:\Windows\System32\OpenSSH\;C:\Program Files\Bandizip\;C:\spring\apache-maven-3.9.9\bin;C:\Program Files\nodejs\;C:\ProgramData\chocolatey\bin;C:\Program Files\Git\cmd;C:\Users\JA306\anaconda3;C:\Users\JA306\anaconda3\Library\mingw-w64\bin;C:\Users\JA306\anaconda3\Library\usr\bin;C:\Users\JA306\anaconda3\Library\bin;C:\Users\JA306\anaconda3\Scripts;C:\Users\JA306\AppData\Local\Microsoft\WindowsApps;C:\Users\JA306\AppData\Local\Programs\Microsoft VS Code\bin;C:\Users\JA306\AppData\Roaming\npm;C:\Users\JA306\Desktop\sts-4.30.0.RELEASE;
USERNAME=JA306
OS=Windows_NT
PROCESSOR_IDENTIFIER=Intel64 Family 6 Model 60 Stepping 3, GenuineIntel



---------------  S Y S T E M  ---------------

OS:
 Windows 10 , 64 bit Build 19041 (10.0.19041.5915)
OS uptime: 3 days 7:05 hours

CPU: total 8 (initial active 8) (4 cores per cpu, 2 threads per core) family 6 model 60 stepping 3 microcode 0x27, cx8, cmov, fxsr, ht, mmx, sse, sse2, sse3, ssse3, sse4.1, sse4.2, popcnt, lzcnt, tsc, tscinvbit, avx, avx2, aes, erms, clmul, bmi1, bmi2, fma, vzeroupper, clflush

Memory: 4k page, system-wide physical 8057M (437M free)
TotalPageFile size 32633M (AvailPageFile size 256M)
current process WorkingSet (physical memory assigned to process): 329M, peak: 329M
current process commit charge ("private bytes"): 392M, peak: 690M

vm_info: Java HotSpot(TM) 64-Bit Server VM (17.0.14+8-LTS-191) for windows-amd64 JRE (17.0.14+8-LTS-191), built on Dec  3 2024 11:07:59 by "mach5one" with MS VC++ 17.6 (VS2022)

END.
